<?xml version="1.0" encoding="UTF-8"?>
<coverage generated="1747138781509" clover="3.2.0">
  <project timestamp="1747138781509" name="All files">
    <metrics statements="995" coveredstatements="686" conditionals="350" coveredconditionals="204" methods="182" coveredmethods="122" elements="1527" coveredelements="1012" complexity="0" loc="995" ncloc="995" packages="6" files="13" classes="13"/>
    <package name="src">
      <metrics statements="96" coveredstatements="77" conditionals="18" coveredconditionals="8" methods="37" coveredmethods="31"/>
      <file name="run-cache.ts" path="/Users/scoopa/Projects/run-cache/src/run-cache.ts">
        <metrics statements="96" coveredstatements="77" conditionals="18" coveredconditionals="8" methods="37" coveredmethods="31"/>
        <line num="1" count="9" type="stmt"/>
        <line num="2" count="9" type="stmt"/>
        <line num="3" count="9" type="stmt"/>
        <line num="9" count="30" type="stmt"/>
        <line num="12" count="9" type="stmt"/>
        <line num="26" count="9" type="cond" truecount="4" falsecount="0"/>
        <line num="29" count="9" type="stmt"/>
        <line num="31" count="9" type="stmt"/>
        <line num="33" count="0" type="stmt"/>
        <line num="37" count="9" type="stmt"/>
        <line num="38" count="0" type="stmt"/>
        <line num="40" count="0" type="cond" truecount="0" falsecount="1"/>
        <line num="41" count="0" type="stmt"/>
        <line num="46" count="0" type="cond" truecount="0" falsecount="3"/>
        <line num="47" count="0" type="stmt"/>
        <line num="53" count="9" type="cond" truecount="1" falsecount="3"/>
        <line num="56" count="0" type="stmt"/>
        <line num="57" count="0" type="stmt"/>
        <line num="60" count="0" type="stmt"/>
        <line num="66" count="0" type="cond" truecount="0" falsecount="3"/>
        <line num="67" count="0" type="stmt"/>
        <line num="111" count="9" type="stmt"/>
        <line num="113" count="9" type="stmt"/>
        <line num="114" count="9" type="stmt"/>
        <line num="117" count="9" type="stmt"/>
        <line num="118" count="9" type="stmt"/>
        <line num="120" count="9" type="stmt"/>
        <line num="129" count="77" type="cond" truecount="1" falsecount="0"/>
        <line num="130" count="76" type="stmt"/>
        <line num="131" count="76" type="stmt"/>
        <line num="132" count="76" type="stmt"/>
        <line num="133" count="76" type="stmt"/>
        <line num="135" count="0" type="stmt"/>
        <line num="138" count="0" type="stmt"/>
        <line num="141" count="77" type="stmt"/>
        <line num="149" count="750" type="cond" truecount="1" falsecount="0"/>
        <line num="150" count="68" type="stmt"/>
        <line num="197" count="190" type="stmt"/>
        <line num="198" count="190" type="stmt"/>
        <line num="210" count="18" type="stmt"/>
        <line num="211" count="18" type="stmt"/>
        <line num="226" count="121" type="stmt"/>
        <line num="227" count="121" type="stmt"/>
        <line num="240" count="7" type="stmt"/>
        <line num="241" count="7" type="stmt"/>
        <line num="251" count="125" type="stmt"/>
        <line num="252" count="125" type="stmt"/>
        <line num="265" count="8" type="stmt"/>
        <line num="266" count="8" type="stmt"/>
        <line num="277" count="7" type="stmt"/>
        <line num="278" count="7" type="stmt"/>
        <line num="293" count="6" type="stmt"/>
        <line num="294" count="6" type="stmt"/>
        <line num="305" count="6" type="stmt"/>
        <line num="306" count="6" type="stmt"/>
        <line num="321" count="2" type="stmt"/>
        <line num="322" count="2" type="stmt"/>
        <line num="333" count="1" type="stmt"/>
        <line num="334" count="1" type="stmt"/>
        <line num="347" count="2" type="stmt"/>
        <line num="348" count="2" type="stmt"/>
        <line num="368" count="120" type="stmt"/>
        <line num="369" count="120" type="stmt"/>
        <line num="382" count="105" type="stmt"/>
        <line num="383" count="105" type="stmt"/>
        <line num="395" count="5" type="stmt"/>
        <line num="396" count="5" type="stmt"/>
        <line num="406" count="76" type="cond" truecount="1" falsecount="0"/>
        <line num="407" count="75" type="stmt"/>
        <line num="410" count="75" type="stmt"/>
        <line num="418" count="76" type="stmt"/>
        <line num="419" count="76" type="stmt"/>
        <line num="430" count="5" type="stmt"/>
        <line num="431" count="5" type="stmt"/>
        <line num="439" count="5" type="stmt"/>
        <line num="440" count="5" type="stmt"/>
        <line num="451" count="5" type="stmt"/>
        <line num="452" count="5" type="stmt"/>
        <line num="463" count="5" type="stmt"/>
        <line num="464" count="5" type="stmt"/>
        <line num="476" count="3" type="stmt"/>
        <line num="477" count="3" type="stmt"/>
        <line num="487" count="1" type="stmt"/>
        <line num="488" count="1" type="stmt"/>
        <line num="499" count="1" type="stmt"/>
        <line num="500" count="1" type="stmt"/>
        <line num="510" count="1" type="stmt"/>
        <line num="511" count="1" type="stmt"/>
        <line num="522" count="1" type="stmt"/>
        <line num="523" count="1" type="stmt"/>
        <line num="531" count="0" type="stmt"/>
        <line num="532" count="0" type="stmt"/>
        <line num="540" count="0" type="stmt"/>
        <line num="541" count="0" type="stmt"/>
        <line num="549" count="0" type="stmt"/>
        <line num="550" count="0" type="stmt"/>
      </file>
    </package>
    <package name="src.core">
      <metrics statements="708" coveredstatements="532" conditionals="256" coveredconditionals="176" methods="90" coveredmethods="75"/>
      <file name="cache-store.ts" path="/Users/scoopa/Projects/run-cache/src/core/cache-store.ts">
        <metrics statements="513" coveredstatements="352" conditionals="196" coveredconditionals="125" methods="58" coveredmethods="43"/>
        <line num="1" count="9" type="stmt"/>
        <line num="3" count="9" type="stmt"/>
        <line num="4" count="9" type="stmt"/>
        <line num="5" count="9" type="stmt"/>
        <line num="6" count="9" type="stmt"/>
        <line num="7" count="9" type="stmt"/>
        <line num="10" count="9" type="stmt"/>
        <line num="18" count="13" type="cond" truecount="3" falsecount="0"/>
        <line num="20" count="13" type="stmt"/>
        <line num="23" count="0" type="stmt"/>
        <line num="70" count="9" type="stmt"/>
        <line num="85" count="100" type="stmt"/>
        <line num="87" count="100" type="stmt"/>
        <line num="96" count="100" type="stmt"/>
        <line num="103" count="100" type="stmt"/>
        <line num="104" count="100" type="stmt"/>
        <line num="105" count="100" type="stmt"/>
        <line num="106" count="100" type="stmt"/>
        <line num="109" count="100" type="stmt"/>
        <line num="110" count="100" type="stmt"/>
        <line num="113" count="100" type="cond" truecount="0" falsecount="1"/>
        <line num="114" count="0" type="stmt"/>
        <line num="126" count="100" type="stmt"/>
        <line num="129" count="100" type="cond" truecount="0" falsecount="1"/>
        <line num="130" count="0" type="stmt"/>
        <line num="131" count="0" type="stmt"/>
        <line num="133" count="0" type="stmt"/>
        <line num="137" count="100" type="stmt"/>
        <line num="160" count="215" type="cond" truecount="1" falsecount="0"/>
        <line num="161" count="2" type="stmt"/>
        <line num="162" count="2" type="stmt"/>
        <line num="165" count="213" type="cond" truecount="4" falsecount="0"/>
        <line num="166" count="2" type="stmt"/>
        <line num="167" count="2" type="stmt"/>
        <line num="170" count="211" type="cond" truecount="3" falsecount="0"/>
        <line num="171" count="1" type="stmt"/>
        <line num="172" count="1" type="stmt"/>
        <line num="176" count="210" type="stmt"/>
        <line num="177" count="210" type="stmt"/>
        <line num="179" count="2" type="stmt"/>
        <line num="180" count="2" type="stmt"/>
        <line num="184" count="208" type="cond" truecount="1" falsecount="0"/>
        <line num="185" count="8" type="cond" truecount="0" falsecount="1"/>
        <line num="186" count="0" type="stmt"/>
        <line num="187" count="0" type="stmt"/>
        <line num="191" count="8" type="stmt"/>
        <line num="193" count="8" type="stmt"/>
        <line num="195" count="10" type="cond" truecount="2" falsecount="1"/>
        <line num="196" count="0" type="stmt"/>
        <line num="197" count="0" type="stmt"/>
        <line num="201" count="10" type="stmt"/>
        <line num="204" count="10" type="cond" truecount="0" falsecount="1"/>
        <line num="205" count="0" type="stmt"/>
        <line num="206" count="0" type="stmt"/>
        <line num="209" count="10" type="stmt"/>
        <line num="214" count="208" type="cond" truecount="1" falsecount="0"/>
        <line num="215" count="9" type="cond" truecount="0" falsecount="1"/>
        <line num="216" count="0" type="stmt"/>
        <line num="217" count="0" type="stmt"/>
        <line num="221" count="9" type="stmt"/>
        <line num="223" count="9" type="stmt"/>
        <line num="225" count="9" type="cond" truecount="2" falsecount="1"/>
        <line num="226" count="0" type="stmt"/>
        <line num="227" count="0" type="stmt"/>
        <line num="231" count="9" type="cond" truecount="0" falsecount="1"/>
        <line num="232" count="0" type="stmt"/>
        <line num="233" count="0" type="stmt"/>
        <line num="236" count="9" type="stmt"/>
        <line num="240" count="9" type="cond" truecount="0" falsecount="1"/>
        <line num="241" count="0" type="stmt"/>
        <line num="245" count="0" type="stmt"/>
        <line num="249" count="208" type="stmt"/>
        <line num="251" count="208" type="stmt"/>
        <line num="262" count="208" type="stmt"/>
        <line num="263" count="208" type="cond" truecount="0" falsecount="1"/>
        <line num="264" count="0" type="stmt"/>
        <line num="265" count="0" type="stmt"/>
        <line num="268" count="208" type="stmt"/>
        <line num="270" count="208" type="cond" truecount="1" falsecount="0"/>
        <line num="271" count="27" type="stmt"/>
        <line num="272" count="27" type="stmt"/>
        <line num="273" count="23" type="stmt"/>
        <line num="274" count="23" type="stmt"/>
        <line num="285" count="23" type="cond" truecount="3" falsecount="0"/>
        <line num="286" count="4" type="stmt"/>
        <line num="287" count="4" type="stmt"/>
        <line num="288" count="2" type="stmt"/>
        <line num="295" count="208" type="stmt"/>
        <line num="297" count="208" type="cond" truecount="3" falsecount="0"/>
        <line num="298" count="20" type="stmt"/>
        <line num="299" count="20" type="stmt"/>
        <line num="300" count="20" type="stmt"/>
        <line num="301" count="19" type="stmt"/>
        <line num="303" count="1" type="stmt"/>
        <line num="304" count="1" type="stmt"/>
        <line num="309" count="207" type="stmt"/>
        <line num="310" count="207" type="stmt"/>
        <line num="319" count="207" type="stmt"/>
        <line num="320" count="207" type="cond" truecount="0" falsecount="1"/>
        <line num="321" count="0" type="stmt"/>
        <line num="322" count="0" type="stmt"/>
        <line num="324" count="207" type="stmt"/>
        <line num="325" count="207" type="stmt"/>
        <line num="327" count="0" type="stmt"/>
        <line num="328" count="0" type="stmt"/>
        <line num="333" count="207" type="cond" truecount="1" falsecount="1"/>
        <line num="334" count="207" type="cond" truecount="4" falsecount="0"/>
        <line num="338" count="5" type="stmt"/>
        <line num="339" count="5" type="stmt"/>
        <line num="343" count="207" type="cond" truecount="2" falsecount="0"/>
        <line num="344" count="207" type="cond" truecount="2" falsecount="0"/>
        <line num="347" count="207" type="cond" truecount="4" falsecount="0"/>
        <line num="348" count="207" type="cond" truecount="4" falsecount="0"/>
        <line num="350" count="207" type="stmt"/>
        <line num="366" count="207" type="stmt"/>
        <line num="374" count="207" type="stmt"/>
        <line num="375" count="207" type="stmt"/>
        <line num="383" count="126" type="stmt"/>
        <line num="384" count="126" type="cond" truecount="1" falsecount="0"/>
        <line num="386" count="126" type="stmt"/>
        <line num="387" count="126" type="stmt"/>
        <line num="388" count="126" type="stmt"/>
        <line num="389" count="126" type="stmt"/>
        <line num="390" count="126" type="stmt"/>
        <line num="392" count="126" type="stmt"/>
        <line num="397" count="126" type="stmt"/>
        <line num="405" count="338" type="cond" truecount="1" falsecount="1"/>
        <line num="406" count="338" type="cond" truecount="3" falsecount="0"/>
        <line num="407" count="326" type="stmt"/>
        <line num="411" count="12" type="cond" truecount="2" falsecount="0"/>
        <line num="413" count="12" type="cond" truecount="0" falsecount="1"/>
        <line num="414" count="0" type="stmt"/>
        <line num="417" count="12" type="stmt"/>
        <line num="421" count="12" type="stmt"/>
        <line num="423" count="12" type="cond" truecount="4" falsecount="0"/>
        <line num="425" count="3" type="stmt"/>
        <line num="429" count="3" type="stmt"/>
        <line num="431" count="2" type="stmt"/>
        <line num="435" count="2" type="stmt"/>
        <line num="439" count="7" type="stmt"/>
        <line num="440" count="7" type="stmt"/>
        <line num="444" count="12" type="stmt"/>
        <line num="445" count="5" type="stmt"/>
        <line num="453" count="30" type="cond" truecount="0" falsecount="1"/>
        <line num="454" count="0" type="cond" truecount="0" falsecount="2"/>
        <line num="457" count="30" type="stmt"/>
        <line num="459" count="30" type="stmt"/>
        <line num="461" count="30" type="stmt"/>
        <line num="462" count="154" type="cond" truecount="1" falsecount="0"/>
        <line num="463" count="48" type="stmt"/>
        <line num="467" count="30" type="stmt"/>
        <line num="468" count="30" type="stmt"/>
        <line num="475" count="143" type="cond" truecount="1" falsecount="0"/>
        <line num="476" count="2" type="stmt"/>
        <line num="477" count="2" type="stmt"/>
        <line num="480" count="141" type="stmt"/>
        <line num="482" count="141" type="stmt"/>
        <line num="484" count="141" type="cond" truecount="1" falsecount="0"/>
        <line num="485" count="17" type="stmt"/>
        <line num="486" count="17" type="cond" truecount="1" falsecount="0"/>
        <line num="487" count="1" type="stmt"/>
        <line num="488" count="1" type="stmt"/>
        <line num="492" count="16" type="stmt"/>
        <line num="494" count="27" type="stmt"/>
        <line num="495" count="27" type="stmt"/>
        <line num="497" count="0" type="stmt"/>
        <line num="498" count="0" type="stmt"/>
        <line num="504" count="27" type="stmt"/>
        <line num="506" count="16" type="cond" truecount="1" falsecount="1"/>
        <line num="510" count="124" type="stmt"/>
        <line num="517" count="151" type="stmt"/>
        <line num="519" count="151" type="cond" truecount="1" falsecount="0"/>
        <line num="520" count="33" type="stmt"/>
        <line num="521" count="33" type="stmt"/>
        <line num="525" count="118" type="cond" truecount="3" falsecount="0"/>
        <line num="526" count="2" type="stmt"/>
        <line num="529" count="2" type="cond" truecount="1" falsecount="2"/>
        <line num="531" count="0" type="cond" truecount="0" falsecount="2"/>
        <line num="532" count="0" type="stmt"/>
        <line num="535" count="0" type="stmt"/>
        <line num="536" count="0" type="stmt"/>
        <line num="539" count="0" type="stmt"/>
        <line num="543" count="0" type="stmt"/>
        <line num="546" count="0" type="stmt"/>
        <line num="555" count="0" type="stmt"/>
        <line num="556" count="0" type="cond" truecount="0" falsecount="1"/>
        <line num="557" count="0" type="stmt"/>
        <line num="558" count="0" type="stmt"/>
        <line num="560" count="0" type="stmt"/>
        <line num="564" count="2" type="stmt"/>
        <line num="565" count="2" type="stmt"/>
        <line num="566" count="2" type="stmt"/>
        <line num="570" count="116" type="stmt"/>
        <line num="571" count="116" type="stmt"/>
        <line num="572" count="116" type="stmt"/>
        <line num="575" count="116" type="stmt"/>
        <line num="584" count="116" type="stmt"/>
        <line num="585" count="116" type="cond" truecount="0" falsecount="1"/>
        <line num="586" count="0" type="stmt"/>
        <line num="587" count="0" type="stmt"/>
        <line num="589" count="116" type="stmt"/>
        <line num="597" count="21" type="cond" truecount="1" falsecount="0"/>
        <line num="598" count="5" type="stmt"/>
        <line num="599" count="5" type="stmt"/>
        <line num="600" count="5" type="cond" truecount="1" falsecount="0"/>
        <line num="601" count="1" type="stmt"/>
        <line num="602" count="1" type="stmt"/>
        <line num="605" count="4" type="stmt"/>
        <line num="607" count="4" type="stmt"/>
        <line num="609" count="4" type="stmt"/>
        <line num="611" count="11" type="stmt"/>
        <line num="612" count="11" type="stmt"/>
        <line num="614" count="0" type="stmt"/>
        <line num="616" count="0" type="stmt"/>
        <line num="622" count="4" type="stmt"/>
        <line num="623" count="4" type="cond" truecount="1" falsecount="1"/>
        <line num="624" count="4" type="stmt"/>
        <line num="626" count="0" type="stmt"/>
        <line num="627" count="0" type="stmt"/>
        <line num="632" count="16" type="stmt"/>
        <line num="639" count="31" type="stmt"/>
        <line num="641" count="31" type="cond" truecount="1" falsecount="0"/>
        <line num="642" count="2" type="stmt"/>
        <line num="643" count="2" type="stmt"/>
        <line num="646" count="29" type="cond" truecount="1" falsecount="0"/>
        <line num="647" count="2" type="stmt"/>
        <line num="648" count="2" type="stmt"/>
        <line num="652" count="27" type="cond" truecount="1" falsecount="0"/>
        <line num="653" count="2" type="stmt"/>
        <line num="654" count="2" type="stmt"/>
        <line num="658" count="25" type="stmt"/>
        <line num="659" count="25" type="stmt"/>
        <line num="661" count="25" type="stmt"/>
        <line num="662" count="25" type="stmt"/>
        <line num="666" count="25" type="stmt"/>
        <line num="667" count="25" type="stmt"/>
        <line num="669" count="4" type="stmt"/>
        <line num="672" count="4" type="stmt"/>
        <line num="683" count="4" type="stmt"/>
        <line num="684" count="4" type="stmt"/>
        <line num="687" count="4" type="stmt"/>
        <line num="691" count="21" type="stmt"/>
        <line num="694" count="21" type="stmt"/>
        <line num="705" count="21" type="stmt"/>
        <line num="714" count="21" type="stmt"/>
        <line num="715" count="21" type="cond" truecount="0" falsecount="1"/>
        <line num="716" count="0" type="stmt"/>
        <line num="717" count="0" type="stmt"/>
        <line num="719" count="21" type="stmt"/>
        <line num="722" count="21" type="cond" truecount="1" falsecount="0"/>
        <line num="723" count="8" type="stmt"/>
        <line num="729" count="21" type="cond" truecount="1" falsecount="0"/>
        <line num="730" count="8" type="stmt"/>
        <line num="731" count="0" type="stmt"/>
        <line num="732" count="0" type="stmt"/>
        <line num="742" count="0" type="cond" truecount="0" falsecount="1"/>
        <line num="743" count="0" type="stmt"/>
        <line num="744" count="0" type="stmt"/>
        <line num="745" count="0" type="stmt"/>
        <line num="752" count="21" type="stmt"/>
        <line num="760" count="21" type="stmt"/>
        <line num="762" count="21" type="stmt"/>
        <line num="765" count="4" type="cond" truecount="2" falsecount="1"/>
        <line num="766" count="0" type="stmt"/>
        <line num="769" count="0" type="stmt"/>
        <line num="770" count="0" type="stmt"/>
        <line num="774" count="4" type="stmt"/>
        <line num="782" count="10" type="cond" truecount="1" falsecount="0"/>
        <line num="783" count="4" type="stmt"/>
        <line num="784" count="4" type="stmt"/>
        <line num="785" count="4" type="cond" truecount="1" falsecount="0"/>
        <line num="786" count="1" type="stmt"/>
        <line num="787" count="1" type="stmt"/>
        <line num="790" count="3" type="stmt"/>
        <line num="792" count="3" type="stmt"/>
        <line num="793" count="3" type="stmt"/>
        <line num="794" count="7" type="stmt"/>
        <line num="795" count="7" type="cond" truecount="2" falsecount="0"/>
        <line num="797" count="3" type="stmt"/>
        <line num="800" count="6" type="stmt"/>
        <line num="807" count="33" type="stmt"/>
        <line num="808" count="33" type="cond" truecount="1" falsecount="0"/>
        <line num="809" count="2" type="stmt"/>
        <line num="810" count="2" type="stmt"/>
        <line num="813" count="31" type="cond" truecount="1" falsecount="0"/>
        <line num="814" count="3" type="stmt"/>
        <line num="815" count="3" type="stmt"/>
        <line num="818" count="31" type="stmt"/>
        <line num="819" count="31" type="stmt"/>
        <line num="826" count="148" type="stmt"/>
        <line num="827" count="148" type="stmt"/>
        <line num="829" count="148" type="stmt"/>
        <line num="831" count="148" type="stmt"/>
        <line num="832" count="28" type="cond" truecount="0" falsecount="1"/>
        <line num="833" count="0" type="stmt"/>
        <line num="837" count="148" type="stmt"/>
        <line num="838" count="148" type="stmt"/>
        <line num="845" count="12" type="cond" truecount="1" falsecount="0"/>
        <line num="846" count="4" type="stmt"/>
        <line num="847" count="4" type="stmt"/>
        <line num="849" count="4" type="stmt"/>
        <line num="850" count="2" type="stmt"/>
        <line num="851" count="2" type="cond" truecount="1" falsecount="0"/>
        <line num="852" count="2" type="stmt"/>
        <line num="853" count="2" type="stmt"/>
        <line num="857" count="2" type="stmt"/>
        <line num="858" count="2" type="stmt"/>
        <line num="861" count="8" type="stmt"/>
        <line num="868" count="14" type="stmt"/>
        <line num="870" count="14" type="cond" truecount="1" falsecount="0"/>
        <line num="871" count="3" type="stmt"/>
        <line num="874" count="11" type="cond" truecount="3" falsecount="0"/>
        <line num="875" count="1" type="stmt"/>
        <line num="886" count="1" type="cond" truecount="1" falsecount="0"/>
        <line num="887" count="1" type="stmt"/>
        <line num="888" count="1" type="stmt"/>
        <line num="890" count="1" type="stmt"/>
        <line num="891" count="1" type="stmt"/>
        <line num="893" count="1" type="stmt"/>
        <line num="897" count="10" type="stmt"/>
        <line num="898" count="10" type="stmt"/>
        <line num="906" count="107" type="stmt"/>
        <line num="912" count="107" type="stmt"/>
        <line num="915" count="107" type="cond" truecount="0" falsecount="1"/>
        <line num="917" count="0" type="cond" truecount="0" falsecount="1"/>
        <line num="918" count="0" type="stmt"/>
        <line num="919" count="0" type="stmt"/>
        <line num="921" count="0" type="stmt"/>
        <line num="925" count="0" type="cond" truecount="0" falsecount="2"/>
        <line num="928" count="0" type="cond" truecount="0" falsecount="1"/>
        <line num="929" count="0" type="stmt"/>
        <line num="933" count="0" type="stmt"/>
        <line num="934" count="0" type="stmt"/>
        <line num="936" count="0" type="stmt"/>
        <line num="945" count="8" type="stmt"/>
        <line num="952" count="7" type="stmt"/>
        <line num="959" count="6" type="cond" truecount="0" falsecount="1"/>
        <line num="960" count="0" type="stmt"/>
        <line num="961" count="0" type="stmt"/>
        <line num="963" count="6" type="stmt"/>
        <line num="970" count="6" type="stmt"/>
        <line num="977" count="2" type="cond" truecount="0" falsecount="1"/>
        <line num="978" count="0" type="stmt"/>
        <line num="979" count="0" type="stmt"/>
        <line num="981" count="2" type="stmt"/>
        <line num="988" count="1" type="stmt"/>
        <line num="995" count="2" type="cond" truecount="0" falsecount="1"/>
        <line num="996" count="0" type="stmt"/>
        <line num="997" count="0" type="stmt"/>
        <line num="999" count="2" type="stmt"/>
        <line num="1006" count="1" type="stmt"/>
        <line num="1013" count="1" type="cond" truecount="0" falsecount="1"/>
        <line num="1014" count="0" type="stmt"/>
        <line num="1015" count="0" type="stmt"/>
        <line num="1017" count="1" type="stmt"/>
        <line num="1024" count="1" type="stmt"/>
        <line num="1031" count="1" type="cond" truecount="0" falsecount="1"/>
        <line num="1032" count="0" type="stmt"/>
        <line num="1033" count="0" type="stmt"/>
        <line num="1035" count="1" type="stmt"/>
        <line num="1042" count="217" type="stmt"/>
        <line num="1049" count="0" type="stmt"/>
        <line num="1050" count="0" type="stmt"/>
        <line num="1051" count="0" type="stmt"/>
        <line num="1065" count="0" type="stmt"/>
        <line num="1075" count="0" type="stmt"/>
        <line num="1083" count="0" type="stmt"/>
        <line num="1084" count="0" type="stmt"/>
        <line num="1087" count="0" type="cond" truecount="0" falsecount="1"/>
        <line num="1088" count="0" type="stmt"/>
        <line num="1092" count="0" type="stmt"/>
        <line num="1095" count="0" type="cond" truecount="0" falsecount="1"/>
        <line num="1096" count="0" type="cond" truecount="0" falsecount="1"/>
        <line num="1097" count="0" type="stmt"/>
        <line num="1100" count="0" type="cond" truecount="0" falsecount="1"/>
        <line num="1101" count="0" type="stmt"/>
        <line num="1106" count="0" type="cond" truecount="0" falsecount="1"/>
        <line num="1107" count="0" type="stmt"/>
        <line num="1108" count="0" type="stmt"/>
        <line num="1120" count="0" type="stmt"/>
        <line num="1124" count="0" type="stmt"/>
        <line num="1126" count="0" type="cond" truecount="0" falsecount="2"/>
        <line num="1135" count="0" type="cond" truecount="0" falsecount="1"/>
        <line num="1136" count="0" type="stmt"/>
        <line num="1140" count="0" type="stmt"/>
        <line num="1141" count="0" type="stmt"/>
        <line num="1144" count="0" type="cond" truecount="0" falsecount="1"/>
        <line num="1145" count="0" type="stmt"/>
        <line num="1146" count="0" type="stmt"/>
        <line num="1150" count="0" type="stmt"/>
        <line num="1151" count="0" type="stmt"/>
        <line num="1159" count="0" type="stmt"/>
        <line num="1161" count="0" type="stmt"/>
        <line num="1171" count="0" type="cond" truecount="0" falsecount="3"/>
        <line num="1172" count="0" type="stmt"/>
        <line num="1173" count="0" type="stmt"/>
        <line num="1174" count="0" type="stmt"/>
        <line num="1184" count="0" type="cond" truecount="0" falsecount="1"/>
        <line num="1185" count="0" type="stmt"/>
        <line num="1188" count="0" type="stmt"/>
        <line num="1190" count="0" type="stmt"/>
        <line num="1193" count="0" type="stmt"/>
        <line num="1194" count="0" type="stmt"/>
        <line num="1195" count="0" type="stmt"/>
        <line num="1197" count="0" type="stmt"/>
        <line num="1198" count="0" type="stmt"/>
        <line num="1206" count="0" type="cond" truecount="0" falsecount="1"/>
        <line num="1207" count="0" type="stmt"/>
        <line num="1210" count="0" type="stmt"/>
        <line num="1212" count="0" type="stmt"/>
        <line num="1214" count="0" type="cond" truecount="0" falsecount="1"/>
        <line num="1215" count="0" type="stmt"/>
        <line num="1216" count="0" type="stmt"/>
        <line num="1220" count="0" type="stmt"/>
        <line num="1221" count="0" type="stmt"/>
        <line num="1223" count="0" type="stmt"/>
        <line num="1224" count="0" type="stmt"/>
        <line num="1234" count="0" type="cond" truecount="0" falsecount="1"/>
        <line num="1235" count="0" type="stmt"/>
        <line num="1236" count="0" type="stmt"/>
        <line num="1240" count="0" type="cond" truecount="0" falsecount="3"/>
        <line num="1241" count="0" type="stmt"/>
        <line num="1242" count="0" type="stmt"/>
        <line num="1243" count="0" type="stmt"/>
        <line num="1256" count="5" type="stmt"/>
        <line num="1265" count="5" type="stmt"/>
        <line num="1276" count="5" type="cond" truecount="2" falsecount="1"/>
        <line num="1277" count="0" type="stmt"/>
        <line num="1278" count="0" type="stmt"/>
        <line num="1282" count="5" type="stmt"/>
        <line num="1283" count="5" type="stmt"/>
        <line num="1285" count="5" type="stmt"/>
        <line num="1288" count="5" type="stmt"/>
        <line num="1289" count="8" type="cond" truecount="3" falsecount="0"/>
        <line num="1290" count="6" type="stmt"/>
        <line num="1293" count="6" type="stmt"/>
        <line num="1305" count="6" type="stmt"/>
        <line num="1306" count="6" type="stmt"/>
        <line num="1310" count="5" type="cond" truecount="2" falsecount="0"/>
        <line num="1311" count="4" type="stmt"/>
        <line num="1313" count="1" type="stmt"/>
        <line num="1316" count="5" type="stmt"/>
        <line num="1327" count="5" type="cond" truecount="2" falsecount="1"/>
        <line num="1328" count="0" type="stmt"/>
        <line num="1329" count="0" type="stmt"/>
        <line num="1332" count="5" type="stmt"/>
        <line num="1334" count="5" type="stmt"/>
        <line num="1335" count="5" type="stmt"/>
        <line num="1338" count="5" type="stmt"/>
        <line num="1339" count="12" type="cond" truecount="3" falsecount="0"/>
        <line num="1340" count="6" type="stmt"/>
        <line num="1341" count="6" type="stmt"/>
        <line num="1342" count="6" type="stmt"/>
        <line num="1347" count="5" type="stmt"/>
        <line num="1348" count="5" type="stmt"/>
        <line num="1351" count="5" type="stmt"/>
        <line num="1352" count="6" type="stmt"/>
        <line num="1353" count="8" type="stmt"/>
        <line num="1355" count="6" type="stmt"/>
        <line num="1356" count="7" type="stmt"/>
        <line num="1359" count="7" type="stmt"/>
        <line num="1360" count="25" type="cond" truecount="1" falsecount="0"/>
        <line num="1362" count="11" type="cond" truecount="3" falsecount="0"/>
        <line num="1363" count="1" type="stmt"/>
        <line num="1364" count="1" type="stmt"/>
        <line num="1365" count="1" type="stmt"/>
        <line num="1366" count="1" type="stmt"/>
        <line num="1373" count="5" type="stmt"/>
        <line num="1374" count="7" type="stmt"/>
        <line num="1375" count="7" type="cond" truecount="1" falsecount="0"/>
        <line num="1377" count="7" type="stmt"/>
        <line num="1389" count="7" type="stmt"/>
        <line num="1393" count="5" type="cond" truecount="2" falsecount="0"/>
        <line num="1394" count="4" type="stmt"/>
        <line num="1396" count="1" type="stmt"/>
        <line num="1399" count="5" type="stmt"/>
        <line num="1415" count="4" type="cond" truecount="4" falsecount="1"/>
        <line num="1416" count="0" type="stmt"/>
        <line num="1417" count="0" type="stmt"/>
        <line num="1420" count="4" type="stmt"/>
        <line num="1423" count="4" type="cond" truecount="0" falsecount="1"/>
        <line num="1424" count="0" type="stmt"/>
        <line num="1425" count="0" type="stmt"/>
        <line num="1429" count="4" type="stmt"/>
        <line num="1432" count="4" type="cond" truecount="0" falsecount="1"/>
        <line num="1433" count="0" type="stmt"/>
        <line num="1434" count="0" type="stmt"/>
        <line num="1437" count="4" type="stmt"/>
        <line num="1438" count="4" type="cond" truecount="3" falsecount="1"/>
        <line num="1439" count="0" type="stmt"/>
        <line num="1443" count="4" type="cond" truecount="1" falsecount="0"/>
        <line num="1444" count="3" type="stmt"/>
        <line num="1448" count="1" type="stmt"/>
        <line num="1449" count="1" type="cond" truecount="1" falsecount="0"/>
        <line num="1450" count="1" type="stmt"/>
        <line num="1454" count="0" type="stmt"/>
        <line num="1462" count="75" type="cond" truecount="0" falsecount="1"/>
        <line num="1463" count="0" type="stmt"/>
        <line num="1465" count="0" type="stmt"/>
        <line num="1467" count="0" type="stmt"/>
        <line num="1472" count="75" type="cond" truecount="0" falsecount="1"/>
        <line num="1473" count="0" type="stmt"/>
        <line num="1474" count="0" type="stmt"/>
        <line num="1478" count="75" type="stmt"/>
        <line num="1479" count="141" type="cond" truecount="1" falsecount="0"/>
        <line num="1480" count="23" type="stmt"/>
        <line num="1481" count="23" type="stmt"/>
        <line num="1486" count="75" type="stmt"/>
        <line num="1489" count="75" type="stmt"/>
        <line num="1492" count="75" type="stmt"/>
        <line num="1495" count="75" type="cond" truecount="0" falsecount="1"/>
        <line num="1496" count="0" type="stmt"/>
        <line num="1497" count="0" type="stmt"/>
      </file>
      <file name="event-system.ts" path="/Users/scoopa/Projects/run-cache/src/core/event-system.ts">
        <metrics statements="127" coveredstatements="114" conditionals="35" coveredconditionals="26" methods="19" coveredmethods="19"/>
        <line num="1" count="9" type="stmt"/>
        <line num="2" count="9" type="stmt"/>
        <line num="6" count="9" type="stmt"/>
        <line num="17" count="9" type="stmt"/>
        <line num="37" count="119" type="stmt"/>
        <line num="38" count="119" type="stmt"/>
        <line num="39" count="119" type="stmt"/>
        <line num="40" count="119" type="stmt"/>
        <line num="53" count="147" type="cond" truecount="3" falsecount="0"/>
        <line num="54" count="30" type="stmt"/>
        <line num="56" count="30" type="stmt"/>
        <line num="57" count="30" type="cond" truecount="1" falsecount="0"/>
        <line num="58" count="30" type="stmt"/>
        <line num="61" count="117" type="stmt"/>
        <line num="72" count="89" type="stmt"/>
        <line num="82" count="89" type="stmt"/>
        <line num="85" count="89" type="stmt"/>
        <line num="88" count="89" type="stmt"/>
        <line num="89" count="89" type="stmt"/>
        <line num="90" count="89" type="stmt"/>
        <line num="93" count="89" type="stmt"/>
        <line num="94" count="89" type="stmt"/>
        <line num="95" count="89" type="stmt"/>
        <line num="96" count="89" type="stmt"/>
        <line num="106" count="10" type="stmt"/>
        <line num="107" count="10" type="stmt"/>
        <line num="108" count="10" type="stmt"/>
        <line num="120" count="11" type="cond" truecount="1" falsecount="0"/>
        <line num="121" count="10" type="stmt"/>
        <line num="122" count="10" type="stmt"/>
        <line num="132" count="8" type="stmt"/>
        <line num="133" count="8" type="stmt"/>
        <line num="134" count="8" type="stmt"/>
        <line num="146" count="2" type="cond" truecount="0" falsecount="1"/>
        <line num="147" count="2" type="stmt"/>
        <line num="148" count="2" type="stmt"/>
        <line num="158" count="2" type="stmt"/>
        <line num="159" count="2" type="stmt"/>
        <line num="160" count="2" type="stmt"/>
        <line num="172" count="2" type="cond" truecount="0" falsecount="1"/>
        <line num="173" count="2" type="stmt"/>
        <line num="174" count="2" type="stmt"/>
        <line num="184" count="4" type="stmt"/>
        <line num="185" count="4" type="stmt"/>
        <line num="186" count="4" type="stmt"/>
        <line num="198" count="5" type="cond" truecount="0" falsecount="1"/>
        <line num="199" count="5" type="stmt"/>
        <line num="200" count="5" type="stmt"/>
        <line num="210" count="3" type="stmt"/>
        <line num="211" count="3" type="stmt"/>
        <line num="212" count="3" type="stmt"/>
        <line num="224" count="4" type="cond" truecount="0" falsecount="1"/>
        <line num="225" count="4" type="stmt"/>
        <line num="226" count="4" type="stmt"/>
        <line num="243" count="241" type="cond" truecount="1" falsecount="0"/>
        <line num="244" count="232" type="stmt"/>
        <line num="245" count="232" type="stmt"/>
        <line num="246" count="232" type="stmt"/>
        <line num="247" count="232" type="stmt"/>
        <line num="250" count="9" type="cond" truecount="3" falsecount="0"/>
        <line num="251" count="1" type="stmt"/>
        <line num="254" count="8" type="cond" truecount="3" falsecount="0"/>
        <line num="255" count="5" type="stmt"/>
        <line num="256" count="5" type="stmt"/>
        <line num="259" count="3" type="cond" truecount="1" falsecount="0"/>
        <line num="260" count="3" type="stmt"/>
        <line num="261" count="3" type="stmt"/>
        <line num="264" count="0" type="stmt"/>
        <line num="277" count="23" type="stmt"/>
        <line num="279" count="23" type="cond" truecount="2" falsecount="0"/>
        <line num="280" count="11" type="stmt"/>
        <line num="282" count="11" type="stmt"/>
        <line num="283" count="22" type="cond" truecount="1" falsecount="0"/>
        <line num="284" count="16" type="stmt"/>
        <line num="285" count="16" type="stmt"/>
        <line num="290" count="11" type="stmt"/>
        <line num="293" count="11" type="stmt"/>
        <line num="299" count="12" type="stmt"/>
        <line num="300" count="12" type="stmt"/>
        <line num="314" count="5" type="stmt"/>
        <line num="316" count="5" type="cond" truecount="2" falsecount="0"/>
        <line num="317" count="2" type="stmt"/>
        <line num="319" count="2" type="stmt"/>
        <line num="320" count="2" type="stmt"/>
        <line num="321" count="3" type="cond" truecount="2" falsecount="1"/>
        <line num="322" count="0" type="stmt"/>
        <line num="323" count="0" type="cond" truecount="0" falsecount="1"/>
        <line num="324" count="0" type="stmt"/>
        <line num="325" count="0" type="stmt"/>
        <line num="326" count="0" type="stmt"/>
        <line num="327" count="0" type="stmt"/>
        <line num="333" count="2" type="stmt"/>
        <line num="334" count="2" type="stmt"/>
        <line num="335" count="2" type="stmt"/>
        <line num="336" count="3" type="cond" truecount="2" falsecount="0"/>
        <line num="340" count="2" type="stmt"/>
        <line num="341" count="2" type="stmt"/>
        <line num="343" count="1" type="stmt"/>
        <line num="346" count="2" type="stmt"/>
        <line num="347" count="2" type="stmt"/>
        <line num="348" count="2" type="stmt"/>
        <line num="350" count="2" type="stmt"/>
        <line num="352" count="3" type="stmt"/>
        <line num="353" count="3" type="stmt"/>
        <line num="354" count="3" type="stmt"/>
        <line num="356" count="5" type="stmt"/>
        <line num="367" count="3" type="stmt"/>
        <line num="368" count="3" type="stmt"/>
        <line num="369" count="3" type="stmt"/>
        <line num="372" count="3" type="stmt"/>
        <line num="373" count="3" type="stmt"/>
        <line num="374" count="2" type="cond" truecount="0" falsecount="1"/>
        <line num="378" count="0" type="stmt"/>
        <line num="379" count="0" type="stmt"/>
        <line num="380" count="0" type="stmt"/>
        <line num="383" count="3" type="stmt"/>
        <line num="386" count="3" type="stmt"/>
        <line num="387" count="3" type="stmt"/>
        <line num="388" count="3" type="stmt"/>
        <line num="389" count="0" type="cond" truecount="0" falsecount="2"/>
        <line num="391" count="0" type="stmt"/>
        <line num="393" count="0" type="stmt"/>
        <line num="396" count="3" type="stmt"/>
        <line num="397" count="3" type="stmt"/>
        <line num="399" count="3" type="stmt"/>
        <line num="401" count="3" type="stmt"/>
        <line num="402" count="3" type="stmt"/>
      </file>
      <file name="middleware-manager.ts" path="/Users/scoopa/Projects/run-cache/src/core/middleware-manager.ts">
        <metrics statements="27" coveredstatements="25" conditionals="2" coveredconditionals="2" methods="5" coveredmethods="5"/>
        <line num="8" count="9" type="stmt"/>
        <line num="9" count="100" type="stmt"/>
        <line num="19" count="100" type="stmt"/>
        <line num="30" count="5" type="stmt"/>
        <line num="31" count="5" type="stmt"/>
        <line num="32" count="5" type="stmt"/>
        <line num="41" count="5" type="stmt"/>
        <line num="42" count="5" type="stmt"/>
        <line num="43" count="5" type="stmt"/>
        <line num="54" count="344" type="stmt"/>
        <line num="56" count="344" type="cond" truecount="1" falsecount="0"/>
        <line num="57" count="338" type="stmt"/>
        <line num="58" count="338" type="stmt"/>
        <line num="62" count="6" type="stmt"/>
        <line num="64" count="6" type="stmt"/>
        <line num="66" count="6" type="stmt"/>
        <line num="67" count="6" type="stmt"/>
        <line num="70" count="6" type="stmt"/>
        <line num="71" count="8" type="stmt"/>
        <line num="72" count="8" type="cond" truecount="1" falsecount="0"/>
        <line num="74" count="6" type="stmt"/>
        <line num="77" count="2" type="stmt"/>
        <line num="81" count="6" type="stmt"/>
        <line num="83" count="6" type="stmt"/>
        <line num="84" count="6" type="stmt"/>
        <line num="86" count="0" type="stmt"/>
        <line num="87" count="0" type="stmt"/>
      </file>
      <file name="utils.ts" path="/Users/scoopa/Projects/run-cache/src/core/utils.ts">
        <metrics statements="41" coveredstatements="41" conditionals="23" coveredconditionals="23" methods="8" coveredmethods="8"/>
        <line num="8" count="9" type="stmt"/>
        <line num="21" count="9" type="stmt"/>
        <line num="22" count="3" type="cond" truecount="1" falsecount="0"/>
        <line num="23" count="2" type="stmt"/>
        <line num="42" count="9" type="stmt"/>
        <line num="43" count="221" type="cond" truecount="3" falsecount="0"/>
        <line num="45" count="5" type="stmt"/>
        <line num="63" count="9" type="stmt"/>
        <line num="64" count="199" type="cond" truecount="1" falsecount="0"/>
        <line num="65" count="2" type="stmt"/>
        <line num="69" count="197" type="cond" truecount="2" falsecount="0"/>
        <line num="71" count="41" type="stmt"/>
        <line num="76" count="41" type="stmt"/>
        <line num="77" count="41" type="stmt"/>
        <line num="78" count="41" type="stmt"/>
        <line num="81" count="197" type="stmt"/>
        <line num="98" count="9" type="stmt"/>
        <line num="99" count="4" type="cond" truecount="1" falsecount="0"/>
        <line num="100" count="2" type="cond" truecount="2" falsecount="0"/>
        <line num="103" count="2" type="stmt"/>
        <line num="104" count="2" type="stmt"/>
        <line num="105" count="7" type="cond" truecount="1" falsecount="0"/>
        <line num="106" count="5" type="stmt"/>
        <line num="109" count="2" type="stmt"/>
        <line num="131" count="9" type="stmt"/>
        <line num="133" count="7" type="stmt"/>
        <line num="136" count="6" type="cond" truecount="3" falsecount="0"/>
        <line num="137" count="1" type="stmt"/>
        <line num="141" count="5" type="cond" truecount="3" falsecount="0"/>
        <line num="142" count="1" type="stmt"/>
        <line num="145" count="4" type="cond" truecount="3" falsecount="0"/>
        <line num="146" count="1" type="stmt"/>
        <line num="150" count="3" type="cond" truecount="1" falsecount="0"/>
        <line num="151" count="2" type="cond" truecount="1" falsecount="0"/>
        <line num="152" count="1" type="stmt"/>
        <line num="155" count="1" type="cond" truecount="1" falsecount="0"/>
        <line num="156" count="1" type="stmt"/>
        <line num="169" count="9" type="stmt"/>
        <line num="170" count="25" type="stmt"/>
        <line num="179" count="9" type="stmt"/>
        <line num="180" count="8" type="stmt"/>
      </file>
    </package>
    <package name="src.logging">
      <metrics statements="11" coveredstatements="11" conditionals="4" coveredconditionals="3" methods="3" coveredmethods="3"/>
      <file name="logger.ts" path="/Users/scoopa/Projects/run-cache/src/logging/logger.ts">
        <metrics statements="11" coveredstatements="11" conditionals="4" coveredconditionals="3" methods="3" coveredmethods="3"/>
        <line num="6" count="9" type="stmt"/>
        <line num="10" count="130" type="stmt"/>
        <line num="17" count="112" type="stmt"/>
        <line num="27" count="2860" type="cond" truecount="1" falsecount="0"/>
        <line num="30" count="50" type="cond" truecount="0" falsecount="1"/>
        <line num="32" count="50" type="stmt"/>
        <line num="33" count="50" type="stmt"/>
        <line num="35" count="50" type="stmt"/>
        <line num="36" count="50" type="cond" truecount="2" falsecount="0"/>
        <line num="37" count="15" type="stmt"/>
        <line num="39" count="35" type="stmt"/>
      </file>
    </package>
    <package name="src.policies">
      <metrics statements="29" coveredstatements="28" conditionals="8" coveredconditionals="8" methods="8" coveredmethods="7"/>
      <file name="eviction-policies.ts" path="/Users/scoopa/Projects/run-cache/src/policies/eviction-policies.ts">
        <metrics statements="29" coveredstatements="28" conditionals="8" coveredconditionals="8" methods="8" coveredmethods="7"/>
        <line num="7" count="9" type="stmt"/>
        <line num="11" count="206" type="stmt"/>
        <line num="26" count="0" type="stmt"/>
        <line num="34" count="9" type="stmt"/>
        <line num="36" count="7" type="stmt"/>
        <line num="39" count="7" type="stmt"/>
        <line num="40" count="22" type="stmt"/>
        <line num="41" count="22" type="stmt"/>
        <line num="44" count="22" type="cond" truecount="3" falsecount="0"/>
        <line num="45" count="8" type="stmt"/>
        <line num="47" count="14" type="cond" truecount="3" falsecount="0"/>
        <line num="48" count="1" type="stmt"/>
        <line num="52" count="13" type="cond" truecount="1" falsecount="0"/>
        <line num="54" count="4" type="stmt"/>
        <line num="58" count="9" type="stmt"/>
        <line num="62" count="10" type="stmt"/>
        <line num="64" count="7" type="stmt"/>
        <line num="66" count="7" type="stmt"/>
        <line num="74" count="9" type="stmt"/>
        <line num="76" count="6" type="stmt"/>
        <line num="79" count="6" type="stmt"/>
        <line num="80" count="23" type="stmt"/>
        <line num="81" count="23" type="stmt"/>
        <line num="84" count="23" type="cond" truecount="1" falsecount="0"/>
        <line num="85" count="19" type="stmt"/>
        <line num="90" count="4" type="stmt"/>
        <line num="94" count="9" type="stmt"/>
        <line num="96" count="6" type="stmt"/>
        <line num="98" count="6" type="stmt"/>
      </file>
    </package>
    <package name="src.storage">
      <metrics statements="146" coveredstatements="33" conditionals="62" coveredconditionals="7" methods="43" coveredmethods="5"/>
      <file name="filesystem-adapter.ts" path="/Users/scoopa/Projects/run-cache/src/storage/filesystem-adapter.ts">
        <metrics statements="34" coveredstatements="28" conditionals="17" coveredconditionals="7" methods="5" coveredmethods="5"/>
        <line num="7" count="9" type="stmt"/>
        <line num="10" count="3" type="stmt"/>
        <line num="12" count="3" type="stmt"/>
        <line num="14" count="3" type="stmt"/>
        <line num="21" count="3" type="cond" truecount="2" falsecount="0"/>
        <line num="24" count="3" type="cond" truecount="3" falsecount="1"/>
        <line num="25" count="0" type="stmt"/>
        <line num="28" count="3" type="stmt"/>
        <line num="30" count="3" type="stmt"/>
        <line num="31" count="3" type="stmt"/>
        <line num="34" count="3" type="cond" truecount="1" falsecount="1"/>
        <line num="35" count="3" type="stmt"/>
        <line num="38" count="0" type="stmt"/>
        <line num="41" count="0" type="cond" truecount="0" falsecount="2"/>
        <line num="50" count="7" type="cond" truecount="0" falsecount="1"/>
        <line num="51" count="0" type="stmt"/>
        <line num="60" count="2" type="stmt"/>
        <line num="62" count="2" type="stmt"/>
        <line num="63" count="2" type="stmt"/>
        <line num="65" count="1" type="stmt"/>
        <line num="78" count="3" type="stmt"/>
        <line num="80" count="3" type="stmt"/>
        <line num="82" count="3" type="stmt"/>
        <line num="83" count="3" type="stmt"/>
        <line num="86" count="2" type="stmt"/>
        <line num="90" count="1" type="stmt"/>
        <line num="91" count="1" type="stmt"/>
        <line num="93" count="0" type="stmt"/>
        <line num="105" count="2" type="stmt"/>
        <line num="107" count="2" type="stmt"/>
        <line num="109" count="2" type="stmt"/>
        <line num="110" count="2" type="stmt"/>
        <line num="111" count="1" type="stmt"/>
        <line num="116" count="0" type="stmt"/>
      </file>
      <file name="index.ts" path="/Users/scoopa/Projects/run-cache/src/storage/index.ts">
        <metrics statements="3" coveredstatements="3" conditionals="0" coveredconditionals="0" methods="0" coveredmethods="0"/>
        <line num="4" count="9" type="stmt"/>
        <line num="5" count="9" type="stmt"/>
        <line num="6" count="9" type="stmt"/>
      </file>
      <file name="indexed-db-adapter.ts" path="/Users/scoopa/Projects/run-cache/src/storage/indexed-db-adapter.ts">
        <metrics statements="97" coveredstatements="1" conditionals="38" coveredconditionals="0" methods="33" coveredmethods="0"/>
        <line num="7" count="9" type="stmt"/>
        <line num="10" count="0" type="stmt"/>
        <line num="12" count="0" type="stmt"/>
        <line num="14" count="0" type="stmt"/>
        <line num="16" count="0" type="stmt"/>
        <line num="18" count="0" type="stmt"/>
        <line num="25" count="0" type="cond" truecount="0" falsecount="2"/>
        <line num="28" count="0" type="stmt"/>
        <line num="36" count="0" type="cond" truecount="0" falsecount="3"/>
        <line num="37" count="0" type="stmt"/>
        <line num="46" count="0" type="cond" truecount="0" falsecount="1"/>
        <line num="47" count="0" type="stmt"/>
        <line num="50" count="0" type="cond" truecount="0" falsecount="1"/>
        <line num="51" count="0" type="stmt"/>
        <line num="55" count="0" type="stmt"/>
        <line num="58" count="0" type="stmt"/>
        <line num="59" count="0" type="stmt"/>
        <line num="62" count="0" type="stmt"/>
        <line num="63" count="0" type="stmt"/>
        <line num="67" count="0" type="stmt"/>
        <line num="68" count="0" type="stmt"/>
        <line num="71" count="0" type="cond" truecount="0" falsecount="1"/>
        <line num="72" count="0" type="stmt"/>
        <line num="77" count="0" type="stmt"/>
        <line num="78" count="0" type="stmt"/>
        <line num="79" count="0" type="stmt"/>
        <line num="83" count="0" type="stmt"/>
        <line num="84" count="0" type="stmt"/>
        <line num="85" count="0" type="stmt"/>
        <line num="88" count="0" type="stmt"/>
        <line num="89" count="0" type="stmt"/>
        <line num="90" count="0" type="stmt"/>
        <line num="94" count="0" type="stmt"/>
        <line num="95" count="0" type="cond" truecount="0" falsecount="1"/>
        <line num="96" count="0" type="stmt"/>
        <line num="97" count="0" type="stmt"/>
        <line num="98" count="0" type="stmt"/>
        <line num="102" count="0" type="stmt"/>
        <line num="106" count="0" type="stmt"/>
        <line num="107" count="0" type="stmt"/>
        <line num="108" count="0" type="cond" truecount="0" falsecount="2"/>
        <line num="109" count="0" type="stmt"/>
        <line num="110" count="0" type="stmt"/>
        <line num="114" count="0" type="stmt"/>
        <line num="122" count="0" type="stmt"/>
        <line num="123" count="0" type="stmt"/>
        <line num="125" count="0" type="stmt"/>
        <line num="126" count="0" type="stmt"/>
        <line num="127" count="0" type="stmt"/>
        <line num="130" count="0" type="stmt"/>
        <line num="132" count="0" type="stmt"/>
        <line num="133" count="0" type="stmt"/>
        <line num="134" count="0" type="cond" truecount="0" falsecount="2"/>
        <line num="135" count="0" type="stmt"/>
        <line num="136" count="0" type="stmt"/>
        <line num="140" count="0" type="stmt"/>
        <line num="141" count="0" type="cond" truecount="0" falsecount="2"/>
        <line num="142" count="0" type="stmt"/>
        <line num="143" count="0" type="stmt"/>
        <line num="147" count="0" type="stmt"/>
        <line num="148" count="0" type="cond" truecount="0" falsecount="2"/>
        <line num="149" count="0" type="stmt"/>
        <line num="150" count="0" type="stmt"/>
        <line num="154" count="0" type="cond" truecount="0" falsecount="2"/>
        <line num="163" count="0" type="stmt"/>
        <line num="164" count="0" type="stmt"/>
        <line num="166" count="0" type="stmt"/>
        <line num="167" count="0" type="stmt"/>
        <line num="168" count="0" type="stmt"/>
        <line num="171" count="0" type="stmt"/>
        <line num="173" count="0" type="stmt"/>
        <line num="175" count="0" type="cond" truecount="0" falsecount="2"/>
        <line num="176" count="0" type="stmt"/>
        <line num="178" count="0" type="stmt"/>
        <line num="182" count="0" type="cond" truecount="0" falsecount="2"/>
        <line num="185" count="0" type="stmt"/>
        <line num="186" count="0" type="cond" truecount="0" falsecount="2"/>
        <line num="190" count="0" type="stmt"/>
        <line num="191" count="0" type="cond" truecount="0" falsecount="2"/>
        <line num="195" count="0" type="cond" truecount="0" falsecount="2"/>
        <line num="203" count="0" type="stmt"/>
        <line num="204" count="0" type="stmt"/>
        <line num="206" count="0" type="stmt"/>
        <line num="207" count="0" type="stmt"/>
        <line num="208" count="0" type="stmt"/>
        <line num="211" count="0" type="stmt"/>
        <line num="213" count="0" type="stmt"/>
        <line num="214" count="0" type="cond" truecount="0" falsecount="2"/>
        <line num="217" count="0" type="stmt"/>
        <line num="218" count="0" type="cond" truecount="0" falsecount="2"/>
        <line num="222" count="0" type="stmt"/>
        <line num="223" count="0" type="cond" truecount="0" falsecount="2"/>
        <line num="227" count="0" type="cond" truecount="0" falsecount="2"/>
        <line num="236" count="0" type="cond" truecount="0" falsecount="1"/>
        <line num="237" count="0" type="stmt"/>
        <line num="238" count="0" type="stmt"/>
        <line num="239" count="0" type="stmt"/>
      </file>
      <file name="local-storage-adapter.ts" path="/Users/scoopa/Projects/run-cache/src/storage/local-storage-adapter.ts">
        <metrics statements="12" coveredstatements="1" conditionals="7" coveredconditionals="0" methods="5" coveredmethods="0"/>
        <line num="7" count="9" type="stmt"/>
        <line num="15" count="0" type="cond" truecount="0" falsecount="2"/>
        <line num="23" count="0" type="cond" truecount="0" falsecount="3"/>
        <line num="24" count="0" type="stmt"/>
        <line num="35" count="0" type="stmt"/>
        <line num="37" count="0" type="stmt"/>
        <line num="38" count="0" type="stmt"/>
        <line num="41" count="0" type="stmt"/>
        <line num="54" count="0" type="stmt"/>
        <line num="56" count="0" type="stmt"/>
        <line num="63" count="0" type="stmt"/>
        <line num="65" count="0" type="stmt"/>
      </file>
    </package>
    <package name="src.types">
      <metrics statements="5" coveredstatements="5" conditionals="2" coveredconditionals="2" methods="1" coveredmethods="1"/>
      <file name="cache-config.ts" path="/Users/scoopa/Projects/run-cache/src/types/cache-config.ts">
        <metrics statements="4" coveredstatements="4" conditionals="2" coveredconditionals="2" methods="1" coveredmethods="1"/>
        <line num="6" count="9" type="cond" truecount="2" falsecount="0"/>
        <line num="8" count="9" type="stmt"/>
        <line num="10" count="9" type="stmt"/>
        <line num="12" count="9" type="stmt"/>
      </file>
      <file name="events.ts" path="/Users/scoopa/Projects/run-cache/src/types/events.ts">
        <metrics statements="1" coveredstatements="1" conditionals="0" coveredconditionals="0" methods="0" coveredmethods="0"/>
        <line num="9" count="9" type="stmt"/>
      </file>
    </package>
  </project>
</coverage>
