{"/Users/scoopa/Projects/run-cache/src/run-cache.ts": {"path":"/Users/scoopa/Projects/run-cache/src/run-cache.ts","statementMap":{"0":{"start":{"line":1,"column":0},"end":{"line":1,"column":48}},"1":{"start":{"line":2,"column":0},"end":{"line":2,"column":22}},"2":{"start":{"line":9,"column":9},"end":{"line":2,"column":67}},"3":{"start":{"line":3,"column":0},"end":{"line":3,"column":32}},"4":{"start":{"line":9,"column":25},"end":{"line":3,"column":62}},"5":{"start":{"line":12,"column":0},"end":{"line":12,"column":32}},"6":{"start":{"line":26,"column":2},"end":{"line":50,"column":3}},"7":{"start":{"line":29,"column":4},"end":{"line":49,"column":5}},"8":{"start":{"line":31,"column":6},"end":{"line":34,"column":9}},"9":{"start":{"line":33,"column":8},"end":{"line":33,"column":28}},"10":{"start":{"line":37,"column":6},"end":{"line":43,"column":9}},"11":{"start":{"line":38,"column":8},"end":{"line":38,"column":28}},"12":{"start":{"line":40,"column":8},"end":{"line":42,"column":9}},"13":{"start":{"line":41,"column":10},"end":{"line":41,"column":26}},"14":{"start":{"line":46,"column":6},"end":{"line":48,"column":7}},"15":{"start":{"line":47,"column":8},"end":{"line":47,"column":86}},"16":{"start":{"line":53,"column":2},"end":{"line":70,"column":3}},"17":{"start":{"line":56,"column":4},"end":{"line":69,"column":5}},"18":{"start":{"line":57,"column":6},"end":{"line":63,"column":8}},"19":{"start":{"line":60,"column":10},"end":{"line":60,"column":30}},"20":{"start":{"line":66,"column":6},"end":{"line":68,"column":7}},"21":{"start":{"line":67,"column":8},"end":{"line":67,"column":79}},"22":{"start":{"line":129,"column":4},"end":{"line":140,"column":5}},"23":{"start":{"line":130,"column":6},"end":{"line":130,"column":53}},"24":{"start":{"line":131,"column":6},"end":{"line":139,"column":7}},"25":{"start":{"line":132,"column":8},"end":{"line":132,"column":59}},"26":{"start":{"line":133,"column":8},"end":{"line":133,"column":38}},"27":{"start":{"line":135,"column":8},"end":{"line":135,"column":63}},"28":{"start":{"line":138,"column":8},"end":{"line":138,"column":65}},"29":{"start":{"line":141,"column":4},"end":{"line":141,"column":29}},"30":{"start":{"line":149,"column":4},"end":{"line":151,"column":5}},"31":{"start":{"line":150,"column":6},"end":{"line":150,"column":34}},"32":{"start":{"line":197,"column":4},"end":{"line":197,"column":39}},"33":{"start":{"line":198,"column":4},"end":{"line":198,"column":41}},"34":{"start":{"line":210,"column":4},"end":{"line":210,"column":39}},"35":{"start":{"line":211,"column":4},"end":{"line":211,"column":42}},"36":{"start":{"line":226,"column":4},"end":{"line":226,"column":39}},"37":{"start":{"line":227,"column":4},"end":{"line":227,"column":38}},"38":{"start":{"line":240,"column":4},"end":{"line":240,"column":39}},"39":{"start":{"line":241,"column":4},"end":{"line":241,"column":41}},"40":{"start":{"line":251,"column":4},"end":{"line":251,"column":39}},"41":{"start":{"line":252,"column":4},"end":{"line":252,"column":30}},"42":{"start":{"line":265,"column":4},"end":{"line":265,"column":39}},"43":{"start":{"line":266,"column":4},"end":{"line":266,"column":38}},"44":{"start":{"line":277,"column":4},"end":{"line":277,"column":39}},"45":{"start":{"line":278,"column":4},"end":{"line":278,"column":41}},"46":{"start":{"line":293,"column":4},"end":{"line":293,"column":39}},"47":{"start":{"line":294,"column":4},"end":{"line":294,"column":49}},"48":{"start":{"line":305,"column":4},"end":{"line":305,"column":39}},"49":{"start":{"line":306,"column":4},"end":{"line":306,"column":42}},"50":{"start":{"line":321,"column":4},"end":{"line":321,"column":39}},"51":{"start":{"line":322,"column":4},"end":{"line":322,"column":50}},"52":{"start":{"line":333,"column":4},"end":{"line":333,"column":39}},"53":{"start":{"line":334,"column":4},"end":{"line":334,"column":49}},"54":{"start":{"line":347,"column":4},"end":{"line":347,"column":39}},"55":{"start":{"line":348,"column":4},"end":{"line":348,"column":57}},"56":{"start":{"line":368,"column":4},"end":{"line":368,"column":39}},"57":{"start":{"line":369,"column":4},"end":{"line":369,"column":57}},"58":{"start":{"line":382,"column":4},"end":{"line":382,"column":39}},"59":{"start":{"line":383,"column":4},"end":{"line":383,"column":46}},"60":{"start":{"line":395,"column":4},"end":{"line":395,"column":39}},"61":{"start":{"line":396,"column":4},"end":{"line":396,"column":41}},"62":{"start":{"line":406,"column":4},"end":{"line":416,"column":5}},"63":{"start":{"line":407,"column":6},"end":{"line":407,"column":41}},"64":{"start":{"line":410,"column":6},"end":{"line":415,"column":9}},"65":{"start":{"line":418,"column":4},"end":{"line":418,"column":35}},"66":{"start":{"line":419,"column":4},"end":{"line":419,"column":36}},"67":{"start":{"line":430,"column":4},"end":{"line":430,"column":39}},"68":{"start":{"line":431,"column":4},"end":{"line":431,"column":45}},"69":{"start":{"line":439,"column":4},"end":{"line":439,"column":39}},"70":{"start":{"line":440,"column":4},"end":{"line":440,"column":47}},"71":{"start":{"line":451,"column":4},"end":{"line":451,"column":39}},"72":{"start":{"line":452,"column":4},"end":{"line":452,"column":50}},"73":{"start":{"line":463,"column":4},"end":{"line":463,"column":39}},"74":{"start":{"line":464,"column":4},"end":{"line":464,"column":57}},"75":{"start":{"line":476,"column":4},"end":{"line":476,"column":39}},"76":{"start":{"line":477,"column":4},"end":{"line":477,"column":70}},"77":{"start":{"line":487,"column":4},"end":{"line":487,"column":39}},"78":{"start":{"line":488,"column":4},"end":{"line":488,"column":50}},"79":{"start":{"line":499,"column":4},"end":{"line":499,"column":39}},"80":{"start":{"line":500,"column":4},"end":{"line":500,"column":58}},"81":{"start":{"line":510,"column":4},"end":{"line":510,"column":39}},"82":{"start":{"line":511,"column":4},"end":{"line":511,"column":57}},"83":{"start":{"line":522,"column":4},"end":{"line":522,"column":39}},"84":{"start":{"line":523,"column":4},"end":{"line":523,"column":65}},"85":{"start":{"line":531,"column":4},"end":{"line":531,"column":39}},"86":{"start":{"line":532,"column":4},"end":{"line":532,"column":48}},"87":{"start":{"line":540,"column":4},"end":{"line":540,"column":39}},"88":{"start":{"line":541,"column":4},"end":{"line":541,"column":45}},"89":{"start":{"line":549,"column":4},"end":{"line":549,"column":39}},"90":{"start":{"line":550,"column":4},"end":{"line":550,"column":47}},"91":{"start":{"line":111,"column":0},"end":{"line":111,"column":13}},"92":{"start":{"line":113,"column":17},"end":{"line":113,"column":68}},"93":{"start":{"line":114,"column":17},"end":{"line":114,"column":39}},"94":{"start":{"line":117,"column":2},"end":{"line":121,"column":null}},"95":{"start":{"line":118,"column":4},"end":{"line":118,"column":31}},"96":{"start":{"line":120,"column":4},"end":{"line":120,"column":26}}},"fnMap":{"0":{"name":"(anonymous_4)","decl":{"start":{"line":9,"column":9},"end":{"line":9,"column":23}},"loc":{"start":{"line":9,"column":9},"end":{"line":2,"column":67}}},"1":{"name":"(anonymous_5)","decl":{"start":{"line":9,"column":25},"end":{"line":9,"column":30}},"loc":{"start":{"line":9,"column":25},"end":{"line":3,"column":62}}},"2":{"name":"registerShutdownHandlers","decl":{"start":{"line":24,"column":9},"end":{"line":24,"column":33}},"loc":{"start":{"line":24,"column":33},"end":{"line":71,"column":1}}},"3":{"name":"(anonymous_7)","decl":{"start":{"line":31,"column":30},"end":{"line":31,"column":33}},"loc":{"start":{"line":31,"column":35},"end":{"line":34,"column":7}}},"4":{"name":"(anonymous_8)","decl":{"start":{"line":37,"column":29},"end":{"line":37,"column":32}},"loc":{"start":{"line":37,"column":34},"end":{"line":43,"column":7}}},"5":{"name":"(anonymous_9)","decl":{"start":{"line":59,"column":8},"end":{"line":59,"column":11}},"loc":{"start":{"line":59,"column":13},"end":{"line":61,"column":9}}},"6":{"name":"(anonymous_10)","decl":{"start":{"line":128,"column":10},"end":{"line":128,"column":16}},"loc":{"start":{"line":128,"column":33},"end":{"line":142,"column":3}}},"7":{"name":"(anonymous_11)","decl":{"start":{"line":148,"column":10},"end":{"line":148,"column":16}},"loc":{"start":{"line":148,"column":40},"end":{"line":152,"column":3}}},"8":{"name":"(anonymous_12)","decl":{"start":{"line":188,"column":2},"end":{"line":188,"column":8}},"loc":{"start":{"line":196,"column":3},"end":{"line":199,"column":3}}},"9":{"name":"(anonymous_13)","decl":{"start":{"line":209,"column":2},"end":{"line":209,"column":8}},"loc":{"start":{"line":209,"column":34},"end":{"line":212,"column":3}}},"10":{"name":"(anonymous_14)","decl":{"start":{"line":225,"column":2},"end":{"line":225,"column":8}},"loc":{"start":{"line":225,"column":30},"end":{"line":228,"column":3}}},"11":{"name":"(anonymous_15)","decl":{"start":{"line":239,"column":2},"end":{"line":239,"column":8}},"loc":{"start":{"line":239,"column":33},"end":{"line":242,"column":3}}},"12":{"name":"(anonymous_16)","decl":{"start":{"line":250,"column":2},"end":{"line":250,"column":8}},"loc":{"start":{"line":250,"column":20},"end":{"line":253,"column":3}}},"13":{"name":"(anonymous_17)","decl":{"start":{"line":264,"column":2},"end":{"line":264,"column":8}},"loc":{"start":{"line":264,"column":30},"end":{"line":267,"column":3}}},"14":{"name":"(anonymous_18)","decl":{"start":{"line":276,"column":2},"end":{"line":276,"column":8}},"loc":{"start":{"line":276,"column":77},"end":{"line":279,"column":3}}},"15":{"name":"(anonymous_19)","decl":{"start":{"line":292,"column":2},"end":{"line":292,"column":8}},"loc":{"start":{"line":292,"column":93},"end":{"line":295,"column":3}}},"16":{"name":"(anonymous_20)","decl":{"start":{"line":304,"column":2},"end":{"line":304,"column":8}},"loc":{"start":{"line":304,"column":78},"end":{"line":307,"column":3}}},"17":{"name":"(anonymous_21)","decl":{"start":{"line":320,"column":2},"end":{"line":320,"column":8}},"loc":{"start":{"line":320,"column":94},"end":{"line":323,"column":3}}},"18":{"name":"(anonymous_22)","decl":{"start":{"line":332,"column":2},"end":{"line":332,"column":8}},"loc":{"start":{"line":332,"column":85},"end":{"line":335,"column":3}}},"19":{"name":"(anonymous_23)","decl":{"start":{"line":346,"column":2},"end":{"line":346,"column":8}},"loc":{"start":{"line":346,"column":101},"end":{"line":349,"column":3}}},"20":{"name":"(anonymous_24)","decl":{"start":{"line":364,"column":2},"end":{"line":364,"column":8}},"loc":{"start":{"line":367,"column":3},"end":{"line":370,"column":3}}},"21":{"name":"(anonymous_25)","decl":{"start":{"line":381,"column":2},"end":{"line":381,"column":8}},"loc":{"start":{"line":381,"column":44},"end":{"line":384,"column":3}}},"22":{"name":"(anonymous_26)","decl":{"start":{"line":394,"column":2},"end":{"line":394,"column":8}},"loc":{"start":{"line":394,"column":24},"end":{"line":397,"column":3}}},"23":{"name":"(anonymous_27)","decl":{"start":{"line":405,"column":2},"end":{"line":405,"column":8}},"loc":{"start":{"line":405,"column":23},"end":{"line":420,"column":3}}},"24":{"name":"(anonymous_28)","decl":{"start":{"line":429,"column":2},"end":{"line":429,"column":8}},"loc":{"start":{"line":429,"column":49},"end":{"line":432,"column":3}}},"25":{"name":"(anonymous_29)","decl":{"start":{"line":438,"column":2},"end":{"line":438,"column":8}},"loc":{"start":{"line":438,"column":30},"end":{"line":441,"column":3}}},"26":{"name":"(anonymous_30)","decl":{"start":{"line":450,"column":2},"end":{"line":450,"column":8}},"loc":{"start":{"line":450,"column":42},"end":{"line":453,"column":3}}},"27":{"name":"(anonymous_31)","decl":{"start":{"line":462,"column":2},"end":{"line":462,"column":8}},"loc":{"start":{"line":462,"column":49},"end":{"line":465,"column":3}}},"28":{"name":"(anonymous_32)","decl":{"start":{"line":475,"column":2},"end":{"line":475,"column":8}},"loc":{"start":{"line":475,"column":70},"end":{"line":478,"column":3}}},"29":{"name":"(anonymous_33)","decl":{"start":{"line":486,"column":2},"end":{"line":486,"column":8}},"loc":{"start":{"line":486,"column":86},"end":{"line":489,"column":3}}},"30":{"name":"(anonymous_34)","decl":{"start":{"line":498,"column":2},"end":{"line":498,"column":8}},"loc":{"start":{"line":498,"column":102},"end":{"line":501,"column":3}}},"31":{"name":"(anonymous_35)","decl":{"start":{"line":509,"column":2},"end":{"line":509,"column":8}},"loc":{"start":{"line":509,"column":93},"end":{"line":512,"column":3}}},"32":{"name":"(anonymous_36)","decl":{"start":{"line":521,"column":2},"end":{"line":521,"column":8}},"loc":{"start":{"line":521,"column":109},"end":{"line":524,"column":3}}},"33":{"name":"(anonymous_37)","decl":{"start":{"line":530,"column":2},"end":{"line":530,"column":8}},"loc":{"start":{"line":530,"column":47},"end":{"line":533,"column":3}}},"34":{"name":"(anonymous_38)","decl":{"start":{"line":539,"column":2},"end":{"line":539,"column":8}},"loc":{"start":{"line":539,"column":28},"end":{"line":542,"column":3}}},"35":{"name":"(anonymous_39)","decl":{"start":{"line":548,"column":2},"end":{"line":548,"column":8}},"loc":{"start":{"line":548,"column":30},"end":{"line":551,"column":3}}},"36":{"name":"(anonymous_40)","decl":{"start":{"line":117,"column":2},"end":{"line":117,"column":null}},"loc":{"start":{"line":117,"column":2},"end":{"line":121,"column":3}}}},"branchMap":{"0":{"loc":{"start":{"line":26,"column":2},"end":{"line":50,"column":3}},"type":"if","locations":[{"start":{"line":26,"column":2},"end":{"line":50,"column":3}}]},"1":{"loc":{"start":{"line":26,"column":6},"end":{"line":28,"column":38}},"type":"binary-expr","locations":[{"start":{"line":26,"column":6},"end":{"line":26,"column":36}},{"start":{"line":27,"column":6},"end":{"line":27,"column":22}},{"start":{"line":28,"column":6},"end":{"line":28,"column":38}}]},"2":{"loc":{"start":{"line":40,"column":8},"end":{"line":42,"column":9}},"type":"if","locations":[{"start":{"line":40,"column":8},"end":{"line":42,"column":9}}]},"3":{"loc":{"start":{"line":46,"column":6},"end":{"line":48,"column":7}},"type":"if","locations":[{"start":{"line":46,"column":6},"end":{"line":48,"column":7}}]},"4":{"loc":{"start":{"line":46,"column":10},"end":{"line":46,"column":57}},"type":"binary-expr","locations":[{"start":{"line":46,"column":10},"end":{"line":46,"column":40}},{"start":{"line":46,"column":44},"end":{"line":46,"column":57}}]},"5":{"loc":{"start":{"line":53,"column":2},"end":{"line":70,"column":3}},"type":"if","locations":[{"start":{"line":53,"column":2},"end":{"line":70,"column":3}}]},"6":{"loc":{"start":{"line":53,"column":6},"end":{"line":55,"column":51}},"type":"binary-expr","locations":[{"start":{"line":53,"column":6},"end":{"line":53,"column":35}},{"start":{"line":54,"column":6},"end":{"line":54,"column":21}},{"start":{"line":55,"column":6},"end":{"line":55,"column":51}}]},"7":{"loc":{"start":{"line":66,"column":6},"end":{"line":68,"column":7}},"type":"if","locations":[{"start":{"line":66,"column":6},"end":{"line":68,"column":7}}]},"8":{"loc":{"start":{"line":66,"column":10},"end":{"line":66,"column":57}},"type":"binary-expr","locations":[{"start":{"line":66,"column":10},"end":{"line":66,"column":40}},{"start":{"line":66,"column":44},"end":{"line":66,"column":57}}]},"9":{"loc":{"start":{"line":129,"column":4},"end":{"line":140,"column":5}},"type":"if","locations":[{"start":{"line":129,"column":4},"end":{"line":140,"column":5}}]},"10":{"loc":{"start":{"line":149,"column":4},"end":{"line":151,"column":5}},"type":"if","locations":[{"start":{"line":149,"column":4},"end":{"line":151,"column":5}}]},"11":{"loc":{"start":{"line":406,"column":4},"end":{"line":416,"column":5}},"type":"if","locations":[{"start":{"line":406,"column":4},"end":{"line":416,"column":5}}]}},"s":{"0":11,"1":11,"2":32,"3":11,"4":14,"5":11,"6":11,"7":11,"8":11,"9":0,"10":11,"11":0,"12":0,"13":0,"14":0,"15":0,"16":11,"17":11,"18":11,"19":0,"20":0,"21":0,"22":79,"23":78,"24":78,"25":78,"26":78,"27":0,"28":0,"29":79,"30":750,"31":68,"32":190,"33":190,"34":18,"35":18,"36":121,"37":121,"38":7,"39":7,"40":124,"41":124,"42":8,"43":8,"44":7,"45":7,"46":6,"47":6,"48":6,"49":6,"50":2,"51":2,"52":1,"53":1,"54":2,"55":2,"56":122,"57":122,"58":104,"59":104,"60":5,"61":5,"62":78,"63":77,"64":77,"65":78,"66":78,"67":5,"68":5,"69":5,"70":5,"71":5,"72":5,"73":5,"74":5,"75":3,"76":3,"77":1,"78":1,"79":1,"80":1,"81":1,"82":1,"83":1,"84":1,"85":0,"86":0,"87":0,"88":0,"89":0,"90":0,"91":11,"92":11,"93":11,"94":11,"95":11,"96":11},"f":{"0":21,"1":3,"2":11,"3":0,"4":0,"5":0,"6":79,"7":750,"8":190,"9":18,"10":121,"11":7,"12":124,"13":8,"14":7,"15":6,"16":6,"17":2,"18":1,"19":2,"20":122,"21":104,"22":5,"23":78,"24":5,"25":5,"26":5,"27":5,"28":3,"29":1,"30":1,"31":1,"32":1,"33":0,"34":0,"35":0,"36":11},"b":{"0":[11],"1":[11,11,11],"2":[0],"3":[0],"4":[0,0],"5":[11],"6":[11,11,11],"7":[0],"8":[0,0],"9":[78],"10":[68],"11":[77]}}
,"/Users/scoopa/Projects/run-cache/src/core/cache-store.ts": {"path":"/Users/scoopa/Projects/run-cache/src/core/cache-store.ts","statementMap":{"0":{"start":{"line":1,"column":0},"end":{"line":1,"column":68}},"1":{"start":{"line":3,"column":0},"end":{"line":3,"column":63}},"2":{"start":{"line":4,"column":0},"end":{"line":4,"column":43}},"3":{"start":{"line":5,"column":0},"end":{"line":5,"column":45}},"4":{"start":{"line":6,"column":0},"end":{"line":6,"column":69}},"5":{"start":{"line":7,"column":0},"end":{"line":7,"column":null}},"6":{"start":{"line":10,"column":0},"end":{"line":10,"column":64}},"7":{"start":{"line":18,"column":2},"end":{"line":21,"column":3}},"8":{"start":{"line":20,"column":4},"end":{"line":20,"column":47}},"9":{"start":{"line":23,"column":2},"end":{"line":23,"column":59}},"10":{"start":{"line":85,"column":10},"end":{"line":85,"column":55}},"11":{"start":{"line":87,"column":10},"end":{"line":87,"column":73}},"12":{"start":{"line":96,"column":4},"end":{"line":101,"column":6}},"13":{"start":{"line":103,"column":4},"end":{"line":103,"column":47}},"14":{"start":{"line":104,"column":4},"end":{"line":104,"column":42}},"15":{"start":{"line":105,"column":4},"end":{"line":105,"column":52}},"16":{"start":{"line":106,"column":4},"end":{"line":106,"column":71}},"17":{"start":{"line":109,"column":4},"end":{"line":109,"column":48}},"18":{"start":{"line":110,"column":4},"end":{"line":110,"column":48}},"19":{"start":{"line":113,"column":4},"end":{"line":115,"column":5}},"20":{"start":{"line":114,"column":6},"end":{"line":114,"column":55}},"21":{"start":{"line":126,"column":18},"end":{"line":126,"column":40}},"22":{"start":{"line":129,"column":4},"end":{"line":135,"column":5}},"23":{"start":{"line":130,"column":6},"end":{"line":134,"column":7}},"24":{"start":{"line":131,"column":8},"end":{"line":131,"column":38}},"25":{"start":{"line":133,"column":8},"end":{"line":133,"column":83}},"26":{"start":{"line":137,"column":4},"end":{"line":137,"column":17}},"27":{"start":{"line":160,"column":4},"end":{"line":163,"column":5}},"28":{"start":{"line":161,"column":6},"end":{"line":161,"column":69}},"29":{"start":{"line":162,"column":6},"end":{"line":162,"column":35}},"30":{"start":{"line":165,"column":4},"end":{"line":168,"column":5}},"31":{"start":{"line":166,"column":6},"end":{"line":166,"column":102}},"32":{"start":{"line":167,"column":6},"end":{"line":167,"column":69}},"33":{"start":{"line":170,"column":4},"end":{"line":173,"column":5}},"34":{"start":{"line":171,"column":6},"end":{"line":171,"column":82}},"35":{"start":{"line":172,"column":6},"end":{"line":172,"column":70}},"36":{"start":{"line":176,"column":4},"end":{"line":181,"column":5}},"37":{"start":{"line":177,"column":6},"end":{"line":177,"column":28}},"38":{"start":{"line":179,"column":6},"end":{"line":179,"column":80}},"39":{"start":{"line":180,"column":6},"end":{"line":180,"column":18}},"40":{"start":{"line":184,"column":4},"end":{"line":211,"column":5}},"41":{"start":{"line":185,"column":6},"end":{"line":188,"column":7}},"42":{"start":{"line":186,"column":8},"end":{"line":186,"column":92}},"43":{"start":{"line":187,"column":8},"end":{"line":187,"column":51}},"44":{"start":{"line":191,"column":21},"end":{"line":191,"column":38}},"45":{"start":{"line":193,"column":6},"end":{"line":210,"column":7}},"46":{"start":{"line":195,"column":8},"end":{"line":198,"column":9}},"47":{"start":{"line":196,"column":10},"end":{"line":196,"column":112}},"48":{"start":{"line":197,"column":10},"end":{"line":197,"column":65}},"49":{"start":{"line":201,"column":30},"end":{"line":201,"column":47}},"50":{"start":{"line":204,"column":8},"end":{"line":207,"column":9}},"51":{"start":{"line":205,"column":10},"end":{"line":205,"column":86}},"52":{"start":{"line":206,"column":10},"end":{"line":206,"column":61}},"53":{"start":{"line":209,"column":8},"end":{"line":209,"column":34}},"54":{"start":{"line":214,"column":4},"end":{"line":247,"column":5}},"55":{"start":{"line":215,"column":6},"end":{"line":218,"column":7}},"56":{"start":{"line":216,"column":8},"end":{"line":216,"column":100}},"57":{"start":{"line":217,"column":8},"end":{"line":217,"column":59}},"58":{"start":{"line":221,"column":21},"end":{"line":221,"column":38}},"59":{"start":{"line":223,"column":6},"end":{"line":237,"column":7}},"60":{"start":{"line":225,"column":8},"end":{"line":228,"column":9}},"61":{"start":{"line":226,"column":10},"end":{"line":226,"column":126}},"62":{"start":{"line":227,"column":10},"end":{"line":227,"column":72}},"63":{"start":{"line":231,"column":8},"end":{"line":234,"column":9}},"64":{"start":{"line":232,"column":10},"end":{"line":232,"column":93}},"65":{"start":{"line":233,"column":10},"end":{"line":233,"column":68}},"66":{"start":{"line":236,"column":8},"end":{"line":236,"column":24}},"67":{"start":{"line":240,"column":6},"end":{"line":246,"column":7}},"68":{"start":{"line":241,"column":8},"end":{"line":244,"column":10}},"69":{"start":{"line":245,"column":8},"end":{"line":245,"column":57}},"70":{"start":{"line":249,"column":17},"end":{"line":249,"column":27}},"71":{"start":{"line":251,"column":4},"end":{"line":259,"column":7}},"72":{"start":{"line":262,"column":26},"end":{"line":262,"column":45}},"73":{"start":{"line":263,"column":4},"end":{"line":266,"column":5}},"74":{"start":{"line":264,"column":6},"end":{"line":264,"column":77}},"75":{"start":{"line":265,"column":6},"end":{"line":265,"column":43}},"76":{"start":{"line":268,"column":57},"end":{"line":268,"column":61}},"77":{"start":{"line":270,"column":4},"end":{"line":293,"column":5}},"78":{"start":{"line":271,"column":6},"end":{"line":271,"column":89}},"79":{"start":{"line":272,"column":6},"end":{"line":292,"column":14}},"80":{"start":{"line":273,"column":8},"end":{"line":273,"column":64}},"81":{"start":{"line":274,"column":8},"end":{"line":283,"column":10}},"82":{"start":{"line":285,"column":8},"end":{"line":291,"column":9}},"83":{"start":{"line":286,"column":10},"end":{"line":286,"column":66}},"84":{"start":{"line":287,"column":10},"end":{"line":290,"column":13}},"85":{"start":{"line":288,"column":12},"end":{"line":288,"column":79}},"86":{"start":{"line":295,"column":21},"end":{"line":295,"column":26}},"87":{"start":{"line":297,"column":4},"end":{"line":306,"column":5}},"88":{"start":{"line":298,"column":6},"end":{"line":305,"column":7}},"89":{"start":{"line":299,"column":8},"end":{"line":299,"column":82}},"90":{"start":{"line":300,"column":8},"end":{"line":300,"column":38}},"91":{"start":{"line":301,"column":8},"end":{"line":301,"column":94}},"92":{"start":{"line":303,"column":8},"end":{"line":303,"column":78}},"93":{"start":{"line":304,"column":8},"end":{"line":304,"column":68}},"94":{"start":{"line":309,"column":4},"end":{"line":329,"column":5}},"95":{"start":{"line":310,"column":41},"end":{"line":317,"column":8}},"96":{"start":{"line":319,"column":24},"end":{"line":319,"column":81}},"97":{"start":{"line":320,"column":6},"end":{"line":323,"column":7}},"98":{"start":{"line":321,"column":8},"end":{"line":321,"column":82}},"99":{"start":{"line":322,"column":8},"end":{"line":322,"column":75}},"100":{"start":{"line":324,"column":6},"end":{"line":324,"column":29}},"101":{"start":{"line":325,"column":6},"end":{"line":325,"column":69}},"102":{"start":{"line":327,"column":6},"end":{"line":327,"column":85}},"103":{"start":{"line":328,"column":6},"end":{"line":328,"column":71}},"104":{"start":{"line":333,"column":23},"end":{"line":333,"column":73}},"105":{"start":{"line":334,"column":4},"end":{"line":340,"column":5}},"106":{"start":{"line":338,"column":6},"end":{"line":338,"column":97}},"107":{"start":{"line":339,"column":6},"end":{"line":339,"column":36}},"108":{"start":{"line":343,"column":24},"end":{"line":343,"column":69}},"109":{"start":{"line":344,"column":25},"end":{"line":344,"column":74}},"110":{"start":{"line":347,"column":22},"end":{"line":347,"column":78}},"111":{"start":{"line":348,"column":30},"end":{"line":348,"column":100}},"112":{"start":{"line":350,"column":4},"end":{"line":364,"column":7}},"113":{"start":{"line":366,"column":4},"end":{"line":371,"column":7}},"114":{"start":{"line":374,"column":4},"end":{"line":374,"column":33}},"115":{"start":{"line":375,"column":4},"end":{"line":375,"column":16}},"116":{"start":{"line":383,"column":19},"end":{"line":383,"column":38}},"117":{"start":{"line":384,"column":4},"end":{"line":396,"column":5}},"118":{"start":{"line":386,"column":18},"end":{"line":386,"column":28}},"119":{"start":{"line":387,"column":29},"end":{"line":387,"column":99}},"120":{"start":{"line":388,"column":6},"end":{"line":388,"column":32}},"121":{"start":{"line":389,"column":6},"end":{"line":389,"column":30}},"122":{"start":{"line":390,"column":6},"end":{"line":390,"column":34}},"123":{"start":{"line":392,"column":6},"end":{"line":395,"column":9}},"124":{"start":{"line":397,"column":4},"end":{"line":397,"column":33}},"125":{"start":{"line":405,"column":23},"end":{"line":405,"column":73}},"126":{"start":{"line":406,"column":4},"end":{"line":408,"column":5}},"127":{"start":{"line":407,"column":6},"end":{"line":407,"column":13}},"128":{"start":{"line":411,"column":27},"end":{"line":411,"column":83}},"129":{"start":{"line":413,"column":4},"end":{"line":415,"column":5}},"130":{"start":{"line":414,"column":6},"end":{"line":414,"column":13}},"131":{"start":{"line":417,"column":4},"end":{"line":418,"column":89}},"132":{"start":{"line":421,"column":32},"end":{"line":421,"column":34}},"133":{"start":{"line":423,"column":4},"end":{"line":441,"column":5}},"134":{"start":{"line":425,"column":8},"end":{"line":428,"column":10}},"135":{"start":{"line":429,"column":8},"end":{"line":429,"column":14}},"136":{"start":{"line":431,"column":8},"end":{"line":434,"column":10}},"137":{"start":{"line":435,"column":8},"end":{"line":435,"column":14}},"138":{"start":{"line":439,"column":8},"end":{"line":439,"column":79}},"139":{"start":{"line":440,"column":8},"end":{"line":440,"column":14}},"140":{"start":{"line":444,"column":4},"end":{"line":446,"column":5}},"141":{"start":{"line":445,"column":6},"end":{"line":445,"column":29}},"142":{"start":{"line":453,"column":4},"end":{"line":455,"column":5}},"143":{"start":{"line":454,"column":6},"end":{"line":454,"column":54}},"144":{"start":{"line":457,"column":35},"end":{"line":457,"column":37}},"145":{"start":{"line":459,"column":20},"end":{"line":459,"column":49}},"146":{"start":{"line":461,"column":4},"end":{"line":465,"column":5}},"147":{"start":{"line":462,"column":6},"end":{"line":464,"column":7}},"148":{"start":{"line":463,"column":8},"end":{"line":463,"column":31}},"149":{"start":{"line":467,"column":4},"end":{"line":467,"column":95}},"150":{"start":{"line":468,"column":4},"end":{"line":468,"column":24}},"151":{"start":{"line":475,"column":4},"end":{"line":478,"column":5}},"152":{"start":{"line":476,"column":6},"end":{"line":476,"column":69}},"153":{"start":{"line":477,"column":6},"end":{"line":477,"column":23}},"154":{"start":{"line":480,"column":4},"end":{"line":480,"column":61}},"155":{"start":{"line":482,"column":22},"end":{"line":482,"column":39}},"156":{"start":{"line":484,"column":4},"end":{"line":507,"column":5}},"157":{"start":{"line":485,"column":27},"end":{"line":485,"column":52}},"158":{"start":{"line":486,"column":6},"end":{"line":489,"column":7}},"159":{"start":{"line":487,"column":8},"end":{"line":487,"column":75}},"160":{"start":{"line":488,"column":8},"end":{"line":488,"column":25}},"161":{"start":{"line":492,"column":22},"end":{"line":500,"column":null}},"162":{"start":{"line":494,"column":10},"end":{"line":499,"column":11}},"163":{"start":{"line":495,"column":12},"end":{"line":495,"column":52}},"164":{"start":{"line":497,"column":12},"end":{"line":497,"column":90}},"165":{"start":{"line":498,"column":12},"end":{"line":498,"column":29}},"166":{"start":{"line":504,"column":27},"end":{"line":504,"column":93}},"167":{"start":{"line":504,"column":72},"end":{"line":504,"column":92}},"168":{"start":{"line":506,"column":6},"end":{"line":506,"column":64}},"169":{"start":{"line":510,"column":4},"end":{"line":510,"column":31}},"170":{"start":{"line":517,"column":19},"end":{"line":517,"column":38}},"171":{"start":{"line":519,"column":4},"end":{"line":522,"column":5}},"172":{"start":{"line":520,"column":6},"end":{"line":520,"column":61}},"173":{"start":{"line":521,"column":6},"end":{"line":521,"column":23}},"174":{"start":{"line":525,"column":4},"end":{"line":567,"column":5}},"175":{"start":{"line":526,"column":6},"end":{"line":526,"column":64}},"176":{"start":{"line":529,"column":6},"end":{"line":561,"column":7}},"177":{"start":{"line":531,"column":8},"end":{"line":540,"column":9}},"178":{"start":{"line":532,"column":10},"end":{"line":532,"column":74}},"179":{"start":{"line":535,"column":10},"end":{"line":537,"column":14}},"180":{"start":{"line":535,"column":39},"end":{"line":537,"column":12}},"181":{"start":{"line":536,"column":12},"end":{"line":536,"column":85}},"182":{"start":{"line":539,"column":10},"end":{"line":539,"column":82}},"183":{"start":{"line":543,"column":26},"end":{"line":543,"column":32}},"184":{"start":{"line":546,"column":43},"end":{"line":553,"column":10}},"185":{"start":{"line":555,"column":26},"end":{"line":555,"column":78}},"186":{"start":{"line":556,"column":8},"end":{"line":559,"column":9}},"187":{"start":{"line":557,"column":10},"end":{"line":557,"column":90}},"188":{"start":{"line":558,"column":10},"end":{"line":558,"column":83}},"189":{"start":{"line":560,"column":8},"end":{"line":560,"column":25}},"190":{"start":{"line":564,"column":6},"end":{"line":564,"column":73}},"191":{"start":{"line":565,"column":6},"end":{"line":565,"column":29}},"192":{"start":{"line":566,"column":6},"end":{"line":566,"column":23}},"193":{"start":{"line":570,"column":4},"end":{"line":570,"column":35}},"194":{"start":{"line":571,"column":4},"end":{"line":571,"column":58}},"195":{"start":{"line":572,"column":22},"end":{"line":572,"column":28}},"196":{"start":{"line":575,"column":39},"end":{"line":582,"column":6}},"197":{"start":{"line":584,"column":22},"end":{"line":584,"column":74}},"198":{"start":{"line":585,"column":4},"end":{"line":588,"column":5}},"199":{"start":{"line":586,"column":6},"end":{"line":586,"column":80}},"200":{"start":{"line":587,"column":6},"end":{"line":587,"column":73}},"201":{"start":{"line":589,"column":4},"end":{"line":589,"column":21}},"202":{"start":{"line":597,"column":4},"end":{"line":629,"column":5}},"203":{"start":{"line":598,"column":6},"end":{"line":598,"column":83}},"204":{"start":{"line":599,"column":27},"end":{"line":599,"column":52}},"205":{"start":{"line":600,"column":6},"end":{"line":603,"column":7}},"206":{"start":{"line":601,"column":8},"end":{"line":601,"column":75}},"207":{"start":{"line":602,"column":8},"end":{"line":602,"column":21}},"208":{"start":{"line":605,"column":6},"end":{"line":605,"column":111}},"209":{"start":{"line":607,"column":6},"end":{"line":628,"column":7}},"210":{"start":{"line":609,"column":24},"end":{"line":618,"column":null}},"211":{"start":{"line":611,"column":12},"end":{"line":617,"column":13}},"212":{"start":{"line":612,"column":14},"end":{"line":612,"column":58}},"213":{"start":{"line":614,"column":14},"end":{"line":614,"column":82}},"214":{"start":{"line":616,"column":14},"end":{"line":616,"column":27}},"215":{"start":{"line":622,"column":30},"end":{"line":622,"column":71}},"216":{"start":{"line":622,"column":55},"end":{"line":622,"column":70}},"217":{"start":{"line":623,"column":8},"end":{"line":623,"column":103}},"218":{"start":{"line":624,"column":8},"end":{"line":624,"column":29}},"219":{"start":{"line":626,"column":8},"end":{"line":626,"column":85}},"220":{"start":{"line":627,"column":8},"end":{"line":627,"column":16}},"221":{"start":{"line":632,"column":4},"end":{"line":632,"column":35}},"222":{"start":{"line":639,"column":19},"end":{"line":639,"column":38}},"223":{"start":{"line":641,"column":4},"end":{"line":644,"column":5}},"224":{"start":{"line":642,"column":6},"end":{"line":642,"column":71}},"225":{"start":{"line":643,"column":6},"end":{"line":643,"column":19}},"226":{"start":{"line":646,"column":4},"end":{"line":649,"column":5}},"227":{"start":{"line":647,"column":6},"end":{"line":647,"column":69}},"228":{"start":{"line":648,"column":6},"end":{"line":648,"column":19}},"229":{"start":{"line":652,"column":4},"end":{"line":655,"column":5}},"230":{"start":{"line":653,"column":6},"end":{"line":653,"column":78}},"231":{"start":{"line":654,"column":6},"end":{"line":654,"column":19}},"232":{"start":{"line":658,"column":4},"end":{"line":658,"column":27}},"233":{"start":{"line":659,"column":4},"end":{"line":659,"column":32}},"234":{"start":{"line":661,"column":4},"end":{"line":775,"column":5}},"235":{"start":{"line":662,"column":6},"end":{"line":662,"column":57}},"236":{"start":{"line":666,"column":6},"end":{"line":688,"column":7}},"237":{"start":{"line":667,"column":8},"end":{"line":667,"column":43}},"238":{"start":{"line":669,"column":8},"end":{"line":669,"column":93}},"239":{"start":{"line":672,"column":8},"end":{"line":680,"column":10}},"240":{"start":{"line":683,"column":8},"end":{"line":683,"column":32}},"241":{"start":{"line":684,"column":8},"end":{"line":684,"column":36}},"242":{"start":{"line":687,"column":8},"end":{"line":687,"column":68}},"243":{"start":{"line":691,"column":18},"end":{"line":691,"column":28}},"244":{"start":{"line":694,"column":6},"end":{"line":702,"column":8}},"245":{"start":{"line":705,"column":41},"end":{"line":712,"column":8}},"246":{"start":{"line":714,"column":24},"end":{"line":714,"column":79}},"247":{"start":{"line":715,"column":6},"end":{"line":718,"column":7}},"248":{"start":{"line":716,"column":8},"end":{"line":716,"column":97}},"249":{"start":{"line":717,"column":8},"end":{"line":717,"column":90}},"250":{"start":{"line":719,"column":6},"end":{"line":719,"column":27}},"251":{"start":{"line":722,"column":6},"end":{"line":724,"column":7}},"252":{"start":{"line":723,"column":8},"end":{"line":723,"column":38}},"253":{"start":{"line":729,"column":6},"end":{"line":749,"column":7}},"254":{"start":{"line":730,"column":8},"end":{"line":748,"column":23}},"255":{"start":{"line":731,"column":10},"end":{"line":731,"column":76}},"256":{"start":{"line":732,"column":10},"end":{"line":740,"column":12}},"257":{"start":{"line":742,"column":10},"end":{"line":747,"column":11}},"258":{"start":{"line":743,"column":12},"end":{"line":743,"column":81}},"259":{"start":{"line":744,"column":12},"end":{"line":746,"column":15}},"260":{"start":{"line":745,"column":14},"end":{"line":745,"column":81}},"261":{"start":{"line":752,"column":6},"end":{"line":758,"column":9}},"262":{"start":{"line":760,"column":6},"end":{"line":760,"column":69}},"263":{"start":{"line":762,"column":6},"end":{"line":762,"column":18}},"264":{"start":{"line":765,"column":6},"end":{"line":771,"column":7}},"265":{"start":{"line":766,"column":8},"end":{"line":766,"column":70}},"266":{"start":{"line":769,"column":8},"end":{"line":769,"column":32}},"267":{"start":{"line":770,"column":8},"end":{"line":770,"column":36}},"268":{"start":{"line":774,"column":6},"end":{"line":774,"column":14}},"269":{"start":{"line":782,"column":4},"end":{"line":798,"column":5}},"270":{"start":{"line":783,"column":6},"end":{"line":783,"column":72}},"271":{"start":{"line":784,"column":27},"end":{"line":784,"column":52}},"272":{"start":{"line":785,"column":6},"end":{"line":788,"column":7}},"273":{"start":{"line":786,"column":8},"end":{"line":786,"column":75}},"274":{"start":{"line":787,"column":8},"end":{"line":787,"column":21}},"275":{"start":{"line":790,"column":6},"end":{"line":790,"column":111}},"276":{"start":{"line":792,"column":23},"end":{"line":792,"column":28}},"277":{"start":{"line":793,"column":6},"end":{"line":796,"column":7}},"278":{"start":{"line":794,"column":24},"end":{"line":794,"column":53}},"279":{"start":{"line":795,"column":8},"end":{"line":795,"column":43}},"280":{"start":{"line":797,"column":6},"end":{"line":797,"column":24}},"281":{"start":{"line":800,"column":4},"end":{"line":800,"column":34}},"282":{"start":{"line":807,"column":18},"end":{"line":807,"column":37}},"283":{"start":{"line":808,"column":4},"end":{"line":811,"column":5}},"284":{"start":{"line":809,"column":6},"end":{"line":809,"column":71}},"285":{"start":{"line":810,"column":6},"end":{"line":810,"column":19}},"286":{"start":{"line":813,"column":4},"end":{"line":816,"column":5}},"287":{"start":{"line":814,"column":6},"end":{"line":814,"column":67}},"288":{"start":{"line":815,"column":6},"end":{"line":815,"column":35}},"289":{"start":{"line":818,"column":4},"end":{"line":818,"column":51}},"290":{"start":{"line":819,"column":4},"end":{"line":819,"column":34}},"291":{"start":{"line":826,"column":19},"end":{"line":826,"column":50}},"292":{"start":{"line":827,"column":18},"end":{"line":827,"column":31}},"293":{"start":{"line":829,"column":4},"end":{"line":829,"column":63}},"294":{"start":{"line":831,"column":4},"end":{"line":835,"column":7}},"295":{"start":{"line":832,"column":6},"end":{"line":834,"column":7}},"296":{"start":{"line":833,"column":8},"end":{"line":833,"column":31}},"297":{"start":{"line":837,"column":4},"end":{"line":837,"column":23}},"298":{"start":{"line":838,"column":4},"end":{"line":838,"column":85}},"299":{"start":{"line":845,"column":4},"end":{"line":859,"column":5}},"300":{"start":{"line":846,"column":6},"end":{"line":846,"column":73}},"301":{"start":{"line":847,"column":27},"end":{"line":847,"column":52}},"302":{"start":{"line":849,"column":6},"end":{"line":855,"column":7}},"303":{"start":{"line":850,"column":23},"end":{"line":850,"column":55}},"304":{"start":{"line":851,"column":8},"end":{"line":854,"column":9}},"305":{"start":{"line":852,"column":10},"end":{"line":852,"column":92}},"306":{"start":{"line":853,"column":10},"end":{"line":853,"column":22}},"307":{"start":{"line":857,"column":6},"end":{"line":857,"column":74}},"308":{"start":{"line":858,"column":6},"end":{"line":858,"column":19}},"309":{"start":{"line":861,"column":4},"end":{"line":861,"column":31}},"310":{"start":{"line":868,"column":19},"end":{"line":868,"column":38}},"311":{"start":{"line":870,"column":4},"end":{"line":872,"column":5}},"312":{"start":{"line":871,"column":6},"end":{"line":871,"column":19}},"313":{"start":{"line":874,"column":4},"end":{"line":894,"column":5}},"314":{"start":{"line":875,"column":6},"end":{"line":883,"column":8}},"315":{"start":{"line":886,"column":6},"end":{"line":889,"column":7}},"316":{"start":{"line":887,"column":8},"end":{"line":887,"column":77}},"317":{"start":{"line":888,"column":8},"end":{"line":888,"column":38}},"318":{"start":{"line":890,"column":6},"end":{"line":890,"column":82}},"319":{"start":{"line":891,"column":6},"end":{"line":891,"column":29}},"320":{"start":{"line":893,"column":6},"end":{"line":893,"column":19}},"321":{"start":{"line":897,"column":4},"end":{"line":897,"column":35}},"322":{"start":{"line":898,"column":4},"end":{"line":898,"column":16}},"323":{"start":{"line":906,"column":4},"end":{"line":909,"column":6}},"324":{"start":{"line":912,"column":4},"end":{"line":912,"column":42}},"325":{"start":{"line":915,"column":4},"end":{"line":938,"column":5}},"326":{"start":{"line":917,"column":6},"end":{"line":923,"column":7}},"327":{"start":{"line":918,"column":8},"end":{"line":922,"column":9}},"328":{"start":{"line":919,"column":10},"end":{"line":919,"column":37}},"329":{"start":{"line":921,"column":10},"end":{"line":921,"column":103}},"330":{"start":{"line":925,"column":6},"end":{"line":925,"column":58}},"331":{"start":{"line":928,"column":6},"end":{"line":930,"column":7}},"332":{"start":{"line":929,"column":8},"end":{"line":929,"column":15}},"333":{"start":{"line":933,"column":6},"end":{"line":937,"column":7}},"334":{"start":{"line":934,"column":8},"end":{"line":934,"column":37}},"335":{"start":{"line":936,"column":8},"end":{"line":936,"column":94}},"336":{"start":{"line":945,"column":4},"end":{"line":945,"column":30}},"337":{"start":{"line":952,"column":4},"end":{"line":952,"column":40}},"338":{"start":{"line":959,"column":4},"end":{"line":962,"column":5}},"339":{"start":{"line":960,"column":6},"end":{"line":960,"column":77}},"340":{"start":{"line":961,"column":6},"end":{"line":961,"column":31}},"341":{"start":{"line":963,"column":4},"end":{"line":963,"column":48}},"342":{"start":{"line":970,"column":4},"end":{"line":970,"column":41}},"343":{"start":{"line":977,"column":4},"end":{"line":980,"column":5}},"344":{"start":{"line":978,"column":6},"end":{"line":978,"column":78}},"345":{"start":{"line":979,"column":6},"end":{"line":979,"column":31}},"346":{"start":{"line":981,"column":4},"end":{"line":981,"column":49}},"347":{"start":{"line":988,"column":4},"end":{"line":988,"column":48}},"348":{"start":{"line":995,"column":4},"end":{"line":998,"column":5}},"349":{"start":{"line":996,"column":6},"end":{"line":996,"column":85}},"350":{"start":{"line":997,"column":6},"end":{"line":997,"column":31}},"351":{"start":{"line":999,"column":4},"end":{"line":999,"column":56}},"352":{"start":{"line":1006,"column":4},"end":{"line":1006,"column":49}},"353":{"start":{"line":1013,"column":4},"end":{"line":1016,"column":5}},"354":{"start":{"line":1014,"column":6},"end":{"line":1014,"column":86}},"355":{"start":{"line":1015,"column":6},"end":{"line":1015,"column":31}},"356":{"start":{"line":1017,"column":4},"end":{"line":1017,"column":57}},"357":{"start":{"line":1024,"column":4},"end":{"line":1024,"column":56}},"358":{"start":{"line":1031,"column":4},"end":{"line":1034,"column":5}},"359":{"start":{"line":1032,"column":6},"end":{"line":1032,"column":93}},"360":{"start":{"line":1033,"column":6},"end":{"line":1033,"column":31}},"361":{"start":{"line":1035,"column":4},"end":{"line":1035,"column":64}},"362":{"start":{"line":1042,"column":4},"end":{"line":1042,"column":56}},"363":{"start":{"line":1049,"column":44},"end":{"line":1049,"column":46}},"364":{"start":{"line":1050,"column":4},"end":{"line":1063,"column":5}},"365":{"start":{"line":1051,"column":6},"end":{"line":1062,"column":8}},"366":{"start":{"line":1065,"column":38},"end":{"line":1073,"column":6}},"367":{"start":{"line":1075,"column":4},"end":{"line":1075,"column":32}},"368":{"start":{"line":1083,"column":4},"end":{"line":1127,"column":5}},"369":{"start":{"line":1084,"column":42},"end":{"line":1084,"column":58}},"370":{"start":{"line":1087,"column":6},"end":{"line":1089,"column":7}},"371":{"start":{"line":1088,"column":8},"end":{"line":1088,"column":77}},"372":{"start":{"line":1092,"column":6},"end":{"line":1092,"column":19}},"373":{"start":{"line":1095,"column":6},"end":{"line":1103,"column":7}},"374":{"start":{"line":1096,"column":8},"end":{"line":1098,"column":9}},"375":{"start":{"line":1097,"column":10},"end":{"line":1097,"column":60}},"376":{"start":{"line":1100,"column":8},"end":{"line":1102,"column":9}},"377":{"start":{"line":1101,"column":10},"end":{"line":1101,"column":86}},"378":{"start":{"line":1106,"column":6},"end":{"line":1122,"column":7}},"379":{"start":{"line":1107,"column":8},"end":{"line":1121,"column":9}},"380":{"start":{"line":1108,"column":36},"end":{"line":1118,"column":12}},"381":{"start":{"line":1120,"column":10},"end":{"line":1120,"column":37}},"382":{"start":{"line":1124,"column":6},"end":{"line":1124,"column":88}},"383":{"start":{"line":1126,"column":6},"end":{"line":1126,"column":119}},"384":{"start":{"line":1135,"column":4},"end":{"line":1137,"column":5}},"385":{"start":{"line":1136,"column":6},"end":{"line":1136,"column":13}},"386":{"start":{"line":1140,"column":20},"end":{"line":1140,"column":48}},"387":{"start":{"line":1141,"column":26},"end":{"line":1141,"column":45}},"388":{"start":{"line":1144,"column":4},"end":{"line":1147,"column":5}},"389":{"start":{"line":1145,"column":6},"end":{"line":1145,"column":36}},"390":{"start":{"line":1146,"column":6},"end":{"line":1146,"column":13}},"391":{"start":{"line":1150,"column":4},"end":{"line":1152,"column":22}},"392":{"start":{"line":1151,"column":6},"end":{"line":1151,"column":36}},"393":{"start":{"line":1159,"column":4},"end":{"line":1159,"column":60}},"394":{"start":{"line":1161,"column":4},"end":{"line":1169,"column":6}},"395":{"start":{"line":1171,"column":4},"end":{"line":1177,"column":5}},"396":{"start":{"line":1172,"column":6},"end":{"line":1172,"column":62}},"397":{"start":{"line":1173,"column":6},"end":{"line":1176,"column":9}},"398":{"start":{"line":1174,"column":8},"end":{"line":1174,"column":75}},"399":{"start":{"line":1184,"column":4},"end":{"line":1186,"column":5}},"400":{"start":{"line":1185,"column":6},"end":{"line":1185,"column":19}},"401":{"start":{"line":1188,"column":4},"end":{"line":1199,"column":5}},"402":{"start":{"line":1190,"column":29},"end":{"line":1190,"column":50}},"403":{"start":{"line":1193,"column":6},"end":{"line":1193,"column":53}},"404":{"start":{"line":1194,"column":6},"end":{"line":1194,"column":95}},"405":{"start":{"line":1195,"column":6},"end":{"line":1195,"column":18}},"406":{"start":{"line":1197,"column":6},"end":{"line":1197,"column":78}},"407":{"start":{"line":1198,"column":6},"end":{"line":1198,"column":19}},"408":{"start":{"line":1206,"column":4},"end":{"line":1208,"column":5}},"409":{"start":{"line":1207,"column":6},"end":{"line":1207,"column":19}},"410":{"start":{"line":1210,"column":4},"end":{"line":1225,"column":5}},"411":{"start":{"line":1212,"column":19},"end":{"line":1212,"column":51}},"412":{"start":{"line":1214,"column":6},"end":{"line":1217,"column":7}},"413":{"start":{"line":1215,"column":8},"end":{"line":1215,"column":67}},"414":{"start":{"line":1216,"column":8},"end":{"line":1216,"column":21}},"415":{"start":{"line":1220,"column":6},"end":{"line":1220,"column":34}},"416":{"start":{"line":1221,"column":6},"end":{"line":1221,"column":18}},"417":{"start":{"line":1223,"column":6},"end":{"line":1223,"column":80}},"418":{"start":{"line":1224,"column":6},"end":{"line":1224,"column":19}},"419":{"start":{"line":1234,"column":4},"end":{"line":1237,"column":5}},"420":{"start":{"line":1235,"column":6},"end":{"line":1235,"column":43}},"421":{"start":{"line":1236,"column":6},"end":{"line":1236,"column":35}},"422":{"start":{"line":1240,"column":4},"end":{"line":1246,"column":5}},"423":{"start":{"line":1241,"column":6},"end":{"line":1245,"column":21}},"424":{"start":{"line":1242,"column":8},"end":{"line":1244,"column":11}},"425":{"start":{"line":1243,"column":10},"end":{"line":1243,"column":62}},"426":{"start":{"line":1256,"column":4},"end":{"line":1256,"column":50}},"427":{"start":{"line":1265,"column":4},"end":{"line":1265,"column":42}},"428":{"start":{"line":1276,"column":4},"end":{"line":1279,"column":5}},"429":{"start":{"line":1277,"column":6},"end":{"line":1277,"column":81}},"430":{"start":{"line":1278,"column":6},"end":{"line":1278,"column":19}},"431":{"start":{"line":1282,"column":26},"end":{"line":1282,"column":43}},"432":{"start":{"line":1283,"column":4},"end":{"line":1283,"column":85}},"433":{"start":{"line":1285,"column":22},"end":{"line":1285,"column":27}},"434":{"start":{"line":1288,"column":4},"end":{"line":1308,"column":5}},"435":{"start":{"line":1289,"column":6},"end":{"line":1307,"column":7}},"436":{"start":{"line":1290,"column":8},"end":{"line":1290,"column":91}},"437":{"start":{"line":1293,"column":8},"end":{"line":1303,"column":10}},"438":{"start":{"line":1305,"column":8},"end":{"line":1305,"column":31}},"439":{"start":{"line":1306,"column":8},"end":{"line":1306,"column":27}},"440":{"start":{"line":1310,"column":4},"end":{"line":1314,"column":5}},"441":{"start":{"line":1311,"column":6},"end":{"line":1311,"column":93}},"442":{"start":{"line":1313,"column":6},"end":{"line":1313,"column":78}},"443":{"start":{"line":1316,"column":4},"end":{"line":1316,"column":23}},"444":{"start":{"line":1327,"column":4},"end":{"line":1330,"column":5}},"445":{"start":{"line":1328,"column":6},"end":{"line":1328,"column":88}},"446":{"start":{"line":1329,"column":6},"end":{"line":1329,"column":19}},"447":{"start":{"line":1332,"column":4},"end":{"line":1332,"column":83}},"448":{"start":{"line":1334,"column":22},"end":{"line":1334,"column":27}},"449":{"start":{"line":1335,"column":28},"end":{"line":1335,"column":45}},"450":{"start":{"line":1338,"column":4},"end":{"line":1344,"column":5}},"451":{"start":{"line":1339,"column":6},"end":{"line":1343,"column":7}},"452":{"start":{"line":1340,"column":8},"end":{"line":1340,"column":90}},"453":{"start":{"line":1341,"column":8},"end":{"line":1341,"column":38}},"454":{"start":{"line":1342,"column":8},"end":{"line":1342,"column":27}},"455":{"start":{"line":1347,"column":26},"end":{"line":1347,"column":30}},"456":{"start":{"line":1348,"column":26},"end":{"line":1348,"column":43}},"457":{"start":{"line":1351,"column":4},"end":{"line":1370,"column":5}},"458":{"start":{"line":1352,"column":6},"end":{"line":1352,"column":30}},"459":{"start":{"line":1353,"column":26},"end":{"line":1353,"column":90}},"460":{"start":{"line":1353,"column":68},"end":{"line":1353,"column":89}},"461":{"start":{"line":1355,"column":6},"end":{"line":1369,"column":7}},"462":{"start":{"line":1356,"column":8},"end":{"line":1356,"column":40}},"463":{"start":{"line":1359,"column":8},"end":{"line":1368,"column":9}},"464":{"start":{"line":1360,"column":10},"end":{"line":1360,"column":54}},"465":{"start":{"line":1360,"column":45},"end":{"line":1360,"column":54}},"466":{"start":{"line":1362,"column":10},"end":{"line":1367,"column":11}},"467":{"start":{"line":1363,"column":12},"end":{"line":1363,"column":111}},"468":{"start":{"line":1364,"column":12},"end":{"line":1364,"column":42}},"469":{"start":{"line":1365,"column":12},"end":{"line":1365,"column":35}},"470":{"start":{"line":1366,"column":12},"end":{"line":1366,"column":31}},"471":{"start":{"line":1373,"column":4},"end":{"line":1391,"column":5}},"472":{"start":{"line":1374,"column":25},"end":{"line":1374,"column":51}},"473":{"start":{"line":1375,"column":6},"end":{"line":1390,"column":7}},"474":{"start":{"line":1377,"column":8},"end":{"line":1387,"column":10}},"475":{"start":{"line":1389,"column":8},"end":{"line":1389,"column":38}},"476":{"start":{"line":1393,"column":4},"end":{"line":1397,"column":5}},"477":{"start":{"line":1394,"column":6},"end":{"line":1394,"column":111}},"478":{"start":{"line":1396,"column":6},"end":{"line":1396,"column":72}},"479":{"start":{"line":1399,"column":4},"end":{"line":1399,"column":23}},"480":{"start":{"line":1415,"column":4},"end":{"line":1418,"column":5}},"481":{"start":{"line":1416,"column":6},"end":{"line":1416,"column":80}},"482":{"start":{"line":1417,"column":6},"end":{"line":1417,"column":19}},"483":{"start":{"line":1420,"column":4},"end":{"line":1420,"column":85}},"484":{"start":{"line":1423,"column":4},"end":{"line":1426,"column":5}},"485":{"start":{"line":1424,"column":6},"end":{"line":1424,"column":83}},"486":{"start":{"line":1425,"column":6},"end":{"line":1425,"column":19}},"487":{"start":{"line":1429,"column":4},"end":{"line":1429,"column":27}},"488":{"start":{"line":1432,"column":4},"end":{"line":1435,"column":5}},"489":{"start":{"line":1433,"column":6},"end":{"line":1433,"column":87}},"490":{"start":{"line":1434,"column":6},"end":{"line":1434,"column":19}},"491":{"start":{"line":1437,"column":23},"end":{"line":1437,"column":48}},"492":{"start":{"line":1438,"column":4},"end":{"line":1440,"column":5}},"493":{"start":{"line":1439,"column":6},"end":{"line":1439,"column":19}},"494":{"start":{"line":1443,"column":4},"end":{"line":1445,"column":5}},"495":{"start":{"line":1444,"column":6},"end":{"line":1444,"column":18}},"496":{"start":{"line":1448,"column":4},"end":{"line":1452,"column":5}},"497":{"start":{"line":1449,"column":6},"end":{"line":1451,"column":7}},"498":{"start":{"line":1450,"column":8},"end":{"line":1450,"column":20}},"499":{"start":{"line":1454,"column":4},"end":{"line":1454,"column":17}},"500":{"start":{"line":1462,"column":4},"end":{"line":1469,"column":5}},"501":{"start":{"line":1463,"column":6},"end":{"line":1468,"column":7}},"502":{"start":{"line":1465,"column":8},"end":{"line":1465,"column":35}},"503":{"start":{"line":1467,"column":8},"end":{"line":1467,"column":85}},"504":{"start":{"line":1472,"column":4},"end":{"line":1475,"column":5}},"505":{"start":{"line":1473,"column":6},"end":{"line":1473,"column":43}},"506":{"start":{"line":1474,"column":6},"end":{"line":1474,"column":35}},"507":{"start":{"line":1478,"column":4},"end":{"line":1483,"column":5}},"508":{"start":{"line":1479,"column":6},"end":{"line":1482,"column":7}},"509":{"start":{"line":1480,"column":8},"end":{"line":1480,"column":41}},"510":{"start":{"line":1481,"column":8},"end":{"line":1481,"column":39}},"511":{"start":{"line":1486,"column":4},"end":{"line":1486,"column":23}},"512":{"start":{"line":1489,"column":4},"end":{"line":1489,"column":31}},"513":{"start":{"line":1492,"column":4},"end":{"line":1492,"column":31}},"514":{"start":{"line":1495,"column":4},"end":{"line":1498,"column":5}},"515":{"start":{"line":1496,"column":6},"end":{"line":1496,"column":43}},"516":{"start":{"line":1497,"column":6},"end":{"line":1497,"column":35}},"517":{"start":{"line":70,"column":0},"end":{"line":70,"column":13}}},"fnMap":{"0":{"name":"isExpired","decl":{"start":{"line":17,"column":9},"end":{"line":17,"column":18}},"loc":{"start":{"line":17,"column":70},"end":{"line":24,"column":1}}},"1":{"name":"(anonymous_1)","decl":{"start":{"line":95,"column":2},"end":{"line":95,"column":22}},"loc":{"start":{"line":95,"column":46},"end":{"line":116,"column":3}}},"2":{"name":"(anonymous_2)","decl":{"start":{"line":125,"column":2},"end":{"line":125,"column":8}},"loc":{"start":{"line":125,"column":46},"end":{"line":138,"column":3}}},"3":{"name":"(anonymous_3)","decl":{"start":{"line":143,"column":2},"end":{"line":143,"column":7}},"loc":{"start":{"line":159,"column":3},"end":{"line":376,"column":3}}},"4":{"name":"(anonymous_4)","decl":{"start":{"line":272,"column":28},"end":{"line":272,"column":31}},"loc":{"start":{"line":272,"column":33},"end":{"line":292,"column":7}}},"5":{"name":"(anonymous_5)","decl":{"start":{"line":287,"column":40},"end":{"line":287,"column":41}},"loc":{"start":{"line":287,"column":46},"end":{"line":290,"column":11}}},"6":{"name":"(anonymous_6)","decl":{"start":{"line":382,"column":10},"end":{"line":382,"column":30}},"loc":{"start":{"line":382,"column":42},"end":{"line":398,"column":3}}},"7":{"name":"(anonymous_7)","decl":{"start":{"line":403,"column":10},"end":{"line":403,"column":31}},"loc":{"start":{"line":403,"column":52},"end":{"line":447,"column":3}}},"8":{"name":"(anonymous_8)","decl":{"start":{"line":452,"column":10},"end":{"line":452,"column":25}},"loc":{"start":{"line":452,"column":41},"end":{"line":469,"column":3}}},"9":{"name":"(anonymous_9)","decl":{"start":{"line":474,"column":2},"end":{"line":474,"column":7}},"loc":{"start":{"line":474,"column":23},"end":{"line":511,"column":3}}},"10":{"name":"(anonymous_10)","decl":{"start":{"line":493,"column":25},"end":{"line":493,"column":30}},"loc":{"start":{"line":493,"column":46},"end":{"line":500,"column":9}}},"11":{"name":"(anonymous_11)","decl":{"start":{"line":504,"column":42},"end":{"line":504,"column":43}},"loc":{"start":{"line":504,"column":72},"end":{"line":504,"column":92}}},"12":{"name":"(anonymous_12)","decl":{"start":{"line":516,"column":10},"end":{"line":516,"column":15}},"loc":{"start":{"line":516,"column":37},"end":{"line":590,"column":3}}},"13":{"name":"(anonymous_13)","decl":{"start":{"line":535,"column":33},"end":{"line":535,"column":36}},"loc":{"start":{"line":535,"column":39},"end":{"line":537,"column":12}}},"14":{"name":"(anonymous_14)","decl":{"start":{"line":535,"column":69},"end":{"line":535,"column":70}},"loc":{"start":{"line":535,"column":75},"end":{"line":537,"column":11}}},"15":{"name":"(anonymous_15)","decl":{"start":{"line":595,"column":2},"end":{"line":595,"column":7}},"loc":{"start":{"line":595,"column":27},"end":{"line":633,"column":3}}},"16":{"name":"(anonymous_16)","decl":{"start":{"line":610,"column":27},"end":{"line":610,"column":32}},"loc":{"start":{"line":610,"column":48},"end":{"line":618,"column":11}}},"17":{"name":"(anonymous_17)","decl":{"start":{"line":622,"column":43},"end":{"line":622,"column":44}},"loc":{"start":{"line":622,"column":55},"end":{"line":622,"column":70}}},"18":{"name":"(anonymous_18)","decl":{"start":{"line":638,"column":10},"end":{"line":638,"column":15}},"loc":{"start":{"line":638,"column":41},"end":{"line":776,"column":3}}},"19":{"name":"(anonymous_19)","decl":{"start":{"line":730,"column":33},"end":{"line":730,"column":36}},"loc":{"start":{"line":730,"column":38},"end":{"line":748,"column":9}}},"20":{"name":"(anonymous_20)","decl":{"start":{"line":744,"column":42},"end":{"line":744,"column":43}},"loc":{"start":{"line":744,"column":48},"end":{"line":746,"column":13}}},"21":{"name":"(anonymous_21)","decl":{"start":{"line":781,"column":2},"end":{"line":781,"column":8}},"loc":{"start":{"line":781,"column":20},"end":{"line":801,"column":3}}},"22":{"name":"(anonymous_22)","decl":{"start":{"line":806,"column":10},"end":{"line":806,"column":22}},"loc":{"start":{"line":806,"column":34},"end":{"line":820,"column":3}}},"23":{"name":"(anonymous_23)","decl":{"start":{"line":825,"column":2},"end":{"line":825,"column":7}},"loc":{"start":{"line":825,"column":7},"end":{"line":839,"column":3}}},"24":{"name":"(anonymous_24)","decl":{"start":{"line":831,"column":19},"end":{"line":831,"column":20}},"loc":{"start":{"line":831,"column":36},"end":{"line":835,"column":5}}},"25":{"name":"(anonymous_25)","decl":{"start":{"line":844,"column":2},"end":{"line":844,"column":7}},"loc":{"start":{"line":844,"column":23},"end":{"line":862,"column":3}}},"26":{"name":"(anonymous_26)","decl":{"start":{"line":867,"column":10},"end":{"line":867,"column":15}},"loc":{"start":{"line":867,"column":37},"end":{"line":899,"column":3}}},"27":{"name":"(anonymous_27)","decl":{"start":{"line":904,"column":2},"end":{"line":904,"column":7}},"loc":{"start":{"line":904,"column":37},"end":{"line":939,"column":3}}},"28":{"name":"(anonymous_28)","decl":{"start":{"line":944,"column":2},"end":{"line":944,"column":11}},"loc":{"start":{"line":944,"column":11},"end":{"line":946,"column":3}}},"29":{"name":"(anonymous_29)","decl":{"start":{"line":951,"column":2},"end":{"line":951,"column":10}},"loc":{"start":{"line":951,"column":65},"end":{"line":953,"column":3}}},"30":{"name":"(anonymous_30)","decl":{"start":{"line":958,"column":2},"end":{"line":958,"column":13}},"loc":{"start":{"line":958,"column":81},"end":{"line":964,"column":3}}},"31":{"name":"(anonymous_31)","decl":{"start":{"line":969,"column":2},"end":{"line":969,"column":11}},"loc":{"start":{"line":969,"column":66},"end":{"line":971,"column":3}}},"32":{"name":"(anonymous_32)","decl":{"start":{"line":976,"column":2},"end":{"line":976,"column":14}},"loc":{"start":{"line":976,"column":82},"end":{"line":982,"column":3}}},"33":{"name":"(anonymous_33)","decl":{"start":{"line":987,"column":2},"end":{"line":987,"column":18}},"loc":{"start":{"line":987,"column":73},"end":{"line":989,"column":3}}},"34":{"name":"(anonymous_34)","decl":{"start":{"line":994,"column":2},"end":{"line":994,"column":21}},"loc":{"start":{"line":994,"column":89},"end":{"line":1000,"column":3}}},"35":{"name":"(anonymous_35)","decl":{"start":{"line":1005,"column":2},"end":{"line":1005,"column":19}},"loc":{"start":{"line":1005,"column":74},"end":{"line":1007,"column":3}}},"36":{"name":"(anonymous_36)","decl":{"start":{"line":1012,"column":2},"end":{"line":1012,"column":22}},"loc":{"start":{"line":1012,"column":90},"end":{"line":1018,"column":3}}},"37":{"name":"(anonymous_37)","decl":{"start":{"line":1023,"column":2},"end":{"line":1023,"column":26}},"loc":{"start":{"line":1023,"column":81},"end":{"line":1025,"column":3}}},"38":{"name":"(anonymous_38)","decl":{"start":{"line":1030,"column":2},"end":{"line":1030,"column":29}},"loc":{"start":{"line":1030,"column":97},"end":{"line":1036,"column":3}}},"39":{"name":"(anonymous_39)","decl":{"start":{"line":1041,"column":2},"end":{"line":1041,"column":21}},"loc":{"start":{"line":1041,"column":66},"end":{"line":1043,"column":3}}},"40":{"name":"(anonymous_40)","decl":{"start":{"line":1048,"column":10},"end":{"line":1048,"column":24}},"loc":{"start":{"line":1048,"column":24},"end":{"line":1076,"column":3}}},"41":{"name":"(anonymous_41)","decl":{"start":{"line":1082,"column":10},"end":{"line":1082,"column":26}},"loc":{"start":{"line":1082,"column":39},"end":{"line":1128,"column":3}}},"42":{"name":"(anonymous_42)","decl":{"start":{"line":1133,"column":10},"end":{"line":1133,"column":27}},"loc":{"start":{"line":1133,"column":58},"end":{"line":1153,"column":3}}},"43":{"name":"(anonymous_43)","decl":{"start":{"line":1150,"column":32},"end":{"line":1150,"column":35}},"loc":{"start":{"line":1150,"column":37},"end":{"line":1152,"column":5}}},"44":{"name":"(anonymous_44)","decl":{"start":{"line":1158,"column":10},"end":{"line":1158,"column":22}},"loc":{"start":{"line":1158,"column":53},"end":{"line":1178,"column":3}}},"45":{"name":"(anonymous_45)","decl":{"start":{"line":1173,"column":36},"end":{"line":1173,"column":37}},"loc":{"start":{"line":1173,"column":42},"end":{"line":1176,"column":7}}},"46":{"name":"(anonymous_46)","decl":{"start":{"line":1183,"column":2},"end":{"line":1183,"column":7}},"loc":{"start":{"line":1183,"column":21},"end":{"line":1200,"column":3}}},"47":{"name":"(anonymous_47)","decl":{"start":{"line":1205,"column":2},"end":{"line":1205,"column":7}},"loc":{"start":{"line":1205,"column":23},"end":{"line":1226,"column":3}}},"48":{"name":"(anonymous_48)","decl":{"start":{"line":1232,"column":2},"end":{"line":1232,"column":15}},"loc":{"start":{"line":1232,"column":34},"end":{"line":1247,"column":3}}},"49":{"name":"(anonymous_49)","decl":{"start":{"line":1241,"column":42},"end":{"line":1241,"column":45}},"loc":{"start":{"line":1241,"column":47},"end":{"line":1245,"column":7}}},"50":{"name":"(anonymous_50)","decl":{"start":{"line":1242,"column":35},"end":{"line":1242,"column":36}},"loc":{"start":{"line":1242,"column":45},"end":{"line":1244,"column":9}}},"51":{"name":"(anonymous_51)","decl":{"start":{"line":1255,"column":2},"end":{"line":1255,"column":5}},"loc":{"start":{"line":1255,"column":36},"end":{"line":1257,"column":3}}},"52":{"name":"(anonymous_52)","decl":{"start":{"line":1264,"column":2},"end":{"line":1264,"column":17}},"loc":{"start":{"line":1264,"column":17},"end":{"line":1266,"column":3}}},"53":{"name":"(anonymous_53)","decl":{"start":{"line":1275,"column":2},"end":{"line":1275,"column":17}},"loc":{"start":{"line":1275,"column":29},"end":{"line":1317,"column":3}}},"54":{"name":"(anonymous_54)","decl":{"start":{"line":1326,"column":2},"end":{"line":1326,"column":24}},"loc":{"start":{"line":1326,"column":36},"end":{"line":1400,"column":3}}},"55":{"name":"(anonymous_55)","decl":{"start":{"line":1353,"column":61},"end":{"line":1353,"column":62}},"loc":{"start":{"line":1353,"column":68},"end":{"line":1353,"column":89}}},"56":{"name":"(anonymous_56)","decl":{"start":{"line":1410,"column":2},"end":{"line":1410,"column":7}},"loc":{"start":{"line":1413,"column":36},"end":{"line":1455,"column":3}}},"57":{"name":"(anonymous_57)","decl":{"start":{"line":1460,"column":2},"end":{"line":1460,"column":7}},"loc":{"start":{"line":1460,"column":16},"end":{"line":1499,"column":3}}}},"branchMap":{"0":{"loc":{"start":{"line":18,"column":2},"end":{"line":21,"column":3}},"type":"if","locations":[{"start":{"line":18,"column":2},"end":{"line":21,"column":3}}]},"1":{"loc":{"start":{"line":18,"column":6},"end":{"line":18,"column":63}},"type":"binary-expr","locations":[{"start":{"line":18,"column":6},"end":{"line":18,"column":42}},{"start":{"line":18,"column":46},"end":{"line":18,"column":63}}]},"2":{"loc":{"start":{"line":95,"column":22},"end":{"line":95,"column":46}},"type":"default-arg","locations":[{"start":{"line":95,"column":44},"end":{"line":95,"column":46}}]},"3":{"loc":{"start":{"line":113,"column":4},"end":{"line":115,"column":5}},"type":"if","locations":[{"start":{"line":113,"column":4},"end":{"line":115,"column":5}}]},"4":{"loc":{"start":{"line":125,"column":22},"end":{"line":125,"column":46}},"type":"default-arg","locations":[{"start":{"line":125,"column":44},"end":{"line":125,"column":46}}]},"5":{"loc":{"start":{"line":129,"column":4},"end":{"line":135,"column":5}},"type":"if","locations":[{"start":{"line":129,"column":4},"end":{"line":135,"column":5}}]},"6":{"loc":{"start":{"line":160,"column":4},"end":{"line":163,"column":5}},"type":"if","locations":[{"start":{"line":160,"column":4},"end":{"line":163,"column":5}}]},"7":{"loc":{"start":{"line":165,"column":4},"end":{"line":168,"column":5}},"type":"if","locations":[{"start":{"line":165,"column":4},"end":{"line":168,"column":5}}]},"8":{"loc":{"start":{"line":165,"column":8},"end":{"line":165,"column":72}},"type":"binary-expr","locations":[{"start":{"line":165,"column":8},"end":{"line":165,"column":30}},{"start":{"line":165,"column":35},"end":{"line":165,"column":54}},{"start":{"line":165,"column":58},"end":{"line":165,"column":71}}]},"9":{"loc":{"start":{"line":170,"column":4},"end":{"line":173,"column":5}},"type":"if","locations":[{"start":{"line":170,"column":4},"end":{"line":173,"column":5}}]},"10":{"loc":{"start":{"line":170,"column":8},"end":{"line":170,"column":27}},"type":"binary-expr","locations":[{"start":{"line":170,"column":8},"end":{"line":170,"column":19}},{"start":{"line":170,"column":23},"end":{"line":170,"column":27}}]},"11":{"loc":{"start":{"line":184,"column":4},"end":{"line":211,"column":5}},"type":"if","locations":[{"start":{"line":184,"column":4},"end":{"line":211,"column":5}}]},"12":{"loc":{"start":{"line":185,"column":6},"end":{"line":188,"column":7}},"type":"if","locations":[{"start":{"line":185,"column":6},"end":{"line":188,"column":7}}]},"13":{"loc":{"start":{"line":195,"column":8},"end":{"line":198,"column":9}},"type":"if","locations":[{"start":{"line":195,"column":8},"end":{"line":198,"column":9}}]},"14":{"loc":{"start":{"line":195,"column":12},"end":{"line":195,"column":57}},"type":"binary-expr","locations":[{"start":{"line":195,"column":12},"end":{"line":195,"column":35}},{"start":{"line":195,"column":39},"end":{"line":195,"column":57}}]},"15":{"loc":{"start":{"line":204,"column":8},"end":{"line":207,"column":9}},"type":"if","locations":[{"start":{"line":204,"column":8},"end":{"line":207,"column":9}}]},"16":{"loc":{"start":{"line":214,"column":4},"end":{"line":247,"column":5}},"type":"if","locations":[{"start":{"line":214,"column":4},"end":{"line":247,"column":5}}]},"17":{"loc":{"start":{"line":215,"column":6},"end":{"line":218,"column":7}},"type":"if","locations":[{"start":{"line":215,"column":6},"end":{"line":218,"column":7}}]},"18":{"loc":{"start":{"line":225,"column":8},"end":{"line":228,"column":9}},"type":"if","locations":[{"start":{"line":225,"column":8},"end":{"line":228,"column":9}}]},"19":{"loc":{"start":{"line":225,"column":12},"end":{"line":225,"column":57}},"type":"binary-expr","locations":[{"start":{"line":225,"column":12},"end":{"line":225,"column":35}},{"start":{"line":225,"column":39},"end":{"line":225,"column":57}}]},"20":{"loc":{"start":{"line":231,"column":8},"end":{"line":234,"column":9}},"type":"if","locations":[{"start":{"line":231,"column":8},"end":{"line":234,"column":9}}]},"21":{"loc":{"start":{"line":240,"column":6},"end":{"line":246,"column":7}},"type":"if","locations":[{"start":{"line":240,"column":6},"end":{"line":246,"column":7}}]},"22":{"loc":{"start":{"line":257,"column":15},"end":{"line":257,"column":52}},"type":"binary-expr","locations":[{"start":{"line":257,"column":15},"end":{"line":257,"column":33}},{"start":{"line":257,"column":37},"end":{"line":257,"column":52}}]},"23":{"loc":{"start":{"line":258,"column":23},"end":{"line":258,"column":76}},"type":"binary-expr","locations":[{"start":{"line":258,"column":23},"end":{"line":258,"column":49}},{"start":{"line":258,"column":53},"end":{"line":258,"column":76}}]},"24":{"loc":{"start":{"line":263,"column":4},"end":{"line":266,"column":5}},"type":"if","locations":[{"start":{"line":263,"column":4},"end":{"line":266,"column":5}}]},"25":{"loc":{"start":{"line":270,"column":4},"end":{"line":293,"column":5}},"type":"if","locations":[{"start":{"line":270,"column":4},"end":{"line":293,"column":5}}]},"26":{"loc":{"start":{"line":278,"column":19},"end":{"line":278,"column":39}},"type":"binary-expr","locations":[{"start":{"line":278,"column":19},"end":{"line":278,"column":24}},{"start":{"line":278,"column":28},"end":{"line":278,"column":39}}]},"27":{"loc":{"start":{"line":285,"column":8},"end":{"line":291,"column":9}},"type":"if","locations":[{"start":{"line":285,"column":8},"end":{"line":291,"column":9}}]},"28":{"loc":{"start":{"line":285,"column":12},"end":{"line":285,"column":57}},"type":"binary-expr","locations":[{"start":{"line":285,"column":12},"end":{"line":285,"column":42}},{"start":{"line":285,"column":46},"end":{"line":285,"column":57}}]},"29":{"loc":{"start":{"line":297,"column":4},"end":{"line":306,"column":5}},"type":"if","locations":[{"start":{"line":297,"column":4},"end":{"line":306,"column":5}}]},"30":{"loc":{"start":{"line":297,"column":8},"end":{"line":297,"column":61}},"type":"binary-expr","locations":[{"start":{"line":297,"column":8},"end":{"line":297,"column":27}},{"start":{"line":297,"column":31},"end":{"line":297,"column":61}}]},"31":{"loc":{"start":{"line":320,"column":6},"end":{"line":323,"column":7}},"type":"if","locations":[{"start":{"line":320,"column":6},"end":{"line":323,"column":7}}]},"32":{"loc":{"start":{"line":333,"column":23},"end":{"line":333,"column":73}},"type":"binary-expr","locations":[{"start":{"line":333,"column":23},"end":{"line":333,"column":45}},{"start":{"line":333,"column":49},"end":{"line":333,"column":73}}]},"33":{"loc":{"start":{"line":334,"column":4},"end":{"line":340,"column":5}},"type":"if","locations":[{"start":{"line":334,"column":4},"end":{"line":340,"column":5}}]},"34":{"loc":{"start":{"line":334,"column":8},"end":{"line":336,"column":61}},"type":"binary-expr","locations":[{"start":{"line":334,"column":8},"end":{"line":334,"column":37}},{"start":{"line":335,"column":11},"end":{"line":335,"column":31}},{"start":{"line":336,"column":11},"end":{"line":336,"column":61}}]},"35":{"loc":{"start":{"line":343,"column":24},"end":{"line":343,"column":69}},"type":"cond-expr","locations":[{"start":{"line":343,"column":40},"end":{"line":343,"column":65}},{"start":{"line":343,"column":68},"end":{"line":343,"column":69}}]},"36":{"loc":{"start":{"line":344,"column":25},"end":{"line":344,"column":74}},"type":"cond-expr","locations":[{"start":{"line":344,"column":41},"end":{"line":344,"column":67}},{"start":{"line":344,"column":70},"end":{"line":344,"column":74}}]},"37":{"loc":{"start":{"line":347,"column":22},"end":{"line":347,"column":78}},"type":"cond-expr","locations":[{"start":{"line":347,"column":29},"end":{"line":347,"column":48}},{"start":{"line":347,"column":52},"end":{"line":347,"column":77}}]},"38":{"loc":{"start":{"line":347,"column":52},"end":{"line":347,"column":77}},"type":"binary-expr","locations":[{"start":{"line":347,"column":52},"end":{"line":347,"column":71}},{"start":{"line":347,"column":75},"end":{"line":347,"column":77}}]},"39":{"loc":{"start":{"line":348,"column":30},"end":{"line":348,"column":100}},"type":"cond-expr","locations":[{"start":{"line":348,"column":45},"end":{"line":348,"column":62}},{"start":{"line":348,"column":66},"end":{"line":348,"column":99}}]},"40":{"loc":{"start":{"line":348,"column":66},"end":{"line":348,"column":99}},"type":"binary-expr","locations":[{"start":{"line":348,"column":66},"end":{"line":348,"column":93}},{"start":{"line":348,"column":97},"end":{"line":348,"column":99}}]},"41":{"loc":{"start":{"line":351,"column":13},"end":{"line":351,"column":38}},"type":"binary-expr","locations":[{"start":{"line":351,"column":13},"end":{"line":351,"column":23}},{"start":{"line":351,"column":27},"end":{"line":351,"column":38}}]},"42":{"loc":{"start":{"line":355,"column":16},"end":{"line":355,"column":37}},"type":"binary-expr","locations":[{"start":{"line":355,"column":16},"end":{"line":355,"column":24}},{"start":{"line":355,"column":28},"end":{"line":355,"column":37}}]},"43":{"loc":{"start":{"line":384,"column":4},"end":{"line":396,"column":5}},"type":"if","locations":[{"start":{"line":384,"column":4},"end":{"line":396,"column":5}}]},"44":{"loc":{"start":{"line":405,"column":23},"end":{"line":405,"column":73}},"type":"binary-expr","locations":[{"start":{"line":405,"column":23},"end":{"line":405,"column":45}},{"start":{"line":405,"column":49},"end":{"line":405,"column":73}}]},"45":{"loc":{"start":{"line":406,"column":4},"end":{"line":408,"column":5}},"type":"if","locations":[{"start":{"line":406,"column":4},"end":{"line":408,"column":5}}]},"46":{"loc":{"start":{"line":406,"column":8},"end":{"line":406,"column":53}},"type":"binary-expr","locations":[{"start":{"line":406,"column":8},"end":{"line":406,"column":20}},{"start":{"line":406,"column":24},"end":{"line":406,"column":53}}]},"47":{"loc":{"start":{"line":411,"column":27},"end":{"line":411,"column":83}},"type":"binary-expr","locations":[{"start":{"line":411,"column":27},"end":{"line":411,"column":38}},{"start":{"line":411,"column":42},"end":{"line":411,"column":83}}]},"48":{"loc":{"start":{"line":413,"column":4},"end":{"line":415,"column":5}},"type":"if","locations":[{"start":{"line":413,"column":4},"end":{"line":415,"column":5}}]},"49":{"loc":{"start":{"line":423,"column":4},"end":{"line":441,"column":5}},"type":"switch","locations":[{"start":{"line":424,"column":6},"end":{"line":429,"column":14}},{"start":{"line":430,"column":6},"end":{"line":435,"column":14}},{"start":{"line":436,"column":6},"end":{"line":436,"column":31}},{"start":{"line":437,"column":6},"end":{"line":440,"column":14}}]},"50":{"loc":{"start":{"line":453,"column":4},"end":{"line":455,"column":5}},"type":"if","locations":[{"start":{"line":453,"column":4},"end":{"line":455,"column":5}}]},"51":{"loc":{"start":{"line":454,"column":13},"end":{"line":454,"column":53}},"type":"cond-expr","locations":[{"start":{"line":454,"column":39},"end":{"line":454,"column":48}},{"start":{"line":454,"column":51},"end":{"line":454,"column":53}}]},"52":{"loc":{"start":{"line":462,"column":6},"end":{"line":464,"column":7}},"type":"if","locations":[{"start":{"line":462,"column":6},"end":{"line":464,"column":7}}]},"53":{"loc":{"start":{"line":475,"column":4},"end":{"line":478,"column":5}},"type":"if","locations":[{"start":{"line":475,"column":4},"end":{"line":478,"column":5}}]},"54":{"loc":{"start":{"line":484,"column":4},"end":{"line":507,"column":5}},"type":"if","locations":[{"start":{"line":484,"column":4},"end":{"line":507,"column":5}}]},"55":{"loc":{"start":{"line":486,"column":6},"end":{"line":489,"column":7}},"type":"if","locations":[{"start":{"line":486,"column":6},"end":{"line":489,"column":7}}]},"56":{"loc":{"start":{"line":506,"column":13},"end":{"line":506,"column":63}},"type":"cond-expr","locations":[{"start":{"line":506,"column":39},"end":{"line":506,"column":51}},{"start":{"line":506,"column":54},"end":{"line":506,"column":63}}]},"57":{"loc":{"start":{"line":519,"column":4},"end":{"line":522,"column":5}},"type":"if","locations":[{"start":{"line":519,"column":4},"end":{"line":522,"column":5}}]},"58":{"loc":{"start":{"line":525,"column":4},"end":{"line":567,"column":5}},"type":"if","locations":[{"start":{"line":525,"column":4},"end":{"line":567,"column":5}}]},"59":{"loc":{"start":{"line":525,"column":8},"end":{"line":525,"column":61}},"type":"binary-expr","locations":[{"start":{"line":525,"column":8},"end":{"line":525,"column":18}},{"start":{"line":525,"column":22},"end":{"line":525,"column":61}}]},"60":{"loc":{"start":{"line":529,"column":6},"end":{"line":561,"column":7}},"type":"if","locations":[{"start":{"line":529,"column":6},"end":{"line":561,"column":7}}]},"61":{"loc":{"start":{"line":529,"column":10},"end":{"line":529,"column":47}},"type":"binary-expr","locations":[{"start":{"line":529,"column":10},"end":{"line":529,"column":28}},{"start":{"line":529,"column":32},"end":{"line":529,"column":47}}]},"62":{"loc":{"start":{"line":531,"column":8},"end":{"line":540,"column":9}},"type":"if","locations":[{"start":{"line":531,"column":8},"end":{"line":540,"column":9}},{"start":{"line":538,"column":15},"end":{"line":540,"column":9}}]},"63":{"loc":{"start":{"line":556,"column":8},"end":{"line":559,"column":9}},"type":"if","locations":[{"start":{"line":556,"column":8},"end":{"line":559,"column":9}}]},"64":{"loc":{"start":{"line":585,"column":4},"end":{"line":588,"column":5}},"type":"if","locations":[{"start":{"line":585,"column":4},"end":{"line":588,"column":5}}]},"65":{"loc":{"start":{"line":597,"column":4},"end":{"line":629,"column":5}},"type":"if","locations":[{"start":{"line":597,"column":4},"end":{"line":629,"column":5}}]},"66":{"loc":{"start":{"line":600,"column":6},"end":{"line":603,"column":7}},"type":"if","locations":[{"start":{"line":600,"column":6},"end":{"line":603,"column":7}}]},"67":{"loc":{"start":{"line":623,"column":61},"end":{"line":623,"column":99}},"type":"cond-expr","locations":[{"start":{"line":623,"column":77},"end":{"line":623,"column":88}},{"start":{"line":623,"column":91},"end":{"line":623,"column":99}}]},"68":{"loc":{"start":{"line":641,"column":4},"end":{"line":644,"column":5}},"type":"if","locations":[{"start":{"line":641,"column":4},"end":{"line":644,"column":5}}]},"69":{"loc":{"start":{"line":646,"column":4},"end":{"line":649,"column":5}},"type":"if","locations":[{"start":{"line":646,"column":4},"end":{"line":649,"column":5}}]},"70":{"loc":{"start":{"line":652,"column":4},"end":{"line":655,"column":5}},"type":"if","locations":[{"start":{"line":652,"column":4},"end":{"line":655,"column":5}}]},"71":{"loc":{"start":{"line":715,"column":6},"end":{"line":718,"column":7}},"type":"if","locations":[{"start":{"line":715,"column":6},"end":{"line":718,"column":7}}]},"72":{"loc":{"start":{"line":722,"column":6},"end":{"line":724,"column":7}},"type":"if","locations":[{"start":{"line":722,"column":6},"end":{"line":724,"column":7}}]},"73":{"loc":{"start":{"line":729,"column":6},"end":{"line":749,"column":7}},"type":"if","locations":[{"start":{"line":729,"column":6},"end":{"line":749,"column":7}}]},"74":{"loc":{"start":{"line":742,"column":10},"end":{"line":747,"column":11}},"type":"if","locations":[{"start":{"line":742,"column":10},"end":{"line":747,"column":11}}]},"75":{"loc":{"start":{"line":765,"column":6},"end":{"line":771,"column":7}},"type":"if","locations":[{"start":{"line":765,"column":6},"end":{"line":771,"column":7}}]},"76":{"loc":{"start":{"line":765,"column":12},"end":{"line":765,"column":98}},"type":"binary-expr","locations":[{"start":{"line":765,"column":12},"end":{"line":765,"column":30}},{"start":{"line":765,"column":34},"end":{"line":765,"column":98}}]},"77":{"loc":{"start":{"line":782,"column":4},"end":{"line":798,"column":5}},"type":"if","locations":[{"start":{"line":782,"column":4},"end":{"line":798,"column":5}}]},"78":{"loc":{"start":{"line":785,"column":6},"end":{"line":788,"column":7}},"type":"if","locations":[{"start":{"line":785,"column":6},"end":{"line":788,"column":7}}]},"79":{"loc":{"start":{"line":795,"column":21},"end":{"line":795,"colum
[...]
:114,"column":26}},"43":{"start":{"line":122,"column":4},"end":{"line":155,"column":5}},"44":{"start":{"line":123,"column":17},"end":{"line":123,"column":36}},"45":{"start":{"line":125,"column":6},"end":{"line":152,"column":9}},"46":{"start":{"line":126,"column":28},"end":{"line":126,"column":71}},"47":{"start":{"line":127,"column":22},"end":{"line":127,"column":61}},"48":{"start":{"line":130,"column":24},"end":{"line":130,"column":64}},"49":{"start":{"line":132,"column":8},"end":{"line":132,"column":44}},"50":{"start":{"line":132,"column":34},"end":{"line":132,"column":43}},"51":{"start":{"line":133,"column":8},"end":{"line":137,"column":10}},"52":{"start":{"line":134,"column":27},"end":{"line":134,"column":68}},"53":{"start":{"line":135,"column":26},"end":{"line":135,"column":68}},"54":{"start":{"line":136,"column":10},"end":{"line":136,"column":37}},"55":{"start":{"line":140,"column":8},"end":{"line":144,"column":10}},"56":{"start":{"line":141,"column":27},"end":{"line":141,"column":72}},"57":{"start":{"line":142,"column":26},"end":{"line":142,"column":59}},"58":{"start":{"line":143,"column":10},"end":{"line":143,"column":37}},"59":{"start":{"line":147,"column":8},"end":{"line":151,"column":10}},"60":{"start":{"line":148,"column":27},"end":{"line":148,"column":72}},"61":{"start":{"line":149,"column":26},"end":{"line":149,"column":60}},"62":{"start":{"line":150,"column":10},"end":{"line":150,"column":37}},"63":{"start":{"line":154,"column":6},"end":{"line":154,"column":125}},"64":{"start":{"line":163,"column":4},"end":{"line":196,"column":5}},"65":{"start":{"line":164,"column":17},"end":{"line":164,"column":36}},"66":{"start":{"line":166,"column":6},"end":{"line":193,"column":9}},"67":{"start":{"line":167,"column":28},"end":{"line":167,"column":70}},"68":{"start":{"line":168,"column":22},"end":{"line":168,"column":61}},"69":{"start":{"line":171,"column":24},"end":{"line":171,"column":50}},"70":{"start":{"line":173,"column":8},"end":{"line":180,"column":10}},"71":{"start":{"line":175,"column":10},"end":{"line":179,"column":11}},"72":{"start":{"line":176,"column":12},"end":{"line":176,"column":41}},"73":{"start":{"line":178,"column":12},"end":{"line":178,"column":26}},"74":{"start":{"line":182,"column":8},"end":{"line":182,"column":129}},"75":{"start":{"line":182,"column":32},"end":{"line":182,"column":128}},"76":{"start":{"line":185,"column":8},"end":{"line":187,"column":10}},"77":{"start":{"line":186,"column":10},"end":{"line":186,"column":100}},"78":{"start":{"line":190,"column":8},"end":{"line":192,"column":10}},"79":{"start":{"line":191,"column":10},"end":{"line":191,"column":101}},"80":{"start":{"line":195,"column":6},"end":{"line":195,"column":127}},"81":{"start":{"line":203,"column":4},"end":{"line":228,"column":5}},"82":{"start":{"line":204,"column":17},"end":{"line":204,"column":36}},"83":{"start":{"line":206,"column":6},"end":{"line":225,"column":9}},"84":{"start":{"line":207,"column":28},"end":{"line":207,"column":71}},"85":{"start":{"line":208,"column":22},"end":{"line":208,"column":61}},"86":{"start":{"line":211,"column":24},"end":{"line":211,"column":53}},"87":{"start":{"line":213,"column":8},"end":{"line":213,"column":44}},"88":{"start":{"line":213,"column":34},"end":{"line":213,"column":43}},"89":{"start":{"line":214,"column":8},"end":{"line":214,"column":130}},"90":{"start":{"line":214,"column":32},"end":{"line":214,"column":129}},"91":{"start":{"line":217,"column":8},"end":{"line":219,"column":10}},"92":{"start":{"line":218,"column":10},"end":{"line":218,"column":100}},"93":{"start":{"line":222,"column":8},"end":{"line":224,"column":10}},"94":{"start":{"line":223,"column":10},"end":{"line":223,"column":101}},"95":{"start":{"line":227,"column":6},"end":{"line":227,"column":128}},"96":{"start":{"line":236,"column":4},"end":{"line":240,"column":5}},"97":{"start":{"line":237,"column":6},"end":{"line":237,"column":22}},"98":{"start":{"line":238,"column":6},"end":{"line":238,"column":21}},"99":{"start":{"line":239,"column":6},"end":{"line":239,"column":28}},"100":{"start":{"line":7,"column":0},"end":{"line":7,"column":13}}},"fnMap":{"0":{"name":"(anonymous_0)","decl":{"start":{"line":24,"column":2},"end":{"line":24,"column":14}},"loc":{"start":{"line":24,"column":52},"end":{"line":29,"column":3}}},"1":{"name":"(anonymous_1)","decl":{"start":{"line":35,"column":10},"end":{"line":35,"column":27}},"loc":{"start":{"line":35,"column":27},"end":{"line":39,"column":3}}},"2":{"name":"(anonymous_2)","decl":{"start":{"line":44,"column":10},"end":{"line":44,"column":16}},"loc":{"start":{"line":44,"column":16},"end":{"line":115,"column":3}}},"3":{"name":"(anonymous_3)","decl":{"start":{"line":58,"column":46},"end":{"line":58,"column":47}},"loc":{"start":{"line":58,"column":66},"end":{"line":112,"column":5}}},"4":{"name":"(anonymous_4)","decl":{"start":{"line":62,"column":35},"end":{"line":62,"column":38}},"loc":{"start":{"line":62,"column":40},"end":{"line":64,"column":7}}},"5":{"name":"(anonymous_5)","decl":{"start":{"line":67,"column":32},"end":{"line":67,"column":33}},"loc":{"start":{"line":67,"column":66},"end":{"line":74,"column":7}}},"6":{"name":"(anonymous_6)","decl":{"start":{"line":77,"column":26},"end":{"line":77,"column":29}},"loc":{"start":{"line":77,"column":31},"end":{"line":80,"column":7}}},"7":{"name":"(anonymous_7)","decl":{"start":{"line":83,"column":26},"end":{"line":83,"column":27}},"loc":{"start":{"line":83,"column":44},"end":{"line":103,"column":7}}},"8":{"name":"(anonymous_8)","decl":{"start":{"line":88,"column":26},"end":{"line":88,"column":29}},"loc":{"start":{"line":88,"column":31},"end":{"line":91,"column":9}}},"9":{"name":"(anonymous_9)","decl":{"start":{"line":94,"column":34},"end":{"line":94,"column":37}},"loc":{"start":{"line":94,"column":39},"end":{"line":100,"column":9}}},"10":{"name":"(anonymous_10)","decl":{"start":{"line":106,"column":24},"end":{"line":106,"column":27}},"loc":{"start":{"line":106,"column":29},"end":{"line":111,"column":7}}},"11":{"name":"(anonymous_11)","decl":{"start":{"line":121,"column":2},"end":{"line":121,"column":7}},"loc":{"start":{"line":121,"column":25},"end":{"line":156,"column":3}}},"12":{"name":"(anonymous_12)","decl":{"start":{"line":125,"column":31},"end":{"line":125,"column":32}},"loc":{"start":{"line":125,"column":51},"end":{"line":152,"column":7}}},"13":{"name":"(anonymous_13)","decl":{"start":{"line":132,"column":28},"end":{"line":132,"column":31}},"loc":{"start":{"line":132,"column":34},"end":{"line":132,"column":43}}},"14":{"name":"(anonymous_14)","decl":{"start":{"line":133,"column":26},"end":{"line":133,"column":29}},"loc":{"start":{"line":133,"column":31},"end":{"line":137,"column":9}}},"15":{"name":"(anonymous_15)","decl":{"start":{"line":140,"column":30},"end":{"line":140,"column":33}},"loc":{"start":{"line":140,"column":35},"end":{"line":144,"column":9}}},"16":{"name":"(anonymous_16)","decl":{"start":{"line":147,"column":30},"end":{"line":147,"column":33}},"loc":{"start":{"line":147,"column":35},"end":{"line":151,"column":9}}},"17":{"name":"(anonymous_17)","decl":{"start":{"line":162,"column":2},"end":{"line":162,"column":7}},"loc":{"start":{"line":162,"column":12},"end":{"line":197,"column":3}}},"18":{"name":"(anonymous_18)","decl":{"start":{"line":166,"column":40},"end":{"line":166,"column":41}},"loc":{"start":{"line":166,"column":60},"end":{"line":193,"column":7}}},"19":{"name":"(anonymous_19)","decl":{"start":{"line":173,"column":28},"end":{"line":173,"column":31}},"loc":{"start":{"line":173,"column":33},"end":{"line":180,"column":9}}},"20":{"name":"(anonymous_20)","decl":{"start":{"line":182,"column":26},"end":{"line":182,"column":29}},"loc":{"start":{"line":182,"column":32},"end":{"line":182,"column":128}}},"21":{"name":"(anonymous_21)","decl":{"start":{"line":185,"column":30},"end":{"line":185,"column":33}},"loc":{"start":{"line":185,"column":35},"end":{"line":187,"column":9}}},"22":{"name":"(anonymous_22)","decl":{"start":{"line":190,"column":30},"end":{"line":190,"column":33}},"loc":{"start":{"line":190,"column":35},"end":{"line":192,"column":9}}},"23":{"name":"(anonymous_23)","decl":{"start":{"line":202,"column":2},"end":{"line":202,"column":7}},"loc":{"start":{"line":202,"column":13},"end":{"line":229,"column":3}}},"24":{"name":"(anonymous_24)","decl":{"start":{"line":206,"column":31},"end":{"line":206,"column":32}},"loc":{"start":{"line":206,"column":51},"end":{"line":225,"column":7}}},"25":{"name":"(anonymous_25)","decl":{"start":{"line":213,"column":28},"end":{"line":213,"column":31}},"loc":{"start":{"line":213,"column":34},"end":{"line":213,"column":43}}},"26":{"name":"(anonymous_26)","decl":{"start":{"line":214,"column":26},"end":{"line":214,"column":29}},"loc":{"start":{"line":214,"column":32},"end":{"line":214,"column":129}}},"27":{"name":"(anonymous_27)","decl":{"start":{"line":217,"column":30},"end":{"line":217,"column":33}},"loc":{"start":{"line":217,"column":35},"end":{"line":219,"column":9}}},"28":{"name":"(anonymous_28)","decl":{"start":{"line":222,"column":30},"end":{"line":222,"column":33}},"loc":{"start":{"line":222,"column":35},"end":{"line":224,"column":9}}},"29":{"name":"(anonymous_29)","decl":{"start":{"line":235,"column":2},"end":{"line":235,"column":7}},"loc":{"start":{"line":235,"column":13},"end":{"line":241,"column":3}}},"30":{"name":"(anonymous_30)","decl":{"start":{"line":243,"column":10},"end":{"line":243,"column":29}},"loc":{"start":{"line":243,"column":59},"end":{"line":245,"column":3}}},"31":{"name":"(anonymous_31)","decl":{"start":{"line":247,"column":10},"end":{"line":247,"column":23}},"loc":{"start":{"line":247,"column":37},"end":{"line":249,"column":3}}},"32":{"name":"(anonymous_32)","decl":{"start":{"line":251,"column":10},"end":{"line":251,"column":21}},"loc":{"start":{"line":251,"column":35},"end":{"line":253,"column":3}}}},"branchMap":{"0":{"loc":{"start":{"line":25,"column":22},"end":{"line":25,"column":60}},"type":"binary-expr","locations":[{"start":{"line":25,"column":22},"end":{"line":25,"column":40}},{"start":{"line":25,"column":44},"end":{"line":25,"column":60}}]},"1":{"loc":{"start":{"line":36,"column":4},"end":{"line":38,"column":5}},"type":"if","locations":[{"start":{"line":36,"column":4},"end":{"line":38,"column":5}}]},"2":{"loc":{"start":{"line":36,"column":8},"end":{"line":36,"column":58}},"type":"binary-expr","locations":[{"start":{"line":36,"column":8},"end":{"line":36,"column":37}},{"start":{"line":36,"column":41},"end":{"line":36,"column":58}}]},"3":{"loc":{"start":{"line":46,"column":4},"end":{"line":48,"column":5}},"type":"if","locations":[{"start":{"line":46,"column":4},"end":{"line":48,"column":5}}]},"4":{"loc":{"start":{"line":50,"column":4},"end":{"line":52,"column":5}},"type":"if","locations":[{"start":{"line":50,"column":4},"end":{"line":52,"column":5}}]},"5":{"loc":{"start":{"line":71,"column":8},"end":{"line":73,"column":9}},"type":"if","locations":[{"start":{"line":71,"column":8},"end":{"line":73,"column":9}}]},"6":{"loc":{"start":{"line":95,"column":10},"end":{"line":99,"column":11}},"type":"if","locations":[{"start":{"line":95,"column":10},"end":{"line":99,"column":11}}]},"7":{"loc":{"start":{"line":108,"column":25},"end":{"line":108,"column":66}},"type":"binary-expr","locations":[{"start":{"line":108,"column":25},"end":{"line":108,"column":47}},{"start":{"line":108,"column":51},"end":{"line":108,"column":66}}]},"8":{"loc":{"start":{"line":134,"column":27},"end":{"line":134,"column":68}},"type":"binary-expr","locations":[{"start":{"line":134,"column":27},"end":{"line":134,"column":49}},{"start":{"line":134,"column":53},"end":{"line":134,"column":68}}]},"9":{"loc":{"start":{"line":141,"column":27},"end":{"line":141,"column":72}},"type":"binary-expr","locations":[{"start":{"line":141,"column":27},"end":{"line":141,"column":53}},{"start":{"line":141,"column":57},"end":{"line":141,"column":72}}]},"10":{"loc":{"start":{"line":148,"column":27},"end":{"line":148,"column":72}},"type":"binary-expr","locations":[{"start":{"line":148,"column":27},"end":{"line":148,"column":53}},{"start":{"line":148,"column":57},"end":{"line":148,"column":72}}]},"11":{"loc":{"start":{"line":154,"column":65},"end":{"line":154,"column":121}},"type":"cond-expr","locations":[{"start":{"line":154,"column":90},"end":{"line":154,"column":103}},{"start":{"line":154,"column":106},"end":{"line":154,"column":121}}]},"12":{"loc":{"start":{"line":175,"column":10},"end":{"line":179,"column":11}},"type":"if","locations":[{"start":{"line":175,"column":10},"end":{"line":179,"column":11}},{"start":{"line":177,"column":17},"end":{"line":179,"column":11}}]},"13":{"loc":{"start":{"line":182,"column":83},"end":{"line":182,"column":124}},"type":"binary-expr","locations":[{"start":{"line":182,"column":83},"end":{"line":182,"column":105}},{"start":{"line":182,"column":109},"end":{"line":182,"column":124}}]},"14":{"loc":{"start":{"line":186,"column":50},"end":{"line":186,"column":95}},"type":"binary-expr","locations":[{"start":{"line":186,"column":50},"end":{"line":186,"column":76}},{"start":{"line":186,"column":80},"end":{"line":186,"column":95}}]},"15":{"loc":{"start":{"line":191,"column":51},"end":{"line":191,"column":96}},"type":"binary-expr","locations":[{"start":{"line":191,"column":51},"end":{"line":191,"column":77}},{"start":{"line":191,"column":81},"end":{"line":191,"column":96}}]},"16":{"loc":{"start":{"line":195,"column":67},"end":{"line":195,"column":123}},"type":"cond-expr","locations":[{"start":{"line":195,"column":92},"end":{"line":195,"column":105}},{"start":{"line":195,"column":108},"end":{"line":195,"column":123}}]},"17":{"loc":{"start":{"line":214,"column":84},"end":{"line":214,"column":125}},"type":"binary-expr","locations":[{"start":{"line":214,"column":84},"end":{"line":214,"column":106}},{"start":{"line":214,"column":110},"end":{"line":214,"column":125}}]},"18":{"loc":{"start":{"line":218,"column":50},"end":{"line":218,"column":95}},"type":"binary-expr","locations":[{"start":{"line":218,"column":50},"end":{"line":218,"column":76}},{"start":{"line":218,"column":80},"end":{"line":218,"column":95}}]},"19":{"loc":{"start":{"line":223,"column":51},"end":{"line":223,"column":96}},"type":"binary-expr","locations":[{"start":{"line":223,"column":51},"end":{"line":223,"column":77}},{"start":{"line":223,"column":81},"end":{"line":223,"column":96}}]},"20":{"loc":{"start":{"line":227,"column":68},"end":{"line":227,"column":124}},"type":"cond-expr","locations":[{"start":{"line":227,"column":93},"end":{"line":227,"column":106}},{"start":{"line":227,"column":109},"end":{"line":227,"column":124}}]},"21":{"loc":{"start":{"line":236,"column":4},"end":{"line":240,"column":5}},"type":"if","locations":[{"start":{"line":236,"column":4},"end":{"line":240,"column":5}}]}},"s":{"0":18,"1":18,"2":18,"3":18,"4":18,"5":18,"6":18,"7":20,"8":1,"9":30,"10":0,"11":30,"12":12,"13":18,"14":18,"15":18,"16":18,"17":0,"18":18,"19":1,"20":1,"21":1,"22":18,"23":1,"24":1,"25":18,"26":27,"27":27,"28":27,"29":0,"30":0,"31":27,"32":0,"33":0,"34":0,"35":0,"36":27,"37":18,"38":1,"39":1,"40":1,"41":1,"42":18,"43":2,"44":2,"45":2,"46":2,"47":2,"48":2,"49":2,"50":1,"51":2,"52":1,"53":1,"54":1,"55":2,"56":0,"57":0,"58":0,"59":2,"60":0,"61":0,"62":0,"63":0,"64":3,"65":3,"66":3,"67":3,"68":3,"69":3,"70":3,"71":2,"72":1,"73":1,"74":3,"75":1,"76":3,"77":0,"78":3,"79":0,"80":0,"81":2,"82":2,"83":2,"84":2,"85":2,"86":2,"87":2,"88":1,"89":2,"90":1,"91":2,"92":0,"93":2,"94":0,"95":0,"96":2,"97":1,"98":1,"99":1,"100":11},"f":{"0":18,"1":20,"2":30,"3":18,"4":0,"5":1,"6":1,"7":27,"8":0,"9":0,"10":1,"11":2,"12":2,"13":1,"14":1,"15":0,"16":0,"17":3,"18":3,"19":2,"20":1,"21":0,"22":0,"23":2,"24":2,"25":1,"26":1,"27":0,"28":0,"29":2,"30":0,"31":0,"32":0},"b":{"0":[18,17],"1":[1],"2":[20,20],"3":[0],"4":[12],"5":[1],"6":[0],"7":[1,0],"8":[1,0],"9":[0,0],"10":[0,0],"11":[0,0],"12":[1,1],"13":[1,0],"14":[0,0],"15":[0,0],"16":[0,0],"17":[1,0],"18":[0,0],"19":[0,0],"20":[0,0],"21":[1]}}
,"/Users/scoopa/Projects/run-cache/src/storage/local-storage-adapter.ts": {"path":"/Users/scoopa/Projects/run-cache/src/storage/local-storage-adapter.ts","statementMap":{"0":{"start":{"line":15,"column":4},"end":{"line":15,"column":61}},"1":{"start":{"line":23,"column":4},"end":{"line":27,"column":5}},"2":{"start":{"line":24,"column":6},"end":{"line":26,"column":8}},"3":{"start":{"line":35,"column":4},"end":{"line":35,"column":29}},"4":{"start":{"line":37,"column":4},"end":{"line":46,"column":5}},"5":{"start":{"line":38,"column":6},"end":{"line":38,"column":57}},"6":{"start":{"line":41,"column":6},"end":{"line":45,"column":8}},"7":{"start":{"line":54,"column":4},"end":{"line":54,"column":29}},"8":{"start":{"line":56,"column":4},"end":{"line":56,"column":56}},"9":{"start":{"line":63,"column":4},"end":{"line":63,"column":29}},"10":{"start":{"line":65,"column":4},"end":{"line":65,"column":52}},"11":{"start":{"line":7,"column":0},"end":{"line":7,"column":13}}},"fnMap":{"0":{"name":"(anonymous_0)","decl":{"start":{"line":14,"column":2},"end":{"line":14,"column":14}},"loc":{"start":{"line":14,"column":52},"end":{"line":16,"column":3}}},"1":{"name":"(anonymous_1)","decl":{"start":{"line":22,"column":10},"end":{"line":22,"column":27}},"loc":{"start":{"line":22,"column":27},"end":{"line":28,"column":3}}},"2":{"name":"(anonymous_2)","decl":{"start":{"line":34,"column":2},"end":{"line":34,"column":7}},"loc":{"start":{"line":34,"column":25},"end":{"line":47,"column":3}}},"3":{"name":"(anonymous_3)","decl":{"start":{"line":53,"column":2},"end":{"line":53,"column":7}},"loc":{"start":{"line":53,"column":12},"end":{"line":57,"column":3}}},"4":{"name":"(anonymous_4)","decl":{"start":{"line":62,"column":2},"end":{"line":62,"column":7}},"loc":{"start":{"line":62,"column":13},"end":{"line":66,"column":3}}}},"branchMap":{"0":{"loc":{"start":{"line":15,"column":22},"end":{"line":15,"column":60}},"type":"binary-expr","locations":[{"start":{"line":15,"column":22},"end":{"line":15,"column":40}},{"start":{"line":15,"column":44},"end":{"line":15,"column":60}}]},"1":{"loc":{"start":{"line":23,"column":4},"end":{"line":27,"column":5}},"type":"if","locations":[{"start":{"line":23,"column":4},"end":{"line":27,"column":5}}]},"2":{"loc":{"start":{"line":23,"column":8},"end":{"line":23,"column":61}},"type":"binary-expr","locations":[{"start":{"line":23,"column":8},"end":{"line":23,"column":37}},{"start":{"line":23,"column":41},"end":{"line":23,"column":61}}]},"3":{"loc":{"start":{"line":43,"column":10},"end":{"line":43,"column":null}},"type":"cond-expr","locations":[{"start":{"line":43,"column":35},"end":{"line":43,"column":48}},{"start":{"line":43,"column":51},"end":{"line":43,"column":null}}]}},"s":{"0":13,"1":9,"2":1,"3":2,"4":2,"5":2,"6":1,"7":3,"8":3,"9":2,"10":2,"11":11},"f":{"0":13,"1":9,"2":2,"3":3,"4":2},"b":{"0":[13,1],"1":[1],"2":[9,9],"3":[1,0]}}
,"/Users/scoopa/Projects/run-cache/src/types/cache-config.ts": {"path":"/Users/scoopa/Projects/run-cache/src/types/cache-config.ts","statementMap":{"0":{"start":{"line":6,"column":0},"end":{"line":6,"column":null}},"1":{"start":{"line":8,"column":2},"end":{"line":8,"column":null}},"2":{"start":{"line":10,"column":2},"end":{"line":10,"column":null}},"3":{"start":{"line":12,"column":2},"end":{"line":12,"column":null}}},"fnMap":{"0":{"name":"(anonymous_0)","decl":{"start":{"line":6,"column":0},"end":{"line":6,"column":12}},"loc":{"start":{"line":6,"column":26},"end":{"line":13,"column":1}}}},"branchMap":{"0":{"loc":{"start":{"line":6,"column":12},"end":{"line":6,"column":null}},"type":"binary-expr","locations":[{"start":{"line":6,"column":12},"end":{"line":6,"column":26}},{"start":{"line":6,"column":26},"end":{"line":6,"column":null}}]}},"s":{"0":11,"1":11,"2":11,"3":11},"f":{"0":11},"b":{"0":[11,11]}}
,"/Users/scoopa/Projects/run-cache/src/types/events.ts": {"path":"/Users/scoopa/Projects/run-cache/src/types/events.ts","statementMap":{"0":{"start":{"line":9,"column":13},"end":{"line":24,"column":11}}},"fnMap":{},"branchMap":{},"s":{"0":11},"f":{},"b":{}}
}
