TN:
SF:src/run-cache.ts
FN:9,(anonymous_4)
FN:9,(anonymous_5)
FN:24,registerShutdownHandlers
FN:31,(anonymous_7)
FN:37,(anonymous_8)
FN:59,(anonymous_9)
FN:128,(anonymous_10)
FN:148,(anonymous_11)
FN:188,(anonymous_12)
FN:209,(anonymous_13)
FN:225,(anonymous_14)
FN:239,(anonymous_15)
FN:250,(anonymous_16)
FN:264,(anonymous_17)
FN:276,(anonymous_18)
FN:292,(anonymous_19)
FN:304,(anonymous_20)
FN:320,(anonymous_21)
FN:332,(anonymous_22)
FN:346,(anonymous_23)
FN:364,(anonymous_24)
FN:381,(anonymous_25)
FN:394,(anonymous_26)
FN:405,(anonymous_27)
FN:429,(anonymous_28)
FN:438,(anonymous_29)
FN:450,(anonymous_30)
FN:462,(anonymous_31)
FN:475,(anonymous_32)
FN:486,(anonymous_33)
FN:498,(anonymous_34)
FN:509,(anonymous_35)
FN:521,(anonymous_36)
FN:530,(anonymous_37)
FN:539,(anonymous_38)
FN:548,(anonymous_39)
FN:117,(anonymous_40)
FNF:37
FNH:31
FNDA:21,(anonymous_4)
FNDA:3,(anonymous_5)
FNDA:9,registerShutdownHandlers
FNDA:0,(anonymous_7)
FNDA:0,(anonymous_8)
FNDA:0,(anonymous_9)
FNDA:77,(anonymous_10)
FNDA:750,(anonymous_11)
FNDA:190,(anonymous_12)
FNDA:18,(anonymous_13)
FNDA:121,(anonymous_14)
FNDA:7,(anonymous_15)
FNDA:125,(anonymous_16)
FNDA:8,(anonymous_17)
FNDA:7,(anonymous_18)
FNDA:6,(anonymous_19)
FNDA:6,(anonymous_20)
FNDA:2,(anonymous_21)
FNDA:1,(anonymous_22)
FNDA:2,(anonymous_23)
FNDA:120,(anonymous_24)
FNDA:105,(anonymous_25)
FNDA:5,(anonymous_26)
FNDA:76,(anonymous_27)
FNDA:5,(anonymous_28)
FNDA:5,(anonymous_29)
FNDA:5,(anonymous_30)
FNDA:5,(anonymous_31)
FNDA:3,(anonymous_32)
FNDA:1,(anonymous_33)
FNDA:1,(anonymous_34)
FNDA:1,(anonymous_35)
FNDA:1,(anonymous_36)
FNDA:0,(anonymous_37)
FNDA:0,(anonymous_38)
FNDA:0,(anonymous_39)
FNDA:9,(anonymous_40)
DA:1,9
DA:2,9
DA:3,9
DA:9,30
DA:12,9
DA:26,9
DA:29,9
DA:31,9
DA:33,0
DA:37,9
DA:38,0
DA:40,0
DA:41,0
DA:46,0
DA:47,0
DA:53,9
DA:56,0
DA:57,0
DA:60,0
DA:66,0
DA:67,0
DA:111,9
DA:113,9
DA:114,9
DA:117,9
DA:118,9
DA:120,9
DA:129,77
DA:130,76
DA:131,76
DA:132,76
DA:133,76
DA:135,0
DA:138,0
DA:141,77
DA:149,750
DA:150,68
DA:197,190
DA:198,190
DA:210,18
DA:211,18
DA:226,121
DA:227,121
DA:240,7
DA:241,7
DA:251,125
DA:252,125
DA:265,8
DA:266,8
DA:277,7
DA:278,7
DA:293,6
DA:294,6
DA:305,6
DA:306,6
DA:321,2
DA:322,2
DA:333,1
DA:334,1
DA:347,2
DA:348,2
DA:368,120
DA:369,120
DA:382,105
DA:383,105
DA:395,5
DA:396,5
DA:406,76
DA:407,75
DA:410,75
DA:418,76
DA:419,76
DA:430,5
DA:431,5
DA:439,5
DA:440,5
DA:451,5
DA:452,5
DA:463,5
DA:464,5
DA:476,3
DA:477,3
DA:487,1
DA:488,1
DA:499,1
DA:500,1
DA:510,1
DA:511,1
DA:522,1
DA:523,1
DA:531,0
DA:532,0
DA:540,0
DA:541,0
DA:549,0
DA:550,0
LF:96
LH:77
BRDA:26,0,0,9
BRDA:26,1,0,9
BRDA:26,1,1,9
BRDA:26,1,2,9
BRDA:40,2,0,0
BRDA:46,3,0,0
BRDA:46,4,0,0
BRDA:46,4,1,0
BRDA:53,5,0,0
BRDA:53,6,0,9
BRDA:53,6,1,0
BRDA:53,6,2,0
BRDA:66,7,0,0
BRDA:66,8,0,0
BRDA:66,8,1,0
BRDA:129,9,0,76
BRDA:149,10,0,68
BRDA:406,11,0,75
BRF:18
BRH:8
end_of_record
TN:
SF:src/core/cache-store.ts
FN:17,isExpired
FN:95,(anonymous_1)
FN:125,(anonymous_2)
FN:143,(anonymous_3)
FN:272,(anonymous_4)
FN:287,(anonymous_5)
FN:382,(anonymous_6)
FN:403,(anonymous_7)
FN:452,(anonymous_8)
FN:474,(anonymous_9)
FN:493,(anonymous_10)
FN:504,(anonymous_11)
FN:516,(anonymous_12)
FN:535,(anonymous_13)
FN:535,(anonymous_14)
FN:595,(anonymous_15)
FN:610,(anonymous_16)
FN:622,(anonymous_17)
FN:638,(anonymous_18)
FN:730,(anonymous_19)
FN:744,(anonymous_20)
FN:781,(anonymous_21)
FN:806,(anonymous_22)
FN:825,(anonymous_23)
FN:831,(anonymous_24)
FN:844,(anonymous_25)
FN:867,(anonymous_26)
FN:904,(anonymous_27)
FN:944,(anonymous_28)
FN:951,(anonymous_29)
FN:958,(anonymous_30)
FN:969,(anonymous_31)
FN:976,(anonymous_32)
FN:987,(anonymous_33)
FN:994,(anonymous_34)
FN:1005,(anonymous_35)
FN:1012,(anonymous_36)
FN:1023,(anonymous_37)
FN:1030,(anonymous_38)
FN:1041,(anonymous_39)
FN:1048,(anonymous_40)
FN:1082,(anonymous_41)
FN:1133,(anonymous_42)
FN:1150,(anonymous_43)
FN:1158,(anonymous_44)
FN:1173,(anonymous_45)
FN:1183,(anonymous_46)
FN:1205,(anonymous_47)
FN:1232,(anonymous_48)
FN:1241,(anonymous_49)
FN:1242,(anonymous_50)
FN:1255,(anonymous_51)
FN:1264,(anonymous_52)
FN:1275,(anonymous_53)
FN:1326,(anonymous_54)
FN:1353,(anonymous_55)
FN:1410,(anonymous_56)
FN:1460,(anonymous_57)
FNF:58
FNH:43
FNDA:13,isExpired
FNDA:100,(anonymous_1)
FNDA:100,(anonymous_2)
FNDA:215,(anonymous_3)
FNDA:23,(anonymous_4)
FNDA:2,(anonymous_5)
FNDA:126,(anonymous_6)
FNDA:338,(anonymous_7)
FNDA:30,(anonymous_8)
FNDA:143,(anonymous_9)
FNDA:27,(anonymous_10)
FNDA:27,(anonymous_11)
FNDA:151,(anonymous_12)
FNDA:0,(anonymous_13)
FNDA:0,(anonymous_14)
FNDA:21,(anonymous_15)
FNDA:11,(anonymous_16)
FNDA:4,(anonymous_17)
FNDA:31,(anonymous_18)
FNDA:0,(anonymous_19)
FNDA:0,(anonymous_20)
FNDA:10,(anonymous_21)
FNDA:33,(anonymous_22)
FNDA:148,(anonymous_23)
FNDA:28,(anonymous_24)
FNDA:12,(anonymous_25)
FNDA:14,(anonymous_26)
FNDA:107,(anonymous_27)
FNDA:8,(anonymous_28)
FNDA:7,(anonymous_29)
FNDA:6,(anonymous_30)
FNDA:6,(anonymous_31)
FNDA:2,(anonymous_32)
FNDA:1,(anonymous_33)
FNDA:2,(anonymous_34)
FNDA:1,(anonymous_35)
FNDA:1,(anonymous_36)
FNDA:1,(anonymous_37)
FNDA:1,(anonymous_38)
FNDA:217,(anonymous_39)
FNDA:0,(anonymous_40)
FNDA:0,(anonymous_41)
FNDA:0,(anonymous_42)
FNDA:0,(anonymous_43)
FNDA:0,(anonymous_44)
FNDA:0,(anonymous_45)
FNDA:0,(anonymous_46)
FNDA:0,(anonymous_47)
FNDA:0,(anonymous_48)
FNDA:0,(anonymous_49)
FNDA:0,(anonymous_50)
FNDA:5,(anonymous_51)
FNDA:5,(anonymous_52)
FNDA:5,(anonymous_53)
FNDA:5,(anonymous_54)
FNDA:8,(anonymous_55)
FNDA:4,(anonymous_56)
FNDA:75,(anonymous_57)
DA:1,9
DA:3,9
DA:4,9
DA:5,9
DA:6,9
DA:7,9
DA:10,9
DA:18,13
DA:20,13
DA:23,0
DA:70,9
DA:85,100
DA:87,100
DA:96,100
DA:103,100
DA:104,100
DA:105,100
DA:106,100
DA:109,100
DA:110,100
DA:113,100
DA:114,0
DA:126,100
DA:129,100
DA:130,0
DA:131,0
DA:133,0
DA:137,100
DA:160,215
DA:161,2
DA:162,2
DA:165,213
DA:166,2
DA:167,2
DA:170,211
DA:171,1
DA:172,1
DA:176,210
DA:177,210
DA:179,2
DA:180,2
DA:184,208
DA:185,8
DA:186,0
DA:187,0
DA:191,8
DA:193,8
DA:195,10
DA:196,0
DA:197,0
DA:201,10
DA:204,10
DA:205,0
DA:206,0
DA:209,10
DA:214,208
DA:215,9
DA:216,0
DA:217,0
DA:221,9
DA:223,9
DA:225,9
DA:226,0
DA:227,0
DA:231,9
DA:232,0
DA:233,0
DA:236,9
DA:240,9
DA:241,0
DA:245,0
DA:249,208
DA:251,208
DA:262,208
DA:263,208
DA:264,0
DA:265,0
DA:268,208
DA:270,208
DA:271,27
DA:272,27
DA:273,23
DA:274,23
DA:285,23
DA:286,4
DA:287,4
DA:288,2
DA:295,208
DA:297,208
DA:298,20
DA:299,20
DA:300,20
DA:301,19
DA:303,1
DA:304,1
DA:309,207
DA:310,207
DA:319,207
DA:320,207
DA:321,0
DA:322,0
DA:324,207
DA:325,207
DA:327,0
DA:328,0
DA:333,207
DA:334,207
DA:338,5
DA:339,5
DA:343,207
DA:344,207
DA:347,207
DA:348,207
DA:350,207
DA:366,207
DA:374,207
DA:375,207
DA:383,126
DA:384,126
DA:386,126
DA:387,126
DA:388,126
DA:389,126
DA:390,126
DA:392,126
DA:397,126
DA:405,338
DA:406,338
DA:407,326
DA:411,12
DA:413,12
DA:414,0
DA:417,12
DA:421,12
DA:423,12
DA:425,3
DA:429,3
DA:431,2
DA:435,2
DA:439,7
DA:440,7
DA:444,12
DA:445,5
DA:453,30
DA:454,0
DA:457,30
DA:459,30
DA:461,30
DA:462,154
DA:463,48
DA:467,30
DA:468,30
DA:475,143
DA:476,2
DA:477,2
DA:480,141
DA:482,141
DA:484,141
DA:485,17
DA:486,17
DA:487,1
DA:488,1
DA:492,16
DA:494,27
DA:495,27
DA:497,0
DA:498,0
DA:504,27
DA:506,16
DA:510,124
DA:517,151
DA:519,151
DA:520,33
DA:521,33
DA:525,118
DA:526,2
DA:529,2
DA:531,0
DA:532,0
DA:535,0
DA:536,0
DA:539,0
DA:543,0
DA:546,0
DA:555,0
DA:556,0
DA:557,0
DA:558,0
DA:560,0
DA:564,2
DA:565,2
DA:566,2
DA:570,116
DA:571,116
DA:572,116
DA:575,116
DA:584,116
DA:585,116
DA:586,0
DA:587,0
DA:589,116
DA:597,21
DA:598,5
DA:599,5
DA:600,5
DA:601,1
DA:602,1
DA:605,4
DA:607,4
DA:609,4
DA:611,11
DA:612,11
DA:614,0
DA:616,0
DA:622,4
DA:623,4
DA:624,4
DA:626,0
DA:627,0
DA:632,16
DA:639,31
DA:641,31
DA:642,2
DA:643,2
DA:646,29
DA:647,2
DA:648,2
DA:652,27
DA:653,2
DA:654,2
DA:658,25
DA:659,25
DA:661,25
DA:662,25
DA:666,25
DA:667,25
DA:669,4
DA:672,4
DA:683,4
DA:684,4
DA:687,4
DA:691,21
DA:694,21
DA:705,21
DA:714,21
DA:715,21
DA:716,0
DA:717,0
DA:719,21
DA:722,21
DA:723,8
DA:729,21
DA:730,8
DA:731,0
DA:732,0
DA:742,0
DA:743,0
DA:744,0
DA:745,0
DA:752,21
DA:760,21
DA:762,21
DA:765,4
DA:766,0
DA:769,0
DA:770,0
DA:774,4
DA:782,10
DA:783,4
DA:784,4
DA:785,4
DA:786,1
DA:787,1
DA:790,3
DA:792,3
DA:793,3
DA:794,7
DA:795,7
DA:797,3
DA:800,6
DA:807,33
DA:808,33
DA:809,2
DA:810,2
DA:813,31
DA:814,3
DA:815,3
DA:818,31
DA:819,31
DA:826,148
DA:827,148
DA:829,148
DA:831,148
DA:832,28
DA:833,0
DA:837,148
DA:838,148
DA:845,12
DA:846,4
DA:847,4
DA:849,4
DA:850,2
DA:851,2
DA:852,2
DA:853,2
DA:857,2
DA:858,2
DA:861,8
DA:868,14
DA:870,14
DA:871,3
DA:874,11
DA:875,1
DA:886,1
DA:887,1
DA:888,1
DA:890,1
DA:891,1
DA:893,1
DA:897,10
DA:898,10
DA:906,107
DA:912,107
DA:915,107
DA:917,0
DA:918,0
DA:919,0
DA:921,0
DA:925,0
DA:928,0
DA:929,0
DA:933,0
DA:934,0
DA:936,0
DA:945,8
DA:952,7
DA:959,6
DA:960,0
DA:961,0
DA:963,6
DA:970,6
DA:977,2
DA:978,0
DA:979,0
DA:981,2
DA:988,1
DA:995,2
DA:996,0
DA:997,0
DA:999,2
DA:1006,1
DA:1013,1
DA:1014,0
DA:1015,0
DA:1017,1
DA:1024,1
DA:1031,1
DA:1032,0
DA:1033,0
DA:1035,1
DA:1042,217
DA:1049,0
DA:1050,0
DA:1051,0
DA:1065,0
DA:1075,0
DA:1083,0
DA:1084,0
DA:1087,0
DA:1088,0
DA:1092,0
DA:1095,0
DA:1096,0
DA:1097,0
DA:1100,0
DA:1101,0
DA:1106,0
DA:1107,0
DA:1108,0
DA:1120,0
DA:1124,0
DA:1126,0
DA:1135,0
DA:1136,0
DA:1140,0
DA:1141,0
DA:1144,0
DA:1145,0
DA:1146,0
DA:1150,0
DA:1151,0
DA:1159,0
DA:1161,0
DA:1171,0
DA:1172,0
DA:1173,0
DA:1174,0
DA:1184,0
DA:1185,0
DA:1188,0
DA:1190,0
DA:1193,0
DA:1194,0
DA:1195,0
DA:1197,0
DA:1198,0
DA:1206,0
DA:1207,0
DA:1210,0
DA:1212,0
DA:1214,0
DA:1215,0
DA:1216,0
DA:1220,0
DA:1221,0
DA:1223,0
DA:1224,0
DA:1234,0
DA:1235,0
DA:1236,0
DA:1240,0
DA:1241,0
DA:1242,0
DA:1243,0
DA:1256,5
DA:1265,5
DA:1276,5
DA:1277,0
DA:1278,0
DA:1282,5
DA:1283,5
DA:1285,5
DA:1288,5
DA:1289,8
DA:1290,6
DA:1293,6
DA:1305,6
DA:1306,6
DA:1310,5
DA:1311,4
DA:1313,1
DA:1316,5
DA:1327,5
DA:1328,0
DA:1329,0
DA:1332,5
DA:1334,5
DA:1335,5
DA:1338,5
DA:1339,12
DA:1340,6
DA:1341,6
DA:1342,6
DA:1347,5
DA:1348,5
DA:1351,5
DA:1352,6
DA:1353,8
DA:1355,6
DA:1356,7
DA:1359,7
DA:1360,25
DA:1362,11
DA:1363,1
DA:1364,1
DA:1365,1
DA:1366,1
DA:1373,5
DA:1374,7
DA:1375,7
DA:1377,7
DA:1389,7
DA:1393,5
DA:1394,4
DA:1396,1
DA:1399,5
DA:1415,4
DA:1416,0
DA:1417,0
DA:1420,4
DA:1423,4
DA:1424,0
DA:1425,0
DA:1429,4
DA:1432,4
DA:1433,0
DA:1434,0
DA:1437,4
DA:1438,4
DA:1439,0
DA:1443,4
DA:1444,3
DA:1448,1
DA:1449,1
DA:1450,1
DA:1454,0
DA:1462,75
DA:1463,0
DA:1465,0
DA:1467,0
DA:1472,75
DA:1473,0
DA:1474,0
DA:1478,75
DA:1479,141
DA:1480,23
DA:1481,23
DA:1486,75
DA:1489,75
DA:1492,75
DA:1495,75
DA:1496,0
DA:1497,0
LF:513
LH:352
BRDA:18,0,0,13
BRDA:18,1,0,13
BRDA:18,1,1,13
BRDA:95,2,0,0
BRDA:113,3,0,0
BRDA:125,4,0,99
BRDA:129,5,0,0
BRDA:160,6,0,2
BRDA:165,7,0,2
BRDA:165,8,0,213
BRDA:165,8,1,181
BRDA:165,8,2,180
BRDA:170,9,0,1
BRDA:170,10,0,211
BRDA:170,10,1,6
BRDA:184,11,0,8
BRDA:185,12,0,0
BRDA:195,13,0,0
BRDA:195,14,0,10
BRDA:195,14,1,10
BRDA:204,15,0,0
BRDA:214,16,0,9
BRDA:215,17,0,0
BRDA:225,18,0,0
BRDA:225,19,0,9
BRDA:225,19,1,9
BRDA:231,20,0,0
BRDA:240,21,0,0
BRDA:257,22,0,208
BRDA:257,22,1,8
BRDA:258,23,0,208
BRDA:258,23,1,9
BRDA:263,24,0,0
BRDA:270,25,0,27
BRDA:278,26,0,23
BRDA:278,26,1,4
BRDA:285,27,0,4
BRDA:285,28,0,23
BRDA:285,28,1,9
BRDA:297,29,0,20
BRDA:297,30,0,208
BRDA:297,30,1,20
BRDA:320,31,0,0
BRDA:333,32,0,207
BRDA:333,32,1,0
BRDA:334,33,0,5
BRDA:334,34,0,207
BRDA:334,34,1,7
BRDA:334,34,2,7
BRDA:343,35,0,1
BRDA:343,35,1,206
BRDA:344,36,0,1
BRDA:344,36,1,206
BRDA:347,37,0,8
BRDA:347,37,1,199
BRDA:347,38,0,199
BRDA:347,38,1,198
BRDA:348,39,0,9
BRDA:348,39,1,198
BRDA:348,40,0,198
BRDA:348,40,1,197
BRDA:351,41,0,207
BRDA:351,41,1,0
BRDA:355,42,0,207
BRDA:355,42,1,180
BRDA:384,43,0,126
BRDA:405,44,0,338
BRDA:405,44,1,0
BRDA:406,45,0,326
BRDA:406,46,0,338
BRDA:406,46,1,333
BRDA:411,47,0,12
BRDA:411,47,1,7
BRDA:413,48,0,0
BRDA:423,49,0,3
BRDA:423,49,1,2
BRDA:423,49,2,7
BRDA:423,49,3,7
BRDA:453,50,0,0
BRDA:454,51,0,0
BRDA:454,51,1,0
BRDA:462,52,0,48
BRDA:475,53,0,2
BRDA:484,54,0,17
BRDA:486,55,0,1
BRDA:506,56,0,16
BRDA:506,56,1,0
BRDA:519,57,0,33
BRDA:525,58,0,2
BRDA:525,59,0,118
BRDA:525,59,1,11
BRDA:529,60,0,0
BRDA:529,61,0,2
BRDA:529,61,1,0
BRDA:531,62,0,0
BRDA:531,62,1,0
BRDA:556,63,0,0
BRDA:585,64,0,0
BRDA:597,65,0,5
BRDA:600,66,0,1
BRDA:623,67,0,4
BRDA:623,67,1,0
BRDA:641,68,0,2
BRDA:646,69,0,2
BRDA:652,70,0,2
BRDA:715,71,0,0
BRDA:722,72,0,8
BRDA:729,73,0,8
BRDA:742,74,0,0
BRDA:765,75,0,0
BRDA:765,76,0,4
BRDA:765,76,1,4
BRDA:782,77,0,4
BRDA:785,78,0,1
BRDA:795,79,0,7
BRDA:795,79,1,3
BRDA:808,80,0,2
BRDA:813,81,0,3
BRDA:832,82,0,0
BRDA:845,83,0,4
BRDA:851,84,0,2
BRDA:870,85,0,3
BRDA:874,86,0,1
BRDA:874,87,0,11
BRDA:874,87,1,2
BRDA:886,88,0,1
BRDA:915,89,0,0
BRDA:917,90,0,0
BRDA:925,91,0,0
BRDA:925,91,1,0
BRDA:928,92,0,0
BRDA:959,93,0,0
BRDA:977,94,0,0
BRDA:995,95,0,0
BRDA:1013,96,0,0
BRDA:1031,97,0,0
BRDA:1061,98,0,0
BRDA:1061,98,1,0
BRDA:1087,99,0,0
BRDA:1095,100,0,0
BRDA:1096,101,0,0
BRDA:1100,102,0,0
BRDA:1106,103,0,0
BRDA:1126,104,0,0
BRDA:1126,104,1,0
BRDA:1135,105,0,0
BRDA:1144,106,0,0
BRDA:1171,107,0,0
BRDA:1171,108,0,0
BRDA:1171,108,1,0
BRDA:1184,109,0,0
BRDA:1206,110,0,0
BRDA:1214,111,0,0
BRDA:1234,112,0,0
BRDA:1240,113,0,0
BRDA:1240,114,0,0
BRDA:1240,114,1,0
BRDA:1276,115,0,0
BRDA:1276,116,0,5
BRDA:1276,116,1,5
BRDA:1289,117,0,6
BRDA:1289,118,0,8
BRDA:1289,118,1,8
BRDA:1310,119,0,4
BRDA:1310,119,1,1
BRDA:1327,120,0,0
BRDA:1327,121,0,5
BRDA:1327,121,1,5
BRDA:1339,122,0,6
BRDA:1339,123,0,12
BRDA:1339,123,1,12
BRDA:1360,124,0,14
BRDA:1362,125,0,1
BRDA:1362,126,0,11
BRDA:1362,126,1,11
BRDA:1375,127,0,7
BRDA:1393,128,0,4
BRDA:1393,128,1,1
BRDA:1413,129,0,3
BRDA:1415,130,0,0
BRDA:1415,131,0,4
BRDA:1415,131,1,4
BRDA:1415,131,2,4
BRDA:1415,131,3,4
BRDA:1423,132,0,0
BRDA:1432,133,0,0
BRDA:1438,134,0,0
BRDA:1438,135,0,4
BRDA:1438,135,1,4
BRDA:1438,135,2,4
BRDA:1443,136,0,3
BRDA:1449,137,0,1
BRDA:1462,138,0,0
BRDA:1472,139,0,0
BRDA:1479,140,0,23
BRDA:1495,141,0,0
BRF:196
BRH:125
end_of_record
TN:
SF:src/core/event-system.ts
FN:36,(anonymous_0)
FN:51,(anonymous_1)
FN:71,(anonymous_2)
FN:105,(anonymous_3)
FN:119,(anonymous_4)
FN:131,(anonymous_5)
FN:145,(anonymous_6)
FN:157,(anonymous_7)
FN:171,(anonymous_8)
FN:183,(anonymous_9)
FN:197,(anonymous_10)
FN:209,(anonymous_11)
FN:223,(anonymous_12)
FN:239,(anonymous_13)
FN:276,(anonymous_14)
FN:282,(anonymous_15)
FN:313,(anonymous_16)
FN:366,(anonymous_17)
FN:373,(anonymous_18)
FNF:19
FNH:19
FNDA:119,(anonymous_0)
FNDA:147,(anonymous_1)
FNDA:89,(anonymous_2)
FNDA:10,(anonymous_3)
FNDA:11,(anonymous_4)
FNDA:8,(anonymous_5)
FNDA:2,(anonymous_6)
FNDA:2,(anonymous_7)
FNDA:2,(anonymous_8)
FNDA:4,(anonymous_9)
FNDA:5,(anonymous_10)
FNDA:3,(anonymous_11)
FNDA:4,(anonymous_12)
FNDA:241,(anonymous_13)
FNDA:23,(anonymous_14)
FNDA:22,(anonymous_15)
FNDA:5,(anonymous_16)
FNDA:3,(anonymous_17)
FNDA:2,(anonymous_18)
DA:1,9
DA:2,9
DA:6,9
DA:17,9
DA:37,119
DA:38,119
DA:39,119
DA:40,119
DA:53,147
DA:54,30
DA:56,30
DA:57,30
DA:58,30
DA:61,117
DA:72,89
DA:82,89
DA:85,89
DA:88,89
DA:89,89
DA:90,89
DA:93,89
DA:94,89
DA:95,89
DA:96,89
DA:106,10
DA:107,10
DA:108,10
DA:120,11
DA:121,10
DA:122,10
DA:132,8
DA:133,8
DA:134,8
DA:146,2
DA:147,2
DA:148,2
DA:158,2
DA:159,2
DA:160,2
DA:172,2
DA:173,2
DA:174,2
DA:184,4
DA:185,4
DA:186,4
DA:198,5
DA:199,5
DA:200,5
DA:210,3
DA:211,3
DA:212,3
DA:224,4
DA:225,4
DA:226,4
DA:243,241
DA:244,232
DA:245,232
DA:246,232
DA:247,232
DA:250,9
DA:251,1
DA:254,8
DA:255,5
DA:256,5
DA:259,3
DA:260,3
DA:261,3
DA:264,0
DA:277,23
DA:279,23
DA:280,11
DA:282,11
DA:283,22
DA:284,16
DA:285,16
DA:290,11
DA:293,11
DA:299,12
DA:300,12
DA:314,5
DA:316,5
DA:317,2
DA:319,2
DA:320,2
DA:321,3
DA:322,0
DA:323,0
DA:324,0
DA:325,0
DA:326,0
DA:327,0
DA:333,2
DA:334,2
DA:335,2
DA:336,3
DA:340,2
DA:341,2
DA:343,1
DA:346,2
DA:347,2
DA:348,2
DA:350,2
DA:352,3
DA:353,3
DA:354,3
DA:356,5
DA:367,3
DA:368,3
DA:369,3
DA:372,3
DA:373,3
DA:374,2
DA:378,0
DA:379,0
DA:380,0
DA:383,3
DA:386,3
DA:387,3
DA:388,3
DA:389,0
DA:391,0
DA:393,0
DA:396,3
DA:397,3
DA:399,3
DA:401,3
DA:402,3
LF:127
LH:114
BRDA:53,0,0,30
BRDA:53,1,0,147
BRDA:53,1,1,147
BRDA:57,2,0,30
BRDA:120,3,0,1
BRDA:146,4,0,0
BRDA:172,5,0,0
BRDA:198,6,0,0
BRDA:224,7,0,0
BRDA:243,8,0,232
BRDA:250,9,0,1
BRDA:250,10,0,9
BRDA:250,10,1,6
BRDA:254,11,0,5
BRDA:254,12,0,8
BRDA:254,12,1,8
BRDA:259,13,0,3
BRDA:279,14,0,11
BRDA:279,14,1,12
BRDA:283,15,0,16
BRDA:316,16,0,2
BRDA:316,16,1,3
BRDA:321,17,0,0
BRDA:321,18,0,3
BRDA:321,18,1,3
BRDA:323,19,0,0
BRDA:336,20,0,2
BRDA:336,20,1,1
BRDA:337,21,0,3
BRDA:337,21,1,2
BRDA:374,22,0,0
BRDA:375,23,0,2
BRDA:375,23,1,2
BRDA:389,24,0,0
BRDA:389,24,1,0
BRF:35
BRH:26
end_of_record
TN:
SF:src/core/middleware-manager.ts
FN:18,(anonymous_0)
FN:29,(anonymous_1)
FN:40,(anonymous_2)
FN:53,(anonymous_3)
FN:70,(anonymous_4)
FNF:5
FNH:5
FNDA:100,(anonymous_0)
FNDA:5,(anonymous_1)
FNDA:5,(anonymous_2)
FNDA:344,(anonymous_3)
FNDA:8,(anonymous_4)
DA:8,9
DA:9,100
DA:19,100
DA:30,5
DA:31,5
DA:32,5
DA:41,5
DA:42,5
DA:43,5
DA:54,344
DA:56,344
DA:57,338
DA:58,338
DA:62,6
DA:64,6
DA:66,6
DA:67,6
DA:70,6
DA:71,8
DA:72,8
DA:74,6
DA:77,2
DA:81,6
DA:83,6
DA:84,6
DA:86,0
DA:87,0
LF:27
LH:25
BRDA:56,0,0,338
BRDA:72,1,0,6
BRF:2
BRH:2
end_of_record
TN:
SF:src/core/utils.ts
FN:21,(anonymous_0)
FN:42,(anonymous_1)
FN:63,(anonymous_2)
FN:69,(anonymous_3)
FN:98,(anonymous_4)
FN:131,(anonymous_5)
FN:169,normalizeTag
FN:179,normalizeTags
FNF:8
FNH:8
FNDA:3,(anonymous_0)
FNDA:221,(anonymous_1)
FNDA:199,(anonymous_2)
FNDA:41,(anonymous_3)
FNDA:4,(anonymous_4)
FNDA:7,(anonymous_5)
FNDA:25,normalizeTag
FNDA:8,normalizeTags
DA:8,9
DA:21,9
DA:22,3
DA:23,2
DA:42,9
DA:43,221
DA:45,5
DA:63,9
DA:64,199
DA:65,2
DA:69,197
DA:71,41
DA:76,41
DA:77,41
DA:78,41
DA:81,197
DA:98,9
DA:99,4
DA:100,2
DA:103,2
DA:104,2
DA:105,7
DA:106,5
DA:109,2
DA:131,9
DA:133,7
DA:136,6
DA:137,1
DA:141,5
DA:142,1
DA:145,4
DA:146,1
DA:150,3
DA:151,2
DA:152,1
DA:155,1
DA:156,1
DA:169,9
DA:170,25
DA:179,9
DA:180,8
LF:41
LH:41
BRDA:22,0,0,1
BRDA:43,1,0,5
BRDA:43,2,0,221
BRDA:43,2,1,34
BRDA:64,3,0,2
BRDA:69,4,0,197
BRDA:69,4,1,41
BRDA:99,5,0,2
BRDA:100,6,0,1
BRDA:100,6,1,1
BRDA:105,7,0,5
BRDA:136,8,0,1
BRDA:136,9,0,6
BRDA:136,9,1,1
BRDA:141,10,0,1
BRDA:141,11,0,5
BRDA:141,11,1,4
BRDA:145,12,0,1
BRDA:145,13,0,4
BRDA:145,13,1,3
BRDA:150,14,0,2
BRDA:151,15,0,1
BRDA:155,16,0,1
BRF:23
BRH:23
end_of_record
TN:
SF:src/logging/logger.ts
FN:9,(anonymous_0)
FN:16,(anonymous_1)
FN:26,(anonymous_2)
FNF:3
FNH:3
FNDA:130,(anonymous_0)
FNDA:112,(anonymous_1)
FNDA:2860,(anonymous_2)
DA:6,9
DA:10,130
DA:17,112
DA:27,2860
DA:30,50
DA:32,50
DA:33,50
DA:35,50
DA:36,50
DA:37,15
DA:39,35
LF:11
LH:11
BRDA:27,0,0,2810
BRDA:30,1,0,0
BRDA:36,2,0,15
BRDA:36,2,1,35
BRF:4
BRH:3
end_of_record
TN:
SF:src/policies/eviction-policies.ts
FN:10,(anonymous_0)
FN:25,(anonymous_1)
FN:35,(anonymous_2)
FN:39,(anonymous_3)
FN:62,(anonymous_4)
FN:75,(anonymous_5)
FN:79,(anonymous_6)
FN:94,(anonymous_7)
FNF:8
FNH:7
FNDA:206,(anonymous_0)
FNDA:0,(anonymous_1)
FNDA:7,(anonymous_2)
FNDA:22,(anonymous_3)
FNDA:10,(anonymous_4)
FNDA:6,(anonymous_5)
FNDA:23,(anonymous_6)
FNDA:9,(anonymous_7)
DA:7,9
DA:11,206
DA:26,0
DA:34,9
DA:36,7
DA:39,7
DA:40,22
DA:41,22
DA:44,22
DA:45,8
DA:47,14
DA:48,1
DA:52,13
DA:54,4
DA:58,9
DA:62,10
DA:64,7
DA:66,7
DA:74,9
DA:76,6
DA:79,6
DA:80,23
DA:81,23
DA:84,23
DA:85,19
DA:90,4
DA:94,9
DA:96,6
DA:98,6
LF:29
LH:28
BRDA:44,0,0,8
BRDA:44,1,0,22
BRDA:44,1,1,9
BRDA:47,2,0,1
BRDA:47,3,0,14
BRDA:47,3,1,13
BRDA:52,4,0,4
BRDA:84,5,0,19
BRF:8
BRH:8
end_of_record
TN:
SF:src/storage/filesystem-adapter.ts
FN:20,(anonymous_0)
FN:49,(anonymous_1)
FN:59,(anonymous_2)
FN:77,(anonymous_3)
FN:104,(anonymous_4)
FNF:5
FNH:5
FNDA:3,(anonymous_0)
FNDA:7,(anonymous_1)
FNDA:2,(anonymous_2)
FNDA:3,(anonymous_3)
FNDA:2,(anonymous_4)
DA:7,9
DA:10,3
DA:12,3
DA:14,3
DA:21,3
DA:24,3
DA:25,0
DA:28,3
DA:30,3
DA:31,3
DA:34,3
DA:35,3
DA:38,0
DA:41,0
DA:50,7
DA:51,0
DA:60,2
DA:62,2
DA:63,2
DA:65,1
DA:78,3
DA:80,3
DA:82,3
DA:83,3
DA:86,2
DA:90,1
DA:91,1
DA:93,0
DA:105,2
DA:107,2
DA:109,2
DA:110,2
DA:111,1
DA:116,0
LF:34
LH:28
BRDA:21,0,0,3
BRDA:21,0,1,3
BRDA:24,1,0,0
BRDA:24,2,0,3
BRDA:24,2,1,3
BRDA:24,2,2,3
BRDA:34,3,0,3
BRDA:34,3,1,0
BRDA:41,4,0,0
BRDA:41,4,1,0
BRDA:50,5,0,0
BRDA:67,6,0,0
BRDA:67,6,1,1
BRDA:95,7,0,0
BRDA:95,7,1,0
BRDA:118,8,0,0
BRDA:118,8,1,0
BRF:17
BRH:7
end_of_record
TN:
SF:src/storage/index.ts
FNF:0
FNH:0
DA:4,9
DA:5,9
DA:6,9
LF:3
LH:3
BRF:0
BRH:0
end_of_record
TN:
SF:src/storage/indexed-db-adapter.ts
FN:24,(anonymous_0)
FN:35,(anonymous_1)
FN:44,(anonymous_2)
FN:58,(anonymous_3)
FN:62,(anonymous_4)
FN:67,(anonymous_5)
FN:77,(anonymous_6)
FN:83,(anonymous_7)
FN:88,(anonymous_8)
FN:94,(anonymous_9)
FN:106,(anonymous_10)
FN:121,(anonymous_11)
FN:125,(anonymous_12)
FN:132,(anonymous_13)
FN:133,(anonymous_14)
FN:140,(anonymous_15)
FN:147,(anonymous_16)
FN:162,(anonymous_17)
FN:166,(anonymous_18)
FN:173,(anonymous_19)
FN:182,(anonymous_20)
FN:185,(anonymous_21)
FN:190,(anonymous_22)
FN:202,(anonymous_23)
FN:206,(anonymous_24)
FN:213,(anonymous_25)
FN:214,(anonymous_26)
FN:217,(anonymous_27)
FN:222,(anonymous_28)
FN:235,(anonymous_29)
FN:243,(anonymous_30)
FN:247,(anonymous_31)
FN:251,(anonymous_32)
FNF:33
FNH:0
FNDA:0,(anonymous_0)
FNDA:0,(anonymous_1)
FNDA:0,(anonymous_2)
FNDA:0,(anonymous_3)
FNDA:0,(anonymous_4)
FNDA:0,(anonymous_5)
FNDA:0,(anonymous_6)
FNDA:0,(anonymous_7)
FNDA:0,(anonymous_8)
FNDA:0,(anonymous_9)
FNDA:0,(anonymous_10)
FNDA:0,(anonymous_11)
FNDA:0,(anonymous_12)
FNDA:0,(anonymous_13)
FNDA:0,(anonymous_14)
FNDA:0,(anonymous_15)
FNDA:0,(anonymous_16)
FNDA:0,(anonymous_17)
FNDA:0,(anonymous_18)
FNDA:0,(anonymous_19)
FNDA:0,(anonymous_20)
FNDA:0,(anonymous_21)
FNDA:0,(anonymous_22)
FNDA:0,(anonymous_23)
FNDA:0,(anonymous_24)
FNDA:0,(anonymous_25)
FNDA:0,(anonymous_26)
FNDA:0,(anonymous_27)
FNDA:0,(anonymous_28)
FNDA:0,(anonymous_29)
FNDA:0,(anonymous_30)
FNDA:0,(anonymous_31)
FNDA:0,(anonymous_32)
DA:7,9
DA:10,0
DA:12,0
DA:14,0
DA:16,0
DA:18,0
DA:25,0
DA:28,0
DA:36,0
DA:37,0
DA:46,0
DA:47,0
DA:50,0
DA:51,0
DA:55,0
DA:58,0
DA:59,0
DA:62,0
DA:63,0
DA:67,0
DA:68,0
DA:71,0
DA:72,0
DA:77,0
DA:78,0
DA:79,0
DA:83,0
DA:84,0
DA:85,0
DA:88,0
DA:89,0
DA:90,0
DA:94,0
DA:95,0
DA:96,0
DA:97,0
DA:98,0
DA:102,0
DA:106,0
DA:107,0
DA:108,0
DA:109,0
DA:110,0
DA:114,0
DA:122,0
DA:123,0
DA:125,0
DA:126,0
DA:127,0
DA:130,0
DA:132,0
DA:133,0
DA:134,0
DA:135,0
DA:136,0
DA:140,0
DA:141,0
DA:142,0
DA:143,0
DA:147,0
DA:148,0
DA:149,0
DA:150,0
DA:154,0
DA:163,0
DA:164,0
DA:166,0
DA:167,0
DA:168,0
DA:171,0
DA:173,0
DA:175,0
DA:176,0
DA:178,0
DA:182,0
DA:185,0
DA:186,0
DA:190,0
DA:191,0
DA:195,0
DA:203,0
DA:204,0
DA:206,0
DA:207,0
DA:208,0
DA:211,0
DA:213,0
DA:214,0
DA:217,0
DA:218,0
DA:222,0
DA:223,0
DA:227,0
DA:236,0
DA:237,0
DA:238,0
DA:239,0
LF:97
LH:1
BRDA:25,0,0,0
BRDA:25,0,1,0
BRDA:36,1,0,0
BRDA:36,2,0,0
BRDA:36,2,1,0
BRDA:46,3,0,0
BRDA:50,4,0,0
BRDA:71,5,0,0
BRDA:95,6,0,0
BRDA:108,7,0,0
BRDA:108,7,1,0
BRDA:134,8,0,0
BRDA:134,8,1,0
BRDA:141,9,0,0
BRDA:141,9,1,0
BRDA:148,10,0,0
BRDA:148,10,1,0
BRDA:154,11,0,0
BRDA:154,11,1,0
BRDA:175,12,0,0
BRDA:175,12,1,0
BRDA:182,13,0,0
BRDA:182,13,1,0
BRDA:186,14,0,0
BRDA:186,14,1,0
BRDA:191,15,0,0
BRDA:191,15,1,0
BRDA:195,16,0,0
BRDA:195,16,1,0
BRDA:214,17,0,0
BRDA:214,17,1,0
BRDA:218,18,0,0
BRDA:218,18,1,0
BRDA:223,19,0,0
BRDA:223,19,1,0
BRDA:227,20,0,0
BRDA:227,20,1,0
BRDA:236,21,0,0
BRF:38
BRH:0
end_of_record
TN:
SF:src/storage/local-storage-adapter.ts
FN:14,(anonymous_0)
FN:22,(anonymous_1)
FN:34,(anonymous_2)
FN:53,(anonymous_3)
FN:62,(anonymous_4)
FNF:5
FNH:0
FNDA:0,(anonymous_0)
FNDA:0,(anonymous_1)
FNDA:0,(anonymous_2)
FNDA:0,(anonymous_3)
FNDA:0,(anonymous_4)
DA:7,9
DA:15,0
DA:23,0
DA:24,0
DA:35,0
DA:37,0
DA:38,0
DA:41,0
DA:54,0
DA:56,0
DA:63,0
DA:65,0
LF:12
LH:1
BRDA:15,0,0,0
BRDA:15,0,1,0
BRDA:23,1,0,0
BRDA:23,2,0,0
BRDA:23,2,1,0
BRDA:43,3,0,0
BRDA:43,3,1,0
BRF:7
BRH:0
end_of_record
TN:
SF:src/types/cache-config.ts
FN:6,(anonymous_0)
FNF:1
FNH:1
FNDA:9,(anonymous_0)
DA:6,9
DA:8,9
DA:10,9
DA:12,9
LF:4
LH:4
BRDA:6,0,0,9
BRDA:6,0,1,9
BRF:2
BRH:2
end_of_record
TN:
SF:src/types/events.ts
FNF:0
FNH:0
DA:9,9
LF:1
LH:1
BRF:0
BRH:0
end_of_record
